#! c:/iverilog-x64/bin/vvp
:ivl_version "10.1 (stable)" "(v10_1_1)";
:ivl_delay_selection "TYPICAL";
:vpi_time_precision - 12;
:vpi_module "system";
:vpi_module "vhdl_sys";
:vpi_module "v2005_math";
:vpi_module "va_math";
S_0000000001090220 .scope module, "TestBench" "TestBench" 2 15;
 .timescale -9 -12;
v0000000002c86f20_0 .var "CLK", 0 0;
v0000000002c86d40_0 .var "RST", 0 0;
v0000000002c85f80_0 .var/i "count", 31 0;
S_00000000010619c0 .scope module, "cpu" "Pipe_CPU_1" 2 25, 3 11 0, S_0000000001090220;
 .timescale -9 -12;
    .port_info 0 /INPUT 1 "clk_i"
    .port_info 1 /INPUT 1 "rst_i"
L_00000000010bd2e0 .functor BUFZ 32, L_0000000002ce24b0, C4<00000000000000000000000000000000>, C4<00000000000000000000000000000000>, C4<00000000000000000000000000000000>;
L_00000000010bd350 .functor AND 1, L_0000000002ce3c70, L_0000000002ce3130, C4<1>, C4<1>;
v0000000002c7ab50_0 .net "ALUCtrl", 3 0, v0000000002be7150_0;  1 drivers
v0000000002c7c9f0_0 .net "ALUOp_EX", 2 0, L_0000000002ce1970;  1 drivers
v0000000002c7a790_0 .net "ALUOp_ID", 2 0, L_0000000002ce2d70;  1 drivers
v0000000002c7c950_0 .net "ALUSrc_EX", 0 0, L_0000000002ce0930;  1 drivers
v0000000002c7af10_0 .net "ALUSrc_ID", 0 0, L_00000000010bd200;  1 drivers
v0000000002c7bd70_0 .net "ALUZero_EX", 0 0, L_0000000002ce3630;  1 drivers
v0000000002c7ca90_0 .net "ALUZero_MEM", 0 0, L_0000000002ce3e50;  1 drivers
v0000000002c7cbd0_0 .net "BranchType_EX", 0 0, L_0000000002ce27d0;  1 drivers
v0000000002c7cc70_0 .net "BranchType_ID", 0 0, L_0000000002ce15b0;  1 drivers
v0000000002c7b870_0 .net "BranchType_MEM", 0 0, L_0000000002ce3db0;  1 drivers
v0000000002c7bc30_0 .net "Branch_EX", 0 0, L_0000000002ce1d30;  1 drivers
v0000000002c7bcd0_0 .net "Branch_ID", 0 0, L_00000000010bdf20;  1 drivers
v0000000002c7abf0_0 .net "Branch_MEM", 0 0, L_0000000002ce3c70;  1 drivers
v0000000002c7be10_0 .net "EXCtrlsToMEM", 3 0, L_0000000002ce3d10;  1 drivers
v0000000002c7cd10_0 .net "EXCtrlsToWB", 1 0, L_0000000002ce4210;  1 drivers
v0000000002c7cdb0_0 .net "EXFlush", 0 0, v0000000002c79df0_0;  1 drivers
v0000000002c7a830_0 .net "Forward1", 1 0, v0000000002c77840_0;  1 drivers
v0000000002c7a970_0 .net "Forward2", 1 0, v0000000002c778e0_0;  1 drivers
v0000000002c7ac90_0 .net "IDCtrls", 10 0, L_0000000002ce1790;  1 drivers
v0000000002c7add0_0 .net "IDFlush", 0 0, v0000000002c79e90_0;  1 drivers
v0000000002c7b410_0 .net "IFCtrls", 63 0, L_0000000002c859e0;  1 drivers
v0000000002c7afb0_0 .net "IFCtrls_maybeFlushed", 63 0, L_0000000002c85580;  1 drivers
v0000000002c7b2d0_0 .net "IFIDWrite", 0 0, v0000000002c79350_0;  1 drivers
v0000000002c7b050_0 .net "MEMFlush", 0 0, v0000000002c78c70_0;  1 drivers
v0000000002c7b0f0_0 .net "MemRead_EX", 0 0, L_0000000002ce0f70;  1 drivers
v0000000002c7b190_0 .net "MemRead_ID", 0 0, L_0000000002c85bc0;  1 drivers
v0000000002c7b230_0 .net "MemRead_MEM", 0 0, L_0000000002ce3950;  1 drivers
v0000000002c7b730_0 .net "MemToReg_EX", 0 0, L_0000000002ce0e30;  1 drivers
v0000000002c7b4b0_0 .net "MemToReg_ID", 0 0, L_0000000002ce13d0;  1 drivers
v0000000002c7b550_0 .net "MemToReg_MEM", 0 0, L_0000000002ce45d0;  1 drivers
v0000000002c7b7d0_0 .net "MemToReg_WB", 0 0, L_0000000002ce9990;  1 drivers
v0000000002c7b5f0_0 .net "MemWrite_EX", 0 0, L_0000000002ce1830;  1 drivers
v0000000002c87d80_0 .net "MemWrite_ID", 0 0, L_0000000002c86840;  1 drivers
v0000000002c87380_0 .net "MemWrite_MEM", 0 0, L_0000000002ce3270;  1 drivers
v0000000002c86fc0_0 .net "PCSrc", 0 0, L_00000000010bd350;  1 drivers
v0000000002c881e0_0 .net "PCWrite", 0 0, v0000000002c7a110_0;  1 drivers
v0000000002c88280_0 .net "RegDst_EX", 0 0, L_0000000002ce18d0;  1 drivers
v0000000002c87ec0_0 .net "RegDst_ID", 0 0, L_0000000002c868e0;  1 drivers
v0000000002c87c40_0 .net "RegWrite_EX", 0 0, L_0000000002ce0a70;  1 drivers
v0000000002c88640_0 .net "RegWrite_ID", 0 0, L_00000000010bdf90;  1 drivers
v0000000002c87060_0 .net "RegWrite_MEM", 0 0, L_0000000002ce4030;  1 drivers
v0000000002c876a0_0 .net "RegWrite_WB", 0 0, L_0000000002ce9030;  1 drivers
v0000000002c883c0_0 .net *"_s74", 31 0, L_0000000002ce42b0;  1 drivers
L_0000000002c89660 .functor BUFT 1, C4<0000000000000000000000000000000>, C4<0>, C4<0>, C4<0>;
v0000000002c87100_0 .net *"_s77", 30 0, L_0000000002c89660;  1 drivers
L_0000000002c896a8 .functor BUFT 1, C4<00000000000000000000000000000001>, C4<0>, C4<0>, C4<0>;
v0000000002c87740_0 .net/2u *"_s78", 31 0, L_0000000002c896a8;  1 drivers
v0000000002c88320_0 .net *"_s80", 0 0, L_0000000002ce43f0;  1 drivers
v0000000002c88460_0 .net *"_s83", 0 0, L_0000000002ce3a90;  1 drivers
v0000000002c88140_0 .net *"_s84", 0 0, L_0000000002ce3130;  1 drivers
v0000000002c87880_0 .net "aluOperand1", 31 0, L_00000000010bd2e0;  1 drivers
v0000000002c87e20_0 .net "aluOperand2", 31 0, L_0000000002ce36d0;  1 drivers
v0000000002c871a0_0 .net "aluResult_EX", 31 0, v0000000002be5fd0_0;  1 drivers
v0000000002c87240_0 .net "aluResult_MEM", 31 0, L_0000000002ce4350;  1 drivers
v0000000002c88500_0 .net "aluResult_WB", 31 0, L_0000000002ce98f0;  1 drivers
v0000000002c872e0_0 .net "branchTarget_EX", 31 0, L_0000000002ce1150;  1 drivers
v0000000002c885a0_0 .net "branchTarget_MEM", 31 0, L_0000000002ce39f0;  1 drivers
v0000000002c877e0_0 .net "clk_i", 0 0, v0000000002c86f20_0;  1 drivers
v0000000002c87420_0 .net "forwardData1", 31 0, L_0000000002ce24b0;  1 drivers
v0000000002c874c0_0 .net "forwardData2", 31 0, L_0000000002ce3450;  1 drivers
v0000000002c87a60_0 .net "immediate_EX", 31 0, L_0000000002ce1a10;  1 drivers
v0000000002c87560_0 .net "immediate_ID", 31 0, L_0000000002ce0bb0;  1 drivers
v0000000002c87600_0 .net "instrOp", 5 0, L_0000000002c86660;  1 drivers
v0000000002c87ce0_0 .net "instruction_ID", 31 0, L_0000000002c851c0;  1 drivers
v0000000002c87f60_0 .net "instruction_IF", 31 0, L_00000000010bd190;  1 drivers
v0000000002c879c0_0 .net "memReadData_MEM", 31 0, v0000000002c74c50_0;  1 drivers
v0000000002c88000_0 .net "memReadData_WB", 31 0, L_0000000002ce9c10;  1 drivers
v0000000002c87920_0 .net "pc", 31 0, v0000000002c7e2f0_0;  1 drivers
v0000000002c87b00_0 .net "pcNext", 31 0, L_0000000002c84d60;  1 drivers
v0000000002c87ba0_0 .net "pcNext_maybeStalled", 31 0, L_0000000002c849a0;  1 drivers
v0000000002c880a0_0 .net "pcPlus4_EX", 31 0, L_0000000002ce1b50;  1 drivers
v0000000002c85940_0 .net "pcPlus4_ID", 31 0, L_0000000002c86de0;  1 drivers
v0000000002c84900_0 .net "pcPlus4_IF", 31 0, L_0000000002c85080;  1 drivers
v0000000002c85a80_0 .net "rd_EX", 4 0, L_0000000002ce1bf0;  1 drivers
v0000000002c84e00_0 .net "rd_ID", 4 0, L_0000000002c86e80;  1 drivers
v0000000002c84f40_0 .net "readData1_EX", 31 0, L_0000000002ce1010;  1 drivers
v0000000002c86520_0 .net "readData1_ID", 31 0, L_0000000002c85b20;  1 drivers
v0000000002c856c0_0 .net "readData2_EX", 31 0, L_0000000002ce10b0;  1 drivers
v0000000002c867a0_0 .net "readData2_ID", 31 0, L_0000000002c85620;  1 drivers
v0000000002c86ca0_0 .net "readData2_MEM", 31 0, L_0000000002ce3f90;  1 drivers
v0000000002c85300_0 .net "rs_EX", 4 0, L_0000000002ce25f0;  1 drivers
v0000000002c84fe0_0 .net "rs_ID", 4 0, L_0000000002c84ae0;  1 drivers
v0000000002c85da0_0 .net "rst_i", 0 0, v0000000002c86d40_0;  1 drivers
v0000000002c84ea0_0 .net "rt_EX", 4 0, L_0000000002ce09d0;  1 drivers
v0000000002c84cc0_0 .net "rt_ID", 4 0, L_0000000002c862a0;  1 drivers
v0000000002c86a20_0 .net "shiftLeftTwo", 31 0, L_0000000002ce0b10;  1 drivers
v0000000002c865c0_0 .net "writeData", 31 0, L_0000000002ce9cb0;  1 drivers
v0000000002c84a40_0 .net "writeReg_EX", 4 0, L_0000000002ce2ff0;  1 drivers
v0000000002c85ee0_0 .net "writeReg_MEM", 4 0, L_0000000002ce3ef0;  1 drivers
v0000000002c86160_0 .net "writeReg_WB", 4 0, L_0000000002ce9710;  1 drivers
L_0000000002c86200 .concat [ 32 32 0 0], L_0000000002c851c0, L_0000000002c86de0;
L_0000000002c854e0 .concat [ 32 32 0 0], L_00000000010bd190, L_0000000002c85080;
L_0000000002c86de0 .part v0000000002c7a2f0_0, 32, 32;
L_0000000002c851c0 .part v0000000002c7a2f0_0, 0, 32;
L_0000000002c86660 .part L_0000000002c851c0, 26, 6;
L_0000000002c84ae0 .part L_0000000002c851c0, 21, 5;
L_0000000002c862a0 .part L_0000000002c851c0, 16, 5;
L_0000000002c86e80 .part L_0000000002c851c0, 11, 5;
L_0000000002ce1fb0 .part L_0000000002c851c0, 0, 16;
LS_0000000002ce1f10_0_0 .concat [ 1 3 1 1], L_00000000010bd200, L_0000000002ce2d70, L_0000000002c868e0, L_0000000002c85bc0;
LS_0000000002ce1f10_0_4 .concat [ 1 1 1 1], L_0000000002c86840, L_0000000002ce15b0, L_00000000010bdf20, L_0000000002ce13d0;
LS_0000000002ce1f10_0_8 .concat [ 1 0 0 0], L_00000000010bdf90;
L_0000000002ce1f10 .concat [ 6 4 1 0], LS_0000000002ce1f10_0_0, LS_0000000002ce1f10_0_4, LS_0000000002ce1f10_0_8;
LS_0000000002ce2230_0_0 .concat [ 5 5 5 32], L_0000000002c86e80, L_0000000002c862a0, L_0000000002c84ae0, L_0000000002ce0bb0;
LS_0000000002ce2230_0_4 .concat [ 32 32 32 11], L_0000000002c85620, L_0000000002c85b20, L_0000000002c86de0, L_0000000002ce1790;
L_0000000002ce2230 .concat [ 47 107 0 0], LS_0000000002ce2230_0_0, LS_0000000002ce2230_0_4;
L_0000000002ce0a70 .part v0000000002c7a1b0_0, 153, 1;
L_0000000002ce0e30 .part v0000000002c7a1b0_0, 152, 1;
L_0000000002ce1d30 .part v0000000002c7a1b0_0, 151, 1;
L_0000000002ce27d0 .part v0000000002c7a1b0_0, 150, 1;
L_0000000002ce1830 .part v0000000002c7a1b0_0, 149, 1;
L_0000000002ce0f70 .part v0000000002c7a1b0_0, 148, 1;
L_0000000002ce18d0 .part v0000000002c7a1b0_0, 147, 1;
L_0000000002ce1970 .part v0000000002c7a1b0_0, 144, 3;
L_0000000002ce0930 .part v0000000002c7a1b0_0, 143, 1;
L_0000000002ce1b50 .part v0000000002c7a1b0_0, 111, 32;
L_0000000002ce1010 .part v0000000002c7a1b0_0, 79, 32;
L_0000000002ce10b0 .part v0000000002c7a1b0_0, 47, 32;
L_0000000002ce1a10 .part v0000000002c7a1b0_0, 15, 32;
L_0000000002ce25f0 .part v0000000002c7a1b0_0, 10, 5;
L_0000000002ce09d0 .part v0000000002c7a1b0_0, 5, 5;
L_0000000002ce1bf0 .part v0000000002c7a1b0_0, 0, 5;
L_0000000002ce34f0 .part L_0000000002ce1a10, 0, 6;
L_0000000002ce4170 .concat [ 1 1 0 0], L_0000000002ce0e30, L_0000000002ce0a70;
L_0000000002ce3810 .concat [ 1 1 1 1], L_0000000002ce0f70, L_0000000002ce1830, L_0000000002ce27d0, L_0000000002ce1d30;
LS_0000000002ce38b0_0_0 .concat [ 5 32 32 32], L_0000000002ce2ff0, L_0000000002ce10b0, v0000000002be5fd0_0, L_0000000002ce1150;
LS_0000000002ce38b0_0_4 .concat [ 1 4 2 0], L_0000000002ce3630, L_0000000002ce3d10, L_0000000002ce4210;
L_0000000002ce38b0 .concat [ 101 7 0 0], LS_0000000002ce38b0_0_0, LS_0000000002ce38b0_0_4;
L_0000000002ce4030 .part v0000000002c77520_0, 107, 1;
L_0000000002ce45d0 .part v0000000002c77520_0, 106, 1;
L_0000000002ce3c70 .part v0000000002c77520_0, 105, 1;
L_0000000002ce3db0 .part v0000000002c77520_0, 104, 1;
L_0000000002ce3270 .part v0000000002c77520_0, 103, 1;
L_0000000002ce3950 .part v0000000002c77520_0, 102, 1;
L_0000000002ce3e50 .part v0000000002c77520_0, 101, 1;
L_0000000002ce39f0 .part v0000000002c77520_0, 69, 32;
L_0000000002ce4350 .part v0000000002c77520_0, 37, 32;
L_0000000002ce3f90 .part v0000000002c77520_0, 5, 32;
L_0000000002ce3ef0 .part v0000000002c77520_0, 0, 5;
L_0000000002ce42b0 .concat [ 1 31 0 0], L_0000000002ce3db0, L_0000000002c89660;
L_0000000002ce43f0 .cmp/eq 32, L_0000000002ce42b0, L_0000000002c896a8;
L_0000000002ce3a90 .reduce/nor L_0000000002ce3e50;
L_0000000002ce3130 .functor MUXZ 1, L_0000000002ce3e50, L_0000000002ce3a90, L_0000000002ce43f0, C4<>;
LS_0000000002ce9a30_0_0 .concat [ 5 32 32 1], L_0000000002ce3ef0, L_0000000002ce4350, v0000000002c74c50_0, L_0000000002ce45d0;
LS_0000000002ce9a30_0_4 .concat [ 1 0 0 0], L_0000000002ce4030;
L_0000000002ce9a30 .concat [ 70 1 0 0], LS_0000000002ce9a30_0_0, LS_0000000002ce9a30_0_4;
L_0000000002ce9030 .part v0000000002c792b0_0, 70, 1;
L_0000000002ce9990 .part v0000000002c792b0_0, 69, 1;
L_0000000002ce9c10 .part v0000000002c792b0_0, 37, 32;
L_0000000002ce98f0 .part v0000000002c792b0_0, 5, 32;
L_0000000002ce9710 .part v0000000002c792b0_0, 0, 5;
S_0000000001061b40 .scope module, "ALU" "ALU" 3 334, 4 12 0, S_00000000010619c0;
 .timescale 0 0;
    .port_info 0 /INPUT 32 "src1_i"
    .port_info 1 /INPUT 32 "src2_i"
    .port_info 2 /INPUT 5 "shamt"
    .port_info 3 /INPUT 4 "ctrl_i"
    .port_info 4 /OUTPUT 32 "result_o"
    .port_info 5 /OUTPUT 1 "zero_o"
L_0000000002c89588 .functor BUFT 1, C4<00000000000000000000000000000000>, C4<0>, C4<0>, C4<0>;
v0000000002be6890_0 .net/2u *"_s0", 31 0, L_0000000002c89588;  1 drivers
v0000000002be6610_0 .net "ctrl_i", 3 0, v0000000002be7150_0;  alias, 1 drivers
v0000000002be5fd0_0 .var "result_o", 31 0;
o0000000002c2c738 .functor BUFZ 5, C4<zzzzz>; HiZ drive
v0000000002be6ed0_0 .net "shamt", 4 0, o0000000002c2c738;  0 drivers
v0000000002be70b0_0 .net/s "src1_i", 31 0, L_00000000010bd2e0;  alias, 1 drivers
v0000000002be66b0_0 .net/s "src2_i", 31 0, L_0000000002ce36d0;  alias, 1 drivers
v0000000002be69d0_0 .net "zero_o", 0 0, L_0000000002ce3630;  alias, 1 drivers
E_0000000002c0ba10 .event edge, v0000000002be6610_0, v0000000002be70b0_0, v0000000002be66b0_0, v0000000002be6ed0_0;
L_0000000002ce3630 .cmp/eq 32, v0000000002be5fd0_0, L_0000000002c89588;
S_000000000105f370 .scope module, "ALU_Ctrl" "ALU_Ctrl" 3 343, 5 12 0, S_00000000010619c0;
 .timescale 0 0;
    .port_info 0 /INPUT 6 "funct_i"
    .port_info 1 /INPUT 3 "ALUOp_i"
    .port_info 2 /OUTPUT 4 "ALUCtrl_o"
    .port_info 3 /OUTPUT 1 "Jr_o"
v0000000002be7150_0 .var "ALUCtrl_o", 3 0;
v0000000002be7330_0 .net "ALUOp_i", 2 0, L_0000000002ce1970;  alias, 1 drivers
v0000000002be67f0_0 .var "Jr_o", 0 0;
v0000000002be61b0_0 .net "funct_i", 5 0, L_0000000002ce34f0;  1 drivers
E_0000000002c0b790 .event edge, v0000000002be7330_0, v0000000002be61b0_0;
S_000000000105f4f0 .scope module, "Add_branch_target" "Adder" 3 291, 6 12 0, S_00000000010619c0;
 .timescale 0 0;
    .port_info 0 /INPUT 32 "src1_i"
    .port_info 1 /INPUT 32 "src2_i"
    .port_info 2 /OUTPUT 32 "sum_o"
v0000000002be5a30_0 .net "src1_i", 31 0, L_0000000002ce1b50;  alias, 1 drivers
v0000000002be71f0_0 .net "src2_i", 31 0, L_0000000002ce0b10;  alias, 1 drivers
v0000000002be6d90_0 .net "sum_o", 31 0, L_0000000002ce1150;  alias, 1 drivers
L_0000000002ce1150 .arith/sum 32, L_0000000002ce1b50, L_0000000002ce0b10;
S_000000000105d910 .scope module, "Add_pc" "Adder" 3 163, 6 12 0, S_00000000010619c0;
 .timescale 0 0;
    .port_info 0 /INPUT 32 "src1_i"
    .port_info 1 /INPUT 32 "src2_i"
    .port_info 2 /OUTPUT 32 "sum_o"
v0000000002be64d0_0 .net "src1_i", 31 0, v0000000002c7e2f0_0;  alias, 1 drivers
L_0000000002c887c0 .functor BUFT 1, C4<00000000000000000000000000000100>, C4<0>, C4<0>, C4<0>;
v0000000002be6750_0 .net "src2_i", 31 0, L_0000000002c887c0;  1 drivers
v0000000002be6c50_0 .net "sum_o", 31 0, L_0000000002c85080;  alias, 1 drivers
L_0000000002c85080 .arith/sum 32, v0000000002c7e2f0_0, L_0000000002c887c0;
S_000000000105da90 .scope module, "Control" "Decoder" 3 209, 7 12 0, S_00000000010619c0;
 .timescale -9 -12;
    .port_info 0 /INPUT 6 "instr_op_i"
    .port_info 1 /OUTPUT 1 "RegWrite_o"
    .port_info 2 /OUTPUT 3 "ALU_op_o"
    .port_info 3 /OUTPUT 1 "ALUSrc_o"
    .port_info 4 /OUTPUT 1 "RegDst_o"
    .port_info 5 /OUTPUT 1 "Branch_o"
    .port_info 6 /OUTPUT 1 "BranchType_o"
    .port_info 7 /OUTPUT 1 "MemToReg_o"
    .port_info 8 /OUTPUT 1 "MemRead_o"
    .port_info 9 /OUTPUT 1 "MemWrite_o"
L_00000000010bdf20 .functor OR 1, L_0000000002c85d00, L_0000000002c860c0, C4<0>, C4<0>;
L_00000000010bdf90 .functor AND 1, L_0000000002c85120, L_0000000002c84c20, C4<1>, C4<1>;
L_00000000010bd200 .functor AND 1, L_0000000002c86980, L_0000000002c863e0, C4<1>, C4<1>;
L_00000000010bd270 .functor OR 1, L_0000000002c86480, L_0000000002ce1c90, C4<0>, C4<0>;
v0000000002be5990_0 .net "ALUSrc_o", 0 0, L_00000000010bd200;  alias, 1 drivers
v0000000002be7290_0 .net "ALU_op_o", 2 0, L_0000000002ce2d70;  alias, 1 drivers
v0000000002be73d0_0 .net "BranchType_o", 0 0, L_0000000002ce15b0;  alias, 1 drivers
v0000000002be5df0_0 .net "Branch_o", 0 0, L_00000000010bdf20;  alias, 1 drivers
v0000000002be6f70_0 .net "MemRead_o", 0 0, L_0000000002c85bc0;  alias, 1 drivers
v0000000002be7010_0 .net "MemToReg_o", 0 0, L_0000000002ce13d0;  alias, 1 drivers
v0000000002be5530_0 .net "MemWrite_o", 0 0, L_0000000002c86840;  alias, 1 drivers
v0000000002be62f0_0 .net "RegDst_o", 0 0, L_0000000002c868e0;  alias, 1 drivers
v0000000002be6110_0 .net "RegWrite_o", 0 0, L_00000000010bdf90;  alias, 1 drivers
v0000000002be55d0_0 .net *"_s0", 31 0, L_0000000002c84b80;  1 drivers
L_0000000002c88f10 .functor BUFT 1, C4<00000000000000000000000000>, C4<0>, C4<0>, C4<0>;
v0000000002be6a70_0 .net *"_s101", 25 0, L_0000000002c88f10;  1 drivers
L_0000000002c88f58 .functor BUFT 1, C4<00000000000000000000000000000100>, C4<0>, C4<0>, C4<0>;
v0000000002be6570_0 .net/2u *"_s102", 31 0, L_0000000002c88f58;  1 drivers
v0000000002be6b10_0 .net *"_s104", 0 0, L_0000000002ce0ed0;  1 drivers
L_0000000002c88fa0 .functor BUFT 1, C4<00>, C4<0>, C4<0>, C4<0>;
v0000000002be5ad0_0 .net/2s *"_s106", 1 0, L_0000000002c88fa0;  1 drivers
L_0000000002c88fe8 .functor BUFT 1, C4<01>, C4<0>, C4<0>, C4<0>;
v0000000002be5b70_0 .net/2s *"_s108", 1 0, L_0000000002c88fe8;  1 drivers
L_0000000002c88970 .functor BUFT 1, C4<00000000000000000000000000>, C4<0>, C4<0>, C4<0>;
v0000000002be5c10_0 .net *"_s11", 25 0, L_0000000002c88970;  1 drivers
v0000000002be5cb0_0 .net *"_s110", 1 0, L_0000000002ce1510;  1 drivers
L_0000000002c89030 .functor BUFT 1, C4<100011>, C4<0>, C4<0>, C4<0>;
v0000000002be5d50_0 .net/2u *"_s114", 5 0, L_0000000002c89030;  1 drivers
v0000000002be5e90_0 .net *"_s116", 0 0, L_0000000002ce1ab0;  1 drivers
L_0000000002c89078 .functor BUFT 1, C4<01>, C4<0>, C4<0>, C4<0>;
v00000000010a9a80_0 .net/2s *"_s118", 1 0, L_0000000002c89078;  1 drivers
L_0000000002c889b8 .functor BUFT 1, C4<00000000000000000000000000000101>, C4<0>, C4<0>, C4<0>;
v00000000010a9440_0 .net/2u *"_s12", 31 0, L_0000000002c889b8;  1 drivers
L_0000000002c890c0 .functor BUFT 1, C4<00>, C4<0>, C4<0>, C4<0>;
v0000000002bd53c0_0 .net/2s *"_s120", 1 0, L_0000000002c890c0;  1 drivers
v0000000002bc1570_0 .net *"_s122", 1 0, L_0000000002ce11f0;  1 drivers
v0000000002c75150_0 .net *"_s14", 0 0, L_0000000002c860c0;  1 drivers
L_0000000002c88a00 .functor BUFT 1, C4<100011>, C4<0>, C4<0>, C4<0>;
v0000000002c75c90_0 .net/2u *"_s18", 5 0, L_0000000002c88a00;  1 drivers
L_0000000002c88a48 .functor BUFT 1, C4<101011>, C4<0>, C4<0>, C4<0>;
v0000000002c764b0_0 .net/2u *"_s22", 5 0, L_0000000002c88a48;  1 drivers
v0000000002c75790_0 .net *"_s27", 0 0, L_0000000002c85120;  1 drivers
L_0000000002c88a90 .functor BUFT 1, C4<101011>, C4<0>, C4<0>, C4<0>;
v0000000002c755b0_0 .net/2u *"_s28", 5 0, L_0000000002c88a90;  1 drivers
L_0000000002c888e0 .functor BUFT 1, C4<00000000000000000000000000>, C4<0>, C4<0>, C4<0>;
v0000000002c749d0_0 .net *"_s3", 25 0, L_0000000002c888e0;  1 drivers
v0000000002c751f0_0 .net *"_s30", 0 0, L_0000000002c84c20;  1 drivers
v0000000002c75a10_0 .net *"_s34", 31 0, L_0000000002c85800;  1 drivers
L_0000000002c88ad8 .functor BUFT 1, C4<00000000000000000000000000>, C4<0>, C4<0>, C4<0>;
v0000000002c76050_0 .net *"_s37", 25 0, L_0000000002c88ad8;  1 drivers
L_0000000002c88b20 .functor BUFT 1, C4<00000000000000000000000000000000>, C4<0>, C4<0>, C4<0>;
v0000000002c75830_0 .net/2u *"_s38", 31 0, L_0000000002c88b20;  1 drivers
L_0000000002c88928 .functor BUFT 1, C4<00000000000000000000000000000100>, C4<0>, C4<0>, C4<0>;
v0000000002c74ed0_0 .net/2u *"_s4", 31 0, L_0000000002c88928;  1 drivers
v0000000002c75b50_0 .net *"_s40", 0 0, L_0000000002c85c60;  1 drivers
L_0000000002c88b68 .functor BUFT 1, C4<01>, C4<0>, C4<0>, C4<0>;
v0000000002c75470_0 .net/2s *"_s42", 1 0, L_0000000002c88b68;  1 drivers
L_0000000002c88bb0 .functor BUFT 1, C4<00>, C4<0>, C4<0>, C4<0>;
v0000000002c74cf0_0 .net/2s *"_s44", 1 0, L_0000000002c88bb0;  1 drivers
v0000000002c75fb0_0 .net *"_s46", 1 0, L_0000000002c86340;  1 drivers
v0000000002c75650_0 .net *"_s50", 31 0, L_0000000002c858a0;  1 drivers
L_0000000002c88bf8 .functor BUFT 1, C4<00000000000000000000000000>, C4<0>, C4<0>, C4<0>;
v0000000002c75510_0 .net *"_s53", 25 0, L_0000000002c88bf8;  1 drivers
L_0000000002c88c40 .functor BUFT 1, C4<00000000000000000000000000000000>, C4<0>, C4<0>, C4<0>;
v0000000002c74f70_0 .net/2u *"_s54", 31 0, L_0000000002c88c40;  1 drivers
v0000000002c75290_0 .net *"_s56", 0 0, L_0000000002c86980;  1 drivers
v0000000002c747f0_0 .net *"_s59", 0 0, L_0000000002c863e0;  1 drivers
v0000000002c756f0_0 .net *"_s6", 0 0, L_0000000002c85d00;  1 drivers
v0000000002c758d0_0 .net *"_s62", 31 0, L_0000000002c86ac0;  1 drivers
L_0000000002c88c88 .functor BUFT 1, C4<00000000000000000000000000>, C4<0>, C4<0>, C4<0>;
v0000000002c75330_0 .net *"_s65", 25 0, L_0000000002c88c88;  1 drivers
L_0000000002c88cd0 .functor BUFT 1, C4<00000000000000000000000000000100>, C4<0>, C4<0>, C4<0>;
v0000000002c753d0_0 .net/2u *"_s66", 31 0, L_0000000002c88cd0;  1 drivers
v0000000002c760f0_0 .net *"_s68", 0 0, L_0000000002c86480;  1 drivers
v0000000002c75970_0 .net *"_s70", 31 0, L_0000000002c86b60;  1 drivers
L_0000000002c88d18 .functor BUFT 1, C4<00000000000000000000000000>, C4<0>, C4<0>, C4<0>;
v0000000002c75ab0_0 .net *"_s73", 25 0, L_0000000002c88d18;  1 drivers
L_0000000002c88d60 .functor BUFT 1, C4<00000000000000000000000000000101>, C4<0>, C4<0>, C4<0>;
v0000000002c75bf0_0 .net/2u *"_s74", 31 0, L_0000000002c88d60;  1 drivers
v0000000002c76190_0 .net *"_s76", 0 0, L_0000000002ce1c90;  1 drivers
v0000000002c76230_0 .net *"_s78", 0 0, L_00000000010bd270;  1 drivers
v0000000002c74a70_0 .net *"_s8", 31 0, L_0000000002c86020;  1 drivers
L_0000000002c88da8 .functor BUFT 1, C4<001>, C4<0>, C4<0>, C4<0>;
v0000000002c75d30_0 .net/2u *"_s80", 2 0, L_0000000002c88da8;  1 drivers
v0000000002c762d0_0 .net *"_s82", 31 0, L_0000000002ce2f50;  1 drivers
L_0000000002c88df0 .functor BUFT 1, C4<00000000000000000000000000>, C4<0>, C4<0>, C4<0>;
v0000000002c75dd0_0 .net *"_s85", 25 0, L_0000000002c88df0;  1 drivers
L_0000000002c88e38 .functor BUFT 1, C4<00000000000000000000000000000000>, C4<0>, C4<0>, C4<0>;
v0000000002c74930_0 .net/2u *"_s86", 31 0, L_0000000002c88e38;  1 drivers
v0000000002c75e70_0 .net *"_s88", 0 0, L_0000000002ce1e70;  1 drivers
L_0000000002c88e80 .functor BUFT 1, C4<010>, C4<0>, C4<0>, C4<0>;
v0000000002c75f10_0 .net/2u *"_s90", 2 0, L_0000000002c88e80;  1 drivers
L_0000000002c88ec8 .functor BUFT 1, C4<000>, C4<0>, C4<0>, C4<0>;
v0000000002c76370_0 .net/2u *"_s92", 2 0, L_0000000002c88ec8;  1 drivers
v0000000002c76410_0 .net *"_s94", 2 0, L_0000000002ce2a50;  1 drivers
v0000000002c76550_0 .net *"_s98", 31 0, L_0000000002ce2af0;  1 drivers
v0000000002c765f0_0 .net "instr_op_i", 5 0, L_0000000002c86660;  alias, 1 drivers
L_0000000002c84b80 .concat [ 6 26 0 0], L_0000000002c86660, L_0000000002c888e0;
L_0000000002c85d00 .cmp/eq 32, L_0000000002c84b80, L_0000000002c88928;
L_0000000002c86020 .concat [ 6 26 0 0], L_0000000002c86660, L_0000000002c88970;
L_0000000002c860c0 .cmp/eq 32, L_0000000002c86020, L_0000000002c889b8;
L_0000000002c85bc0 .cmp/eq 6, L_0000000002c86660, L_0000000002c88a00;
L_0000000002c86840 .cmp/eq 6, L_0000000002c86660, L_0000000002c88a48;
L_0000000002c85120 .reduce/nor L_00000000010bdf20;
L_0000000002c84c20 .cmp/ne 6, L_0000000002c86660, L_0000000002c88a90;
L_0000000002c85800 .concat [ 6 26 0 0], L_0000000002c86660, L_0000000002c88ad8;
L_0000000002c85c60 .cmp/eq 32, L_0000000002c85800, L_0000000002c88b20;
L_0000000002c86340 .functor MUXZ 2, L_0000000002c88bb0, L_0000000002c88b68, L_0000000002c85c60, C4<>;
L_0000000002c868e0 .part L_0000000002c86340, 0, 1;
L_0000000002c858a0 .concat [ 6 26 0 0], L_0000000002c86660, L_0000000002c88bf8;
L_0000000002c86980 .cmp/ne 32, L_0000000002c858a0, L_0000000002c88c40;
L_0000000002c863e0 .reduce/nor L_00000000010bdf20;
L_0000000002c86ac0 .concat [ 6 26 0 0], L_0000000002c86660, L_0000000002c88c88;
L_0000000002c86480 .cmp/eq 32, L_0000000002c86ac0, L_0000000002c88cd0;
L_0000000002c86b60 .concat [ 6 26 0 0], L_0000000002c86660, L_0000000002c88d18;
L_0000000002ce1c90 .cmp/eq 32, L_0000000002c86b60, L_0000000002c88d60;
L_0000000002ce2f50 .concat [ 6 26 0 0], L_0000000002c86660, L_0000000002c88df0;
L_0000000002ce1e70 .cmp/eq 32, L_0000000002ce2f50, L_0000000002c88e38;
L_0000000002ce2a50 .functor MUXZ 3, L_0000000002c88ec8, L_0000000002c88e80, L_0000000002ce1e70, C4<>;
L_0000000002ce2d70 .functor MUXZ 3, L_0000000002ce2a50, L_0000000002c88da8, L_00000000010bd270, C4<>;
L_0000000002ce2af0 .concat [ 6 26 0 0], L_0000000002c86660, L_0000000002c88f10;
L_0000000002ce0ed0 .cmp/eq 32, L_0000000002ce2af0, L_0000000002c88f58;
L_0000000002ce1510 .functor MUXZ 2, L_0000000002c88fe8, L_0000000002c88fa0, L_0000000002ce0ed0, C4<>;
L_0000000002ce15b0 .part L_0000000002ce1510, 0, 1;
L_0000000002ce1ab0 .cmp/eq 6, L_0000000002c86660, L_0000000002c89030;
L_0000000002ce11f0 .functor MUXZ 2, L_0000000002c890c0, L_0000000002c89078, L_0000000002ce1ab0, C4<>;
L_0000000002ce13d0 .part L_0000000002ce11f0, 0, 1;
S_000000000103ea20 .scope module, "DM" "Data_Memory" 3 403, 8 21 0, S_00000000010619c0;
 .timescale -9 -12;
    .port_info 0 /INPUT 1 "clk_i"
    .port_info 1 /INPUT 32 "addr_i"
    .port_info 2 /INPUT 32 "data_i"
    .port_info 3 /INPUT 1 "MemRead_i"
    .port_info 4 /INPUT 1 "MemWrite_i"
    .port_info 5 /OUTPUT 32 "data_o"
v0000000002c74d90 .array "Mem", 127 0, 7 0;
v0000000002c74750_0 .net "MemRead_i", 0 0, L_0000000002ce3950;  alias, 1 drivers
v0000000002c74890_0 .net "MemWrite_i", 0 0, L_0000000002ce3270;  alias, 1 drivers
v0000000002c74e30_0 .net "addr_i", 31 0, L_0000000002ce4350;  alias, 1 drivers
v0000000002c74b10_0 .net "clk_i", 0 0, v0000000002c86f20_0;  alias, 1 drivers
v0000000002c74bb0_0 .net "data_i", 31 0, L_0000000002ce3f90;  alias, 1 drivers
v0000000002c74c50_0 .var "data_o", 31 0;
v0000000002c75010_0 .var/i "i", 31 0;
v0000000002c750b0 .array "memory", 31 0;
v0000000002c750b0_0 .net v0000000002c750b0 0, 31 0, L_0000000002ce4490; 1 drivers
v0000000002c750b0_1 .net v0000000002c750b0 1, 31 0, L_0000000002ce4530; 1 drivers
v0000000002c750b0_2 .net v0000000002c750b0 2, 31 0, L_0000000002ce4670; 1 drivers
v0000000002c750b0_3 .net v0000000002c750b0 3, 31 0, L_0000000002ce3090; 1 drivers
v0000000002c750b0_4 .net v0000000002c750b0 4, 31 0, L_0000000002ce31d0; 1 drivers
v0000000002c750b0_5 .net v0000000002c750b0 5, 31 0, L_0000000002ce3310; 1 drivers
v0000000002c750b0_6 .net v0000000002c750b0 6, 31 0, L_0000000002c86c00; 1 drivers
v0000000002c750b0_7 .net v0000000002c750b0 7, 31 0, L_0000000002cea610; 1 drivers
v0000000002c750b0_8 .net v0000000002c750b0 8, 31 0, L_0000000002cea4d0; 1 drivers
v0000000002c750b0_9 .net v0000000002c750b0 9, 31 0, L_0000000002ceac50; 1 drivers
v0000000002c750b0_10 .net v0000000002c750b0 10, 31 0, L_0000000002ce9fd0; 1 drivers
v0000000002c750b0_11 .net v0000000002c750b0 11, 31 0, L_0000000002ceaa70; 1 drivers
v0000000002c750b0_12 .net v0000000002c750b0 12, 31 0, L_0000000002cea9d0; 1 drivers
v0000000002c750b0_13 .net v0000000002c750b0 13, 31 0, L_0000000002ce88b0; 1 drivers
v0000000002c750b0_14 .net v0000000002c750b0 14, 31 0, L_0000000002ce9ad0; 1 drivers
v0000000002c750b0_15 .net v0000000002c750b0 15, 31 0, L_0000000002ce9350; 1 drivers
v0000000002c750b0_16 .net v0000000002c750b0 16, 31 0, L_0000000002cea6b0; 1 drivers
v0000000002c750b0_17 .net v0000000002c750b0 17, 31 0, L_0000000002ce89f0; 1 drivers
v0000000002c750b0_18 .net v0000000002c750b0 18, 31 0, L_0000000002ce93f0; 1 drivers
v0000000002c750b0_19 .net v0000000002c750b0 19, 31 0, L_0000000002ce9670; 1 drivers
v0000000002c750b0_20 .net v0000000002c750b0 20, 31 0, L_0000000002cea110; 1 drivers
v0000000002c750b0_21 .net v0000000002c750b0 21, 31 0, L_0000000002ce9b70; 1 drivers
v0000000002c750b0_22 .net v0000000002c750b0 22, 31 0, L_0000000002cea1b0; 1 drivers
v0000000002c750b0_23 .net v0000000002c750b0 23, 31 0, L_0000000002ceaed0; 1 drivers
v0000000002c750b0_24 .net v0000000002c750b0 24, 31 0, L_0000000002ce8e50; 1 drivers
v0000000002c750b0_25 .net v0000000002c750b0 25, 31 0, L_0000000002cea930; 1 drivers
v0000000002c750b0_26 .net v0000000002c750b0 26, 31 0, L_0000000002cea390; 1 drivers
v0000000002c750b0_27 .net v0000000002c750b0 27, 31 0, L_0000000002ceaf70; 1 drivers
v0000000002c750b0_28 .net v0000000002c750b0 28, 31 0, L_0000000002ce9530; 1 drivers
v0000000002c750b0_29 .net v0000000002c750b0 29, 31 0, L_0000000002ce8f90; 1 drivers
v0000000002c750b0_30 .net v0000000002c750b0 30, 31 0, L_0000000002cea250; 1 drivers
v0000000002c750b0_31 .net v0000000002c750b0 31, 31 0, L_0000000002ce8ef0; 1 drivers
E_0000000002c05d50 .event edge, v0000000002c74750_0, v0000000002c74e30_0;
E_0000000002c06610 .event posedge, v0000000002c74b10_0;
v0000000002c74d90_0 .array/port v0000000002c74d90, 0;
v0000000002c74d90_1 .array/port v0000000002c74d90, 1;
v0000000002c74d90_2 .array/port v0000000002c74d90, 2;
v0000000002c74d90_3 .array/port v0000000002c74d90, 3;
L_0000000002ce4490 .concat [ 8 8 8 8], v0000000002c74d90_0, v0000000002c74d90_1, v0000000002c74d90_2, v0000000002c74d90_3;
v0000000002c74d90_4 .array/port v0000000002c74d90, 4;
v0000000002c74d90_5 .array/port v0000000002c74d90, 5;
v0000000002c74d90_6 .array/port v0000000002c74d90, 6;
v0000000002c74d90_7 .array/port v0000000002c74d90, 7;
L_0000000002ce4530 .concat [ 8 8 8 8], v0000000002c74d90_4, v0000000002c74d90_5, v0000000002c74d90_6, v0000000002c74d90_7;
v0000000002c74d90_8 .array/port v0000000002c74d90, 8;
v0000000002c74d90_9 .array/port v0000000002c74d90, 9;
v0000000002c74d90_10 .array/port v0000000002c74d90, 10;
v0000000002c74d90_11 .array/port v0000000002c74d90, 11;
L_0000000002ce4670 .concat [ 8 8 8 8], v0000000002c74d90_8, v0000000002c74d90_9, v0000000002c74d90_10, v0000000002c74d90_11;
v0000000002c74d90_12 .array/port v0000000002c74d90, 12;
v0000000002c74d90_13 .array/port v0000000002c74d90, 13;
v0000000002c74d90_14 .array/port v0000000002c74d90, 14;
v0000000002c74d90_15 .array/port v0000000002c74d90, 15;
L_0000000002ce3090 .concat [ 8 8 8 8], v0000000002c74d90_12, v0000000002c74d90_13, v0000000002c74d90_14, v0000000002c74d90_15;
v0000000002c74d90_16 .array/port v0000000002c74d90, 16;
v0000000002c74d90_17 .array/port v0000000002c74d90, 17;
v0000000002c74d90_18 .array/port v0000000002c74d90, 18;
v0000000002c74d90_19 .array/port v0000000002c74d90, 19;
L_0000000002ce31d0 .concat [ 8 8 8 8], v0000000002c74d90_16, v0000000002c74d90_17, v0000000002c74d90_18, v0000000002c74d90_19;
v0000000002c74d90_20 .array/port v0000000002c74d90, 20;
v0000000002c74d90_21 .array/port v0000000002c74d90, 21;
v0000000002c74d90_22 .array/port v0000000002c74d90, 22;
v0000000002c74d90_23 .array/port v0000000002c74d90, 23;
L_0000000002ce3310 .concat [ 8 8 8 8], v0000000002c74d90_20, v0000000002c74d90_21, v0000000002c74d90_22, v0000000002c74d90_23;
v0000000002c74d90_24 .array/port v0000000002c74d90, 24;
v0000000002c74d90_25 .array/port v0000000002c74d90, 25;
v0000000002c74d90_26 .array/port v0000000002c74d90, 26;
v0000000002c74d90_27 .array/port v0000000002c74d90, 27;
L_0000000002c86c00 .concat [ 8 8 8 8], v0000000002c74d90_24, v0000000002c74d90_25, v0000000002c74d90_26, v0000000002c74d90_27;
v0000000002c74d90_28 .array/port v0000000002c74d90, 28;
v0000000002c74d90_29 .array/port v0000000002c74d90, 29;
v0000000002c74d90_30 .array/port v0000000002c74d90, 30;
v0000000002c74d90_31 .array/port v0000000002c74d90, 31;
L_0000000002cea610 .concat [ 8 8 8 8], v0000000002c74d90_28, v0000000002c74d90_29, v0000000002c74d90_30, v0000000002c74d90_31;
v0000000002c74d90_32 .array/port v0000000002c74d90, 32;
v0000000002c74d90_33 .array/port v0000000002c74d90, 33;
v0000000002c74d90_34 .array/port v0000000002c74d90, 34;
v0000000002c74d90_35 .array/port v0000000002c74d90, 35;
L_0000000002cea4d0 .concat [ 8 8 8 8], v0000000002c74d90_32, v0000000002c74d90_33, v0000000002c74d90_34, v0000000002c74d90_35;
v0000000002c74d90_36 .array/port v0000000002c74d90, 36;
v0000000002c74d90_37 .array/port v0000000002c74d90, 37;
v0000000002c74d90_38 .array/port v0000000002c74d90, 38;
v0000000002c74d90_39 .array/port v0000000002c74d90, 39;
L_0000000002ceac50 .concat [ 8 8 8 8], v0000000002c74d90_36, v0000000002c74d90_37, v0000000002c74d90_38, v0000000002c74d90_39;
v0000000002c74d90_40 .array/port v0000000002c74d90, 40;
v0000000002c74d90_41 .array/port v0000000002c74d90, 41;
v0000000002c74d90_42 .array/port v0000000002c74d90, 42;
v0000000002c74d90_43 .array/port v0000000002c74d90, 43;
L_0000000002ce9fd0 .concat [ 8 8 8 8], v0000000002c74d90_40, v0000000002c74d90_41, v0000000002c74d90_42, v0000000002c74d90_43;
v0000000002c74d90_44 .array/port v0000000002c74d90, 44;
v0000000002c74d90_45 .array/port v0000000002c74d90, 45;
v0000000002c74d90_46 .array/port v0000000002c74d90, 46;
v0000000002c74d90_47 .array/port v0000000002c74d90, 47;
L_0000000002ceaa70 .concat [ 8 8 8 8], v0000000002c74d90_44, v0000000002c74d90_45, v0000000002c74d90_46, v0000000002c74d90_47;
v0000000002c74d90_48 .array/port v0000000002c74d90, 48;
v0000000002c74d90_49 .array/port v0000000002c74d90, 49;
v0000000002c74d90_50 .array/port v0000000002c74d90, 50;
v0000000002c74d90_51 .array/port v0000000002c74d90, 51;
L_0000000002cea9d0 .concat [ 8 8 8 8], v0000000002c74d90_48, v0000000002c74d90_49, v0000000002c74d90_50, v0000000002c74d90_51;
v0000000002c74d90_52 .array/port v0000000002c74d90, 52;
v0000000002c74d90_53 .array/port v0000000002c74d90, 53;
v0000000002c74d90_54 .array/port v0000000002c74d90, 54;
v0000000002c74d90_55 .array/port v0000000002c74d90, 55;
L_0000000002ce88b0 .concat [ 8 8 8 8], v0000000002c74d90_52, v0000000002c74d90_53, v0000000002c74d90_54, v0000000002c74d90_55;
v0000000002c74d90_56 .array/port v0000000002c74d90, 56;
v0000000002c74d90_57 .array/port v0000000002c74d90, 57;
v0000000002c74d90_58 .array/port v0000000002c74d90, 58;
v0000000002c74d90_59 .array/port v0000000002c74d90, 59;
L_0000000002ce9ad0 .concat [ 8 8 8 8], v0000000002c74d90_56, v0000000002c74d90_57, v0000000002c74d90_58, v0000000002c74d90_59;
v0000000002c74d90_60 .array/port v0000000002c74d90, 60;
v0000000002c74d90_61 .array/port v0000000002c74d90, 61;
v0000000002c74d90_62 .array/port v0000000002c74d90, 62;
v0000000002c74d90_63 .array/port v0000000002c74d90, 63;
L_0000000002ce9350 .concat [ 8 8 8 8], v0000000002c74d90_60, v0000000002c74d90_61, v0000000002c74d90_62, v0000000002c74d90_63;
v0000000002c74d90_64 .array/port v0000000002c74d90, 64;
v0000000002c74d90_65 .array/port v0000000002c74d90, 65;
v0000000002c74d90_66 .array/port v0000000002c74d90, 66;
v0000000002c74d90_67 .array/port v0000000002c74d90, 67;
L_0000000002cea6b0 .concat [ 8 8 8 8], v0000000002c74d90_64, v0000000002c74d90_65, v0000000002c74d90_66, v0000000002c74d90_67;
v0000000002c74d90_68 .array/port v0000000002c74d90, 68;
v0000000002c74d90_69 .array/port v0000000002c74d90, 69;
v0000000002c74d90_70 .array/port v0000000002c74d90, 70;
v0000000002c74d90_71 .array/port v0000000002c74d90, 71;
L_0000000002ce89f0 .concat [ 8 8 8 8], v0000000002c74d90_68, v0000000002c74d90_69, v0000000002c74d90_70, v0000000002c74d90_71;
v0000000002c74d90_72 .array/port v0000000002c74d90, 72;
v0000000002c74d90_73 .array/port v0000000002c74d90, 73;
v0000000002c74d90_74 .array/port v0000000002c74d90, 74;
v0000000002c74d90_75 .array/port v0000000002c74d90, 75;
L_0000000002ce93f0 .concat [ 8 8 8 8], v0000000002c74d90_72, v0000000002c74d90_73, v0000000002c74d90_74, v0000000002c74d90_75;
v0000000002c74d90_76 .array/port v0000000002c74d90, 76;
v0000000002c74d90_77 .array/port v0000000002c74d90, 77;
v0000000002c74d90_78 .array/port v0000000002c74d90, 78;
v0000000002c74d90_79 .array/port v0000000002c74d90, 79;
L_0000000002ce9670 .concat [ 8 8 8 8], v0000000002c74d90_76, v0000000002c74d90_77, v0000000002c74d90_78, v0000000002c74d90_79;
v0000000002c74d90_80 .array/port v0000000002c74d90, 80;
v0000000002c74d90_81 .array/port v0000000002c74d90, 81;
v0000000002c74d90_82 .array/port v0000000002c74d90, 82;
v0000000002c74d90_83 .array/port v0000000002c74d90, 83;
L_0000000002cea110 .concat [ 8 8 8 8], v0000000002c74d90_80, v0000000002c74d90_81, v0000000002c74d90_82, v0000000002c74d90_83;
v0000000002c74d90_84 .array/port v0000000002c74d90, 84;
v0000000002c74d90_85 .array/port v0000000002c74d90, 85;
v0000000002c74d90_86 .array/port v0000000002c74d90, 86;
v0000000002c74d90_87 .array/port v0000000002c74d90, 87;
L_0000000002ce9b70 .concat [ 8 8 8 8], v0000000002c74d90_84, v0000000002c74d90_85, v0000000002c74d90_86, v0000000002c74d90_87;
v0000000002c74d90_88 .array/port v0000000002c74d90, 88;
v0000000002c74d90_89 .array/port v0000000002c74d90, 89;
v0000000002c74d90_90 .array/port v0000000002c74d90, 90;
v0000000002c74d90_91 .array/port v0000000002c74d90, 91;
L_0000000002cea1b0 .concat [ 8 8 8 8], v0000000002c74d90_88, v0000000002c74d90_89, v0000000002c74d90_90, v0000000002c74d90_91;
v0000000002c74d90_92 .array/port v0000000002c74d90, 92;
v0000000002c74d90_93 .array/port v0000000002c74d90, 93;
v0000000002c74d90_94 .array/port v0000000002c74d90, 94;
v0000000002c74d90_95 .array/port v0000000002c74d90, 95;
L_0000000002ceaed0 .concat [ 8 8 8 8], v0000000002c74d90_92, v0000000002c74d90_93, v0000000002c74d90_94, v0000000002c74d90_95;
v0000000002c74d90_96 .array/port v0000000002c74d90, 96;
v0000000002c74d90_97 .array/port v0000000002c74d90, 97;
v0000000002c74d90_98 .array/port v0000000002c74d90, 98;
v0000000002c74d90_99 .array/port v0000000002c74d90, 99;
L_0000000002ce8e50 .concat [ 8 8 8 8], v0000000002c74d90_96, v0000000002c74d90_97, v0000000002c74d90_98, v0000000002c74d90_99;
v0000000002c74d90_100 .array/port v0000000002c74d90, 100;
v0000000002c74d90_101 .array/port v0000000002c74d90, 101;
v0000000002c74d90_102 .array/port v0000000002c74d90, 102;
v0000000002c74d90_103 .array/port v0000000002c74d90, 103;
L_0000000002cea930 .concat [ 8 8 8 8], v0000000002c74d90_100, v0000000002c74d90_101, v0000000002c74d90_102, v0000000002c74d90_103;
v0000000002c74d90_104 .array/port v0000000002c74d90, 104;
v0000000002c74d90_105 .array/port v0000000002c74d90, 105;
v0000000002c74d90_106 .array/port v0000000002c74d90, 106;
v0000000002c74d90_107 .array/port v0000000002c74d90, 107;
L_0000000002cea390 .concat [ 8 8 8 8], v0000000002c74d90_104, v0000000002c74d90_105, v0000000002c74d90_106, v0000000002c74d90_107;
v0000000002c74d90_108 .array/port v0000000002c74d90, 108;
v0000000002c74d90_109 .array/port v0000000002c74d90, 109;
v0000000002c74d90_110 .array/port v0000000002c74d90, 110;
v0000000002c74d90_111 .array/port v0000000002c74d90, 111;
L_0000000002ceaf70 .concat [ 8 8 8 8], v0000000002c74d90_108, v0000000002c74d90_109, v0000000002c74d90_110, v0000000002c74d90_111;
v0000000002c74d90_112 .array/port v0000000002c74d90, 112;
v0000000002c74d90_113 .array/port v0000000002c74d90, 113;
v0000000002c74d90_114 .array/port v0000000002c74d90, 114;
v0000000002c74d90_115 .array/port v0000000002c74d90, 115;
L_0000000002ce9530 .concat [ 8 8 8 8], v0000000002c74d90_112, v0000000002c74d90_113, v0000000002c74d90_114, v0000000002c74d90_115;
v0000000002c74d90_116 .array/port v0000000002c74d90, 116;
v0000000002c74d90_117 .array/port v0000000002c74d90, 117;
v0000000002c74d90_118 .array/port v0000000002c74d90, 118;
v0000000002c74d90_119 .array/port v0000000002c74d90, 119;
L_0000000002ce8f90 .concat [ 8 8 8 8], v0000000002c74d90_116, v0000000002c74d90_117, v0000000002c74d90_118, v0000000002c74d90_119;
v0000000002c74d90_120 .array/port v0000000002c74d90, 120;
v0000000002c74d90_121 .array/port v0000000002c74d90, 121;
v0000000002c74d90_122 .array/port v0000000002c74d90, 122;
v0000000002c74d90_123 .array/port v0000000002c74d90, 123;
L_0000000002cea250 .concat [ 8 8 8 8], v0000000002c74d90_120, v0000000002c74d90_121, v0000000002c74d90_122, v0000000002c74d90_123;
v0000000002c74d90_124 .array/port v0000000002c74d90, 124;
v0000000002c74d90_125 .array/port v0000000002c74d90, 125;
v0000000002c74d90_126 .array/port v0000000002c74d90, 126;
v0000000002c74d90_127 .array/port v0000000002c74d90, 127;
L_0000000002ce8ef0 .concat [ 8 8 8 8], v0000000002c74d90_124, v0000000002c74d90_125, v0000000002c74d90_126, v0000000002c74d90_127;
S_000000000103d000 .scope module, "EXFlushMUX" "MUX_2to1" 3 242, 9 12 0, S_00000000010619c0;
 .timescale -9 -12;
    .port_info 0 /INPUT 11 "data0_i"
    .port_info 1 /INPUT 11 "data1_i"
    .port_info 2 /INPUT 1 "select_i"
    .port_info 3 /OUTPUT 11 "data_o"
P_0000000002c0cfd0 .param/l "size" 0 9 19, +C4<00000000000000000000000000001011>;
v0000000002c782e0_0 .net "data0_i", 10 0, L_0000000002ce1f10;  1 drivers
L_0000000002c89108 .functor BUFT 1, C4<00000000000>, C4<0>, C4<0>, C4<0>;
v0000000002c76760_0 .net "data1_i", 10 0, L_0000000002c89108;  1 drivers
v0000000002c781a0_0 .net "data_o", 10 0, L_0000000002ce1790;  alias, 1 drivers
v0000000002c769e0_0 .net "select_i", 0 0, v0000000002c79df0_0;  alias, 1 drivers
L_0000000002ce1790 .functor MUXZ 11, L_0000000002ce1f10, L_0000000002c89108, v0000000002c79df0_0, C4<>;
S_000000000103d180 .scope module, "EX_MEM" "Pipe_Reg" 3 371, 10 11 0, S_00000000010619c0;
 .timescale -9 -12;
    .port_info 0 /INPUT 1 "clk_i"
    .port_info 1 /INPUT 1 "rst_i"
    .port_info 2 /INPUT 108 "data_i"
    .port_info 3 /OUTPUT 108 "data_o"
P_0000000002c067d0 .param/l "size" 0 10 18, +C4<000000000000000000000000001101100>;
v0000000002c77fc0_0 .net "clk_i", 0 0, v0000000002c86f20_0;  alias, 1 drivers
v0000000002c77a20_0 .net "data_i", 107 0, L_0000000002ce38b0;  1 drivers
v0000000002c77520_0 .var "data_o", 107 0;
v0000000002c76800_0 .net "rst_i", 0 0, v0000000002c86d40_0;  alias, 1 drivers
S_00000000010393f0 .scope module, "ForwardMux1" "MUX_4to1" 3 308, 11 21 0, S_00000000010619c0;
 .timescale -9 -12;
    .port_info 0 /OUTPUT 32 "data_o"
    .port_info 1 /INPUT 2 "select_i"
    .port_info 2 /INPUT 32 "data0_i"
    .port_info 3 /INPUT 32 "data1_i"
    .port_info 4 /INPUT 32 "data2_i"
    .port_info 5 /INPUT 32 "data3_i"
P_0000000002c05dd0 .param/l "size" 0 11 29, +C4<00000000000000000000000000100000>;
v0000000002c76ee0_0 .net *"_s0", 31 0, L_0000000002ce1dd0;  1 drivers
L_0000000002c89228 .functor BUFT 1, C4<000000000000000000000000000000>, C4<0>, C4<0>, C4<0>;
v0000000002c784c0_0 .net *"_s11", 29 0, L_0000000002c89228;  1 drivers
L_0000000002c89270 .functor BUFT 1, C4<00000000000000000000000000000001>, C4<0>, C4<0>, C4<0>;
v0000000002c77f20_0 .net/2u *"_s12", 31 0, L_0000000002c89270;  1 drivers
v0000000002c76f80_0 .net *"_s14", 0 0, L_0000000002ce22d0;  1 drivers
v0000000002c78240_0 .net *"_s16", 31 0, L_0000000002ce0c50;  1 drivers
L_0000000002c892b8 .functor BUFT 1, C4<000000000000000000000000000000>, C4<0>, C4<0>, C4<0>;
v0000000002c76da0_0 .net *"_s19", 29 0, L_0000000002c892b8;  1 drivers
L_0000000002c89300 .functor BUFT 1, C4<00000000000000000000000000000010>, C4<0>, C4<0>, C4<0>;
v0000000002c76e40_0 .net/2u *"_s20", 31 0, L_0000000002c89300;  1 drivers
v0000000002c77980_0 .net *"_s22", 0 0, L_0000000002ce0cf0;  1 drivers
v0000000002c78100_0 .net *"_s24", 31 0, L_0000000002ce2370;  1 drivers
v0000000002c77ca0_0 .net *"_s26", 31 0, L_0000000002ce2410;  1 drivers
L_0000000002c89198 .functor BUFT 1, C4<000000000000000000000000000000>, C4<0>, C4<0>, C4<0>;
v0000000002c775c0_0 .net *"_s3", 29 0, L_0000000002c89198;  1 drivers
L_0000000002c891e0 .functor BUFT 1, C4<00000000000000000000000000000000>, C4<0>, C4<0>, C4<0>;
v0000000002c772a0_0 .net/2u *"_s4", 31 0, L_0000000002c891e0;  1 drivers
v0000000002c76bc0_0 .net *"_s6", 0 0, L_0000000002ce2550;  1 drivers
v0000000002c77ac0_0 .net *"_s8", 31 0, L_0000000002ce20f0;  1 drivers
v0000000002c78560_0 .net "data0_i", 31 0, L_0000000002ce1010;  alias, 1 drivers
v0000000002c77b60_0 .net "data1_i", 31 0, L_0000000002ce9cb0;  alias, 1 drivers
v0000000002c77700_0 .net "data2_i", 31 0, L_0000000002ce4350;  alias, 1 drivers
L_0000000002c89348 .functor BUFT 1, C4<00000000000000000000000000000000>, C4<0>, C4<0>, C4<0>;
v0000000002c78380_0 .net "data3_i", 31 0, L_0000000002c89348;  1 drivers
v0000000002c76b20_0 .net "data_o", 31 0, L_0000000002ce24b0;  alias, 1 drivers
v0000000002c78420_0 .net "select_i", 1 0, v0000000002c77840_0;  alias, 1 drivers
L_0000000002ce1dd0 .concat [ 2 30 0 0], v0000000002c77840_0, L_0000000002c89198;
L_0000000002ce2550 .cmp/eq 32, L_0000000002ce1dd0, L_0000000002c891e0;
L_0000000002ce20f0 .concat [ 2 30 0 0], v0000000002c77840_0, L_0000000002c89228;
L_0000000002ce22d0 .cmp/eq 32, L_0000000002ce20f0, L_0000000002c89270;
L_0000000002ce0c50 .concat [ 2 30 0 0], v0000000002c77840_0, L_0000000002c892b8;
L_0000000002ce0cf0 .cmp/eq 32, L_0000000002ce0c50, L_0000000002c89300;
L_0000000002ce2370 .functor MUXZ 32, L_0000000002c89348, L_0000000002ce4350, L_0000000002ce0cf0, C4<>;
L_0000000002ce2410 .functor MUXZ 32, L_0000000002ce2370, L_0000000002ce9cb0, L_0000000002ce22d0, C4<>;
L_0000000002ce24b0 .functor MUXZ 32, L_0000000002ce2410, L_0000000002ce1010, L_0000000002ce2550, C4<>;
S_0000000001039570 .scope module, "ForwardMux2" "MUX_4to1" 3 317, 11 21 0, S_00000000010619c0;
 .timescale -9 -12;
    .port_info 0 /OUTPUT 32 "data_o"
    .port_info 1 /INPUT 2 "select_i"
    .port_info 2 /INPUT 32 "data0_i"
    .port_info 3 /INPUT 32 "data1_i"
    .port_info 4 /INPUT 32 "data2_i"
    .port_info 5 /INPUT 32 "data3_i"
P_0000000002c06510 .param/l "size" 0 11 29, +C4<00000000000000000000000000100000>;
v0000000002c78060_0 .net *"_s0", 31 0, L_0000000002ce2870;  1 drivers
L_0000000002c89420 .functor BUFT 1, C4<000000000000000000000000000000>, C4<0>, C4<0>, C4<0>;
v0000000002c78600_0 .net *"_s11", 29 0, L_0000000002c89420;  1 drivers
L_0000000002c89468 .functor BUFT 1, C4<00000000000000000000000000000001>, C4<0>, C4<0>, C4<0>;
v0000000002c77480_0 .net/2u *"_s12", 31 0, L_0000000002c89468;  1 drivers
v0000000002c768a0_0 .net *"_s14", 0 0, L_0000000002ce3770;  1 drivers
v0000000002c77e80_0 .net *"_s16", 31 0, L_0000000002ce40d0;  1 drivers
L_0000000002c894b0 .functor BUFT 1, C4<000000000000000000000000000000>, C4<0>, C4<0>, C4<0>;
v0000000002c77340_0 .net *"_s19", 29 0, L_0000000002c894b0;  1 drivers
L_0000000002c894f8 .functor BUFT 1, C4<00000000000000000000000000000010>, C4<0>, C4<0>, C4<0>;
v0000000002c77d40_0 .net/2u *"_s20", 31 0, L_0000000002c894f8;  1 drivers
v0000000002c76940_0 .net *"_s22", 0 0, L_0000000002ce3590;  1 drivers
v0000000002c76a80_0 .net *"_s24", 31 0, L_0000000002ce33b0;  1 drivers
v0000000002c773e0_0 .net *"_s26", 31 0, L_0000000002ce3b30;  1 drivers
L_0000000002c89390 .functor BUFT 1, C4<000000000000000000000000000000>, C4<0>, C4<0>, C4<0>;
v0000000002c770c0_0 .net *"_s3", 29 0, L_0000000002c89390;  1 drivers
L_0000000002c893d8 .functor BUFT 1, C4<00000000000000000000000000000000>, C4<0>, C4<0>, C4<0>;
v0000000002c76c60_0 .net/2u *"_s4", 31 0, L_0000000002c893d8;  1 drivers
v0000000002c77020_0 .net *"_s6", 0 0, L_0000000002ce2910;  1 drivers
v0000000002c76d00_0 .net *"_s8", 31 0, L_0000000002ce3bd0;  1 drivers
v0000000002c77160_0 .net "data0_i", 31 0, L_0000000002ce10b0;  alias, 1 drivers
v0000000002c77c00_0 .net "data1_i", 31 0, L_0000000002ce9cb0;  alias, 1 drivers
v0000000002c77200_0 .net "data2_i", 31 0, L_0000000002ce4350;  alias, 1 drivers
L_0000000002c89540 .functor BUFT 1, C4<00000000000000000000000000000000>, C4<0>, C4<0>, C4<0>;
v0000000002c77660_0 .net "data3_i", 31 0, L_0000000002c89540;  1 drivers
v0000000002c777a0_0 .net "data_o", 31 0, L_0000000002ce3450;  alias, 1 drivers
v0000000002c77de0_0 .net "select_i", 1 0, v0000000002c778e0_0;  alias, 1 drivers
L_0000000002ce2870 .concat [ 2 30 0 0], v0000000002c778e0_0, L_0000000002c89390;
L_0000000002ce2910 .cmp/eq 32, L_0000000002ce2870, L_0000000002c893d8;
L_0000000002ce3bd0 .concat [ 2 30 0 0], v0000000002c778e0_0, L_0000000002c89420;
L_0000000002ce3770 .cmp/eq 32, L_0000000002ce3bd0, L_0000000002c89468;
L_0000000002ce40d0 .concat [ 2 30 0 0], v0000000002c778e0_0, L_0000000002c894b0;
L_0000000002ce3590 .cmp/eq 32, L_0000000002ce40d0, L_0000000002c894f8;
L_0000000002ce33b0 .functor MUXZ 32, L_0000000002c89540, L_0000000002ce4350, L_0000000002ce3590, C4<>;
L_0000000002ce3b30 .functor MUXZ 32, L_0000000002ce33b0, L_0000000002ce9cb0, L_0000000002ce3770, C4<>;
L_0000000002ce3450 .functor MUXZ 32, L_0000000002ce3b30, L_0000000002ce10b0, L_0000000002ce2910, C4<>;
S_0000000001036510 .scope module, "Fwd" "ForwardUnit" 3 297, 12 4 0, S_00000000010619c0;
 .timescale -9 -12;
    .port_info 0 /INPUT 5 "rs_EX_i"
    .port_info 1 /INPUT 5 "rt_EX_i"
    .port_info 2 /INPUT 5 "rd_MEM_i"
    .port_info 3 /INPUT 1 "RegWrite_MEM_i"
    .port_info 4 /INPUT 5 "rd_WB_i"
    .port_info 5 /INPUT 1 "RegWrite_WB_i"
    .port_info 6 /OUTPUT 2 "Forward1_o"
    .port_info 7 /OUTPUT 2 "Forward2_o"
v0000000002c77840_0 .var "Forward1_o", 1 0;
v0000000002c778e0_0 .var "Forward2_o", 1 0;
v0000000002c78bd0_0 .net "RegWrite_MEM_i", 0 0, L_0000000002ce4030;  alias, 1 drivers
v0000000002c78810_0 .net "RegWrite_WB_i", 0 0, L_0000000002ce9030;  alias, 1 drivers
v0000000002c79530_0 .net "rd_MEM_i", 4 0, L_0000000002ce3ef0;  alias, 1 drivers
v0000000002c79c10_0 .net "rd_WB_i", 4 0, L_0000000002ce9710;  alias, 1 drivers
v0000000002c795d0_0 .net "rs_EX_i", 4 0, L_0000000002ce25f0;  alias, 1 drivers
v0000000002c79670_0 .net "rt_EX_i", 4 0, L_0000000002ce09d0;  alias, 1 drivers
E_0000000002c06750/0 .event edge, v0000000002c78bd0_0, v0000000002c79530_0, v0000000002c795d0_0, v0000000002c79670_0;
E_0000000002c06750/1 .event edge, v0000000002c78810_0, v0000000002c79c10_0;
E_0000000002c06750 .event/or E_0000000002c06750/0, E_0000000002c06750/1;
S_0000000001036690 .scope module, "Haz" "HazardDetect" 3 224, 13 4 0, S_00000000010619c0;
 .timescale -9 -12;
    .port_info 0 /INPUT 5 "rs_ID_i"
    .port_info 1 /INPUT 5 "rt_ID_i"
    .port_info 2 /INPUT 5 "rt_EX_i"
    .port_info 3 /INPUT 1 "MemRead_EX_i"
    .port_info 4 /INPUT 1 "PCSrc_i"
    .port_info 5 /OUTPUT 1 "PCWrite_o"
    .port_info 6 /OUTPUT 1 "IFIDWrite_o"
    .port_info 7 /OUTPUT 1 "IDFlush_o"
    .port_info 8 /OUTPUT 1 "EXFlush_o"
    .port_info 9 /OUTPUT 1 "MEMFlush_o"
v0000000002c79df0_0 .var "EXFlush_o", 0 0;
v0000000002c79e90_0 .var "IDFlush_o", 0 0;
v0000000002c79350_0 .var "IFIDWrite_o", 0 0;
v0000000002c78c70_0 .var "MEMFlush_o", 0 0;
v0000000002c79710_0 .net "MemRead_EX_i", 0 0, L_0000000002ce0f70;  alias, 1 drivers
v0000000002c7a250_0 .net "PCSrc_i", 0 0, L_00000000010bd350;  alias, 1 drivers
v0000000002c7a110_0 .var "PCWrite_o", 0 0;
v0000000002c78db0_0 .net "rs_ID_i", 4 0, L_0000000002c84ae0;  alias, 1 drivers
v0000000002c79850_0 .net "rt_EX_i", 4 0, L_0000000002ce09d0;  alias, 1 drivers
v0000000002c79210_0 .net "rt_ID_i", 4 0, L_0000000002c862a0;  alias, 1 drivers
E_0000000002c05b90/0 .event edge, v0000000002c79710_0, v0000000002c78db0_0, v0000000002c79670_0, v0000000002c79210_0;
E_0000000002c05b90/1 .event edge, v0000000002c7a250_0;
E_0000000002c05b90 .event/or E_0000000002c05b90/0, E_0000000002c05b90/1;
S_000000000102da00 .scope module, "IDFlushMUX" "MUX_2to1" 3 176, 9 12 0, S_00000000010619c0;
 .timescale -9 -12;
    .port_info 0 /INPUT 64 "data0_i"
    .port_info 1 /INPUT 64 "data1_i"
    .port_info 2 /INPUT 1 "select_i"
    .port_info 3 /OUTPUT 64 "data_o"
P_0000000002c060d0 .param/l "size" 0 9 19, +C4<00000000000000000000000001000000>;
v0000000002c79490_0 .net "data0_i", 63 0, L_0000000002c859e0;  alias, 1 drivers
L_0000000002c88808 .functor BUFT 1, C4<0000000000000000000000000000000000000000000000000000000000000000>, C4<0>, C4<0>, C4<0>;
v0000000002c79a30_0 .net "data1_i", 63 0, L_0000000002c88808;  1 drivers
v0000000002c78d10_0 .net "data_o", 63 0, L_0000000002c85580;  alias, 1 drivers
v0000000002c788b0_0 .net "select_i", 0 0, v0000000002c79e90_0;  alias, 1 drivers
L_0000000002c85580 .functor MUXZ 64, L_0000000002c859e0, L_0000000002c88808, v0000000002c79e90_0, C4<>;
S_000000000102db80 .scope module, "ID_EX" "Pipe_Reg" 3 253, 10 11 0, S_00000000010619c0;
 .timescale -9 -12;
    .port_info 0 /INPUT 1 "clk_i"
    .port_info 1 /INPUT 1 "rst_i"
    .port_info 2 /INPUT 154 "data_i"
    .port_info 3 /OUTPUT 154 "data_o"
P_0000000002c06190 .param/l "size" 0 10 18, +C4<000000000000000000000000010011010>;
v0000000002c78e50_0 .net "clk_i", 0 0, v0000000002c86f20_0;  alias, 1 drivers
v0000000002c7a570_0 .net "data_i", 153 0, L_0000000002ce2230;  1 drivers
v0000000002c7a1b0_0 .var "data_o", 153 0;
v0000000002c78ef0_0 .net "rst_i", 0 0, v0000000002c86d40_0;  alias, 1 drivers
S_00000000010281c0 .scope module, "IFIDWriteMUX" "MUX_2to1" 3 169, 9 12 0, S_00000000010619c0;
 .timescale -9 -12;
    .port_info 0 /INPUT 64 "data0_i"
    .port_info 1 /INPUT 64 "data1_i"
    .port_info 2 /INPUT 1 "select_i"
    .port_info 3 /OUTPUT 64 "data_o"
P_0000000002c05e10 .param/l "size" 0 9 19, +C4<00000000000000000000000001000000>;
v0000000002c797b0_0 .net "data0_i", 63 0, L_0000000002c86200;  1 drivers
v0000000002c798f0_0 .net "data1_i", 63 0, L_0000000002c854e0;  1 drivers
v0000000002c79f30_0 .net "data_o", 63 0, L_0000000002c859e0;  alias, 1 drivers
v0000000002c79fd0_0 .net "select_i", 0 0, v0000000002c79350_0;  alias, 1 drivers
L_0000000002c859e0 .functor MUXZ 64, L_0000000002c86200, L_0000000002c854e0, v0000000002c79350_0, C4<>;
S_0000000002c28b50 .scope module, "IF_ID" "Pipe_Reg" 3 184, 10 11 0, S_00000000010619c0;
 .timescale -9 -12;
    .port_info 0 /INPUT 1 "clk_i"
    .port_info 1 /INPUT 1 "rst_i"
    .port_info 2 /INPUT 64 "data_i"
    .port_info 3 /OUTPUT 64 "data_o"
P_0000000002c06350 .param/l "size" 0 10 18, +C4<00000000000000000000000001000000>;
v0000000002c79990_0 .net "clk_i", 0 0, v0000000002c86f20_0;  alias, 1 drivers
v0000000002c7a4d0_0 .net "data_i", 63 0, L_0000000002c85580;  alias, 1 drivers
v0000000002c7a2f0_0 .var "data_o", 63 0;
v0000000002c793f0_0 .net "rst_i", 0 0, v0000000002c86d40_0;  alias, 1 drivers
S_0000000002c28fd0 .scope module, "IM" "Instr_Memory" 3 158, 14 21 0, S_00000000010619c0;
 .timescale -9 -12;
    .port_info 0 /INPUT 32 "addr_i"
    .port_info 1 /OUTPUT 32 "instr_o"
L_00000000010bd190 .functor BUFZ 32, L_0000000002c847c0, C4<00000000000000000000000000000000>, C4<00000000000000000000000000000000>, C4<00000000000000000000000000000000>;
v0000000002c78950_0 .net *"_s0", 31 0, L_0000000002c847c0;  1 drivers
L_0000000002c88778 .functor BUFT 1, C4<00000000000000000000000000000100>, C4<0>, C4<0>, C4<0>;
v0000000002c79ad0_0 .net/2u *"_s2", 31 0, L_0000000002c88778;  1 drivers
v0000000002c7a070_0 .net *"_s4", 31 0, L_0000000002c85e40;  1 drivers
v0000000002c79b70_0 .net "addr_i", 31 0, v0000000002c7e2f0_0;  alias, 1 drivers
v0000000002c7a390_0 .var/i "i", 31 0;
v0000000002c78f90_0 .net "instr_o", 31 0, L_00000000010bd190;  alias, 1 drivers
v0000000002c79030 .array "instruction_file", 31 0, 31 0;
L_0000000002c847c0 .array/port v0000000002c79030, L_0000000002c85e40;
L_0000000002c85e40 .arith/div 32, v0000000002c7e2f0_0, L_0000000002c88778;
S_0000000002c28cd0 .scope module, "MEMFlushMUX_MEM" "MUX_2to1" 3 364, 9 12 0, S_00000000010619c0;
 .timescale -9 -12;
    .port_info 0 /INPUT 4 "data0_i"
    .port_info 1 /INPUT 4 "data1_i"
    .port_info 2 /INPUT 1 "select_i"
    .port_info 3 /OUTPUT 4 "data_o"
P_0000000002c06790 .param/l "size" 0 9 19, +C4<00000000000000000000000000000100>;
v0000000002c79cb0_0 .net "data0_i", 3 0, L_0000000002ce3810;  1 drivers
L_0000000002c89618 .functor BUFT 1, C4<0000>, C4<0>, C4<0>, C4<0>;
v0000000002c79d50_0 .net "data1_i", 3 0, L_0000000002c89618;  1 drivers
v0000000002c7a430_0 .net "data_o", 3 0, L_0000000002ce3d10;  alias, 1 drivers
v0000000002c7a610_0 .net "select_i", 0 0, v0000000002c78c70_0;  alias, 1 drivers
L_0000000002ce3d10 .functor MUXZ 4, L_0000000002ce3810, L_0000000002c89618, v0000000002c78c70_0, C4<>;
S_0000000002c292d0 .scope module, "MEMFlushMUX_WB" "MUX_2to1" 3 357, 9 12 0, S_00000000010619c0;
 .timescale -9 -12;
    .port_info 0 /INPUT 2 "data0_i"
    .port_info 1 /INPUT 2 "data1_i"
    .port_info 2 /INPUT 1 "select_i"
    .port_info 3 /OUTPUT 2 "data_o"
P_0000000002c05e50 .param/l "size" 0 9 19, +C4<00000000000000000000000000000010>;
v0000000002c78770_0 .net "data0_i", 1 0, L_0000000002ce4170;  1 drivers
L_0000000002c895d0 .functor BUFT 1, C4<00>, C4<0>, C4<0>, C4<0>;
v0000000002c789f0_0 .net "data1_i", 1 0, L_0000000002c895d0;  1 drivers
v0000000002c78a90_0 .net "data_o", 1 0, L_0000000002ce4210;  alias, 1 drivers
v0000000002c790d0_0 .net "select_i", 0 0, v0000000002c78c70_0;  alias, 1 drivers
L_0000000002ce4210 .functor MUXZ 2, L_0000000002ce4170, L_0000000002c895d0, v0000000002c78c70_0, C4<>;
S_0000000002c28e50 .scope module, "MEM_WB" "Pipe_Reg" 3 412, 10 11 0, S_00000000010619c0;
 .timescale -9 -12;
    .port_info 0 /INPUT 1 "clk_i"
    .port_info 1 /INPUT 1 "rst_i"
    .port_info 2 /INPUT 71 "data_i"
    .port_info 3 /OUTPUT 71 "data_o"
P_0000000002c05f10 .param/l "size" 0 10 18, +C4<000000000000000000000000001000111>;
v0000000002c79170_0 .net "clk_i", 0 0, v0000000002c86f20_0;  alias, 1 drivers
v0000000002c78b30_0 .net "data_i", 70 0, L_0000000002ce9a30;  1 drivers
v0000000002c792b0_0 .var "data_o", 70 0;
v0000000002c7da30_0 .net "rst_i", 0 0, v0000000002c86d40_0;  alias, 1 drivers
S_0000000002c29150 .scope module, "Mux1" "MUX_2to1" 3 137, 9 12 0, S_00000000010619c0;
 .timescale -9 -12;
    .port_info 0 /INPUT 32 "data0_i"
    .port_info 1 /INPUT 32 "data1_i"
    .port_info 2 /INPUT 1 "select_i"
    .port_info 3 /OUTPUT 32 "data_o"
P_0000000002c06710 .param/l "size" 0 9 19, +C4<00000000000000000000000000100000>;
v0000000002c7d490_0 .net "data0_i", 31 0, L_0000000002c85080;  alias, 1 drivers
v0000000002c7e070_0 .net "data1_i", 31 0, L_0000000002ce39f0;  alias, 1 drivers
v0000000002c7d3f0_0 .net "data_o", 31 0, L_0000000002c84d60;  alias, 1 drivers
v0000000002c7d350_0 .net "select_i", 0 0, L_00000000010bd350;  alias, 1 drivers
L_0000000002c84d60 .functor MUXZ 32, L_0000000002c85080, L_0000000002ce39f0, L_00000000010bd350, C4<>;
S_0000000002c295d0 .scope module, "Mux2" "MUX_2to1" 3 327, 9 12 0, S_00000000010619c0;
 .timescale -9 -12;
    .port_info 0 /INPUT 32 "data0_i"
    .port_info 1 /INPUT 32 "data1_i"
    .port_info 2 /INPUT 1 "select_i"
    .port_info 3 /OUTPUT 32 "data_o"
P_0000000002c066d0 .param/l "size" 0 9 19, +C4<00000000000000000000000000100000>;
v0000000002c7dcb0_0 .net "data0_i", 31 0, L_0000000002ce3450;  alias, 1 drivers
v0000000002c7d8f0_0 .net "data1_i", 31 0, L_0000000002ce1a10;  alias, 1 drivers
v0000000002c7e610_0 .net "data_o", 31 0, L_0000000002ce36d0;  alias, 1 drivers
v0000000002c7df30_0 .net "select_i", 0 0, L_0000000002ce0930;  alias, 1 drivers
L_0000000002ce36d0 .functor MUXZ 32, L_0000000002ce3450, L_0000000002ce1a10, L_0000000002ce0930, C4<>;
S_0000000002c29450 .scope module, "Mux3" "MUX_2to1" 3 350, 9 12 0, S_00000000010619c0;
 .timescale -9 -12;
    .port_info 0 /INPUT 5 "data0_i"
    .port_info 1 /INPUT 5 "data1_i"
    .port_info 2 /INPUT 1 "select_i"
    .port_info 3 /OUTPUT 5 "data_o"
P_0000000002c05bd0 .param/l "size" 0 9 19, +C4<00000000000000000000000000000101>;
v0000000002c7e430_0 .net "data0_i", 4 0, L_0000000002ce09d0;  alias, 1 drivers
v0000000002c7e110_0 .net "data1_i", 4 0, L_0000000002ce1bf0;  alias, 1 drivers
v0000000002c7d530_0 .net "data_o", 4 0, L_0000000002ce2ff0;  alias, 1 drivers
v0000000002c7e390_0 .net "select_i", 0 0, L_0000000002ce18d0;  alias, 1 drivers
L_0000000002ce2ff0 .functor MUXZ 5, L_0000000002ce09d0, L_0000000002ce1bf0, L_0000000002ce18d0, C4<>;
S_0000000002c29750 .scope module, "Mux4" "MUX_2to1" 3 434, 9 12 0, S_00000000010619c0;
 .timescale -9 -12;
    .port_info 0 /INPUT 32 "data0_i"
    .port_info 1 /INPUT 32 "data1_i"
    .port_info 2 /INPUT 1 "select_i"
    .port_info 3 /OUTPUT 32 "data_o"
P_0000000002c06250 .param/l "size" 0 9 19, +C4<00000000000000000000000000100000>;
v0000000002c7d2b0_0 .net "data0_i", 31 0, L_0000000002ce98f0;  alias, 1 drivers
v0000000002c7dad0_0 .net "data1_i", 31 0, L_0000000002ce9c10;  alias, 1 drivers
v0000000002c7d170_0 .net "data_o", 31 0, L_0000000002ce9cb0;  alias, 1 drivers
v0000000002c7d5d0_0 .net "select_i", 0 0, L_0000000002ce9990;  alias, 1 drivers
L_0000000002ce9cb0 .functor MUXZ 32, L_0000000002ce98f0, L_0000000002ce9c10, L_0000000002ce9990, C4<>;
S_0000000002c289d0 .scope module, "MuxPC" "MUX_2to1" 3 144, 9 12 0, S_00000000010619c0;
 .timescale -9 -12;
    .port_info 0 /INPUT 32 "data0_i"
    .port_info 1 /INPUT 32 "data1_i"
    .port_info 2 /INPUT 1 "select_i"
    .port_info 3 /OUTPUT 32 "data_o"
P_0000000002c05f50 .param/l "size" 0 9 19, +C4<00000000000000000000000000100000>;
v0000000002c7d670_0 .net "data0_i", 31 0, v0000000002c7e2f0_0;  alias, 1 drivers
v0000000002c7de90_0 .net "data1_i", 31 0, L_0000000002c84d60;  alias, 1 drivers
v0000000002c7db70_0 .net "data_o", 31 0, L_0000000002c849a0;  alias, 1 drivers
v0000000002c7d710_0 .net "select_i", 0 0, v0000000002c7a110_0;  alias, 1 drivers
L_0000000002c849a0 .functor MUXZ 32, v0000000002c7e2f0_0, L_0000000002c84d60, v0000000002c7a110_0, C4<>;
S_0000000002c84120 .scope module, "PC" "ProgramCounter" 3 151, 15 12 0, S_00000000010619c0;
 .timescale -9 -12;
    .port_info 0 /INPUT 1 "clk_i"
    .port_info 1 /INPUT 1 "rst_i"
    .port_info 2 /INPUT 32 "pc_in_i"
    .port_info 3 /OUTPUT 32 "pc_out_o"
v0000000002c7ddf0_0 .net "clk_i", 0 0, v0000000002c86f20_0;  alias, 1 drivers
v0000000002c7d850_0 .net "pc_in_i", 31 0, L_0000000002c849a0;  alias, 1 drivers
v0000000002c7e2f0_0 .var "pc_out_o", 31 0;
v0000000002c7dc10_0 .net "rst_i", 0 0, v0000000002c86d40_0;  alias, 1 drivers
S_0000000002c82c20 .scope module, "RF" "Reg_File" 3 197, 16 11 0, S_00000000010619c0;
 .timescale -9 -12;
    .port_info 0 /INPUT 1 "clk_i"
    .port_info 1 /INPUT 1 "rst_i"
    .port_info 2 /INPUT 5 "RSaddr_i"
    .port_info 3 /INPUT 5 "RTaddr_i"
    .port_info 4 /INPUT 5 "RDaddr_i"
    .port_info 5 /INPUT 32 "RDdata_i"
    .port_info 6 /INPUT 1 "RegWrite_i"
    .port_info 7 /OUTPUT 32 "RSdata_o"
    .port_info 8 /OUTPUT 32 "RTdata_o"
L_00000000010bde40 .functor AND 1, L_0000000002ce9030, L_0000000002c853a0, C4<1>, C4<1>;
L_00000000010bd660 .functor AND 1, L_0000000002ce9030, L_0000000002c84860, C4<1>, C4<1>;
v0000000002c7d7b0_0 .net "RDaddr_i", 4 0, L_0000000002ce9710;  alias, 1 drivers
v0000000002c7d990_0 .net "RDdata_i", 31 0, L_0000000002ce9cb0;  alias, 1 drivers
v0000000002c7e4d0_0 .net "RSaddr_i", 4 0, L_0000000002c84ae0;  alias, 1 drivers
v0000000002c7e1b0_0 .net "RSdata_o", 31 0, L_0000000002c85b20;  alias, 1 drivers
v0000000002c7cf90_0 .net "RTaddr_i", 4 0, L_0000000002c862a0;  alias, 1 drivers
v0000000002c7dd50_0 .net "RTdata_o", 31 0, L_0000000002c85620;  alias, 1 drivers
v0000000002c7dfd0_0 .net "RegWrite_i", 0 0, L_0000000002ce9030;  alias, 1 drivers
v0000000002c7d030 .array/s "Reg_File", 31 0, 31 0;
v0000000002c7e250_0 .net *"_s0", 0 0, L_0000000002c853a0;  1 drivers
v0000000002c7d0d0_0 .net *"_s12", 0 0, L_0000000002c84860;  1 drivers
v0000000002c7d210_0 .net *"_s14", 0 0, L_00000000010bd660;  1 drivers
v0000000002c7ce50_0 .net *"_s16", 31 0, L_0000000002c86700;  1 drivers
v0000000002c7bf50_0 .net *"_s18", 6 0, L_0000000002c85260;  1 drivers
v0000000002c7ae70_0 .net *"_s2", 0 0, L_00000000010bde40;  1 drivers
L_0000000002c88898 .functor BUFT 1, C4<00>, C4<0>, C4<0>, C4<0>;
v0000000002c7c1d0_0 .net *"_s21", 1 0, L_0000000002c88898;  1 drivers
v0000000002c7beb0_0 .net *"_s4", 31 0, L_0000000002c85760;  1 drivers
v0000000002c7bff0_0 .net *"_s6", 6 0, L_0000000002c85440;  1 drivers
L_0000000002c88850 .functor BUFT 1, C4<00>, C4<0>, C4<0>, C4<0>;
v0000000002c7b910_0 .net *"_s9", 1 0, L_0000000002c88850;  1 drivers
v0000000002c7aa10_0 .net "clk_i", 0 0, v0000000002c86f20_0;  alias, 1 drivers
v0000000002c7ad30_0 .net "rst_i", 0 0, v0000000002c86d40_0;  alias, 1 drivers
E_0000000002c06810 .event posedge, v0000000002c74b10_0, v0000000002c76800_0;
L_0000000002c853a0 .cmp/eq 5, L_0000000002c84ae0, L_0000000002ce9710;
L_0000000002c85760 .array/port v0000000002c7d030, L_0000000002c85440;
L_0000000002c85440 .concat [ 5 2 0 0], L_0000000002c84ae0, L_0000000002c88850;
L_0000000002c85b20 .functor MUXZ 32, L_0000000002c85760, L_0000000002ce9cb0, L_00000000010bde40, C4<>;
L_0000000002c84860 .cmp/eq 5, L_0000000002c862a0, L_0000000002ce9710;
L_0000000002c86700 .array/port v0000000002c7d030, L_0000000002c85260;
L_0000000002c85260 .concat [ 5 2 0 0], L_0000000002c862a0, L_0000000002c88898;
L_0000000002c85620 .functor MUXZ 32, L_0000000002c86700, L_0000000002ce9cb0, L_00000000010bd660, C4<>;
S_0000000002c82f20 .scope module, "Sign_Extend" "Sign_Extend" 3 237, 17 12 0, S_00000000010619c0;
 .timescale -9 -12;
    .port_info 0 /INPUT 16 "data_i"
    .port_info 1 /OUTPUT 32 "data_o"
L_00000000010bd430 .functor BUFZ 16, L_0000000002ce1fb0, C4<0000000000000000>, C4<0000000000000000>, C4<0000000000000000>;
v0000000002c7b9b0_0 .net *"_s11", 0 0, L_0000000002ce2b90;  1 drivers
v0000000002c7c310_0 .net *"_s15", 0 0, L_0000000002ce1650;  1 drivers
v0000000002c7b690_0 .net *"_s19", 0 0, L_0000000002ce29b0;  1 drivers
v0000000002c7a8d0_0 .net *"_s23", 0 0, L_0000000002ce16f0;  1 drivers
v0000000002c7ba50_0 .net *"_s27", 0 0, L_0000000002ce1290;  1 drivers
v0000000002c7c590_0 .net *"_s3", 0 0, L_0000000002ce2cd0;  1 drivers
v0000000002c7b370_0 .net *"_s31", 0 0, L_0000000002ce2050;  1 drivers
v0000000002c7cef0_0 .net *"_s35", 0 0, L_0000000002ce07f0;  1 drivers
v0000000002c7c630_0 .net *"_s39", 0 0, L_0000000002ce1470;  1 drivers
v0000000002c7c6d0_0 .net *"_s43", 0 0, L_0000000002ce2190;  1 drivers
v0000000002c7c770_0 .net *"_s47", 0 0, L_0000000002ce2730;  1 drivers
v0000000002c7c090_0 .net *"_s51", 0 0, L_0000000002ce2eb0;  1 drivers
v0000000002c7aab0_0 .net *"_s55", 0 0, L_0000000002ce1330;  1 drivers
v0000000002c7bb90_0 .net *"_s59", 0 0, L_0000000002ce0d90;  1 drivers
v0000000002c7baf0_0 .net *"_s63", 0 0, L_0000000002ce0890;  1 drivers
v0000000002c7c8b0_0 .net *"_s68", 15 0, L_00000000010bd430;  1 drivers
v0000000002c7cb30_0 .net *"_s7", 0 0, L_0000000002ce2e10;  1 drivers
v0000000002c7c130_0 .net "data_i", 15 0, L_0000000002ce1fb0;  1 drivers
v0000000002c7c270_0 .net "data_o", 31 0, L_0000000002ce0bb0;  alias, 1 drivers
L_0000000002ce2cd0 .part L_0000000002ce1fb0, 15, 1;
L_0000000002ce2e10 .part L_0000000002ce1fb0, 15, 1;
L_0000000002ce2b90 .part L_0000000002ce1fb0, 15, 1;
L_0000000002ce1650 .part L_0000000002ce1fb0, 15, 1;
L_0000000002ce29b0 .part L_0000000002ce1fb0, 15, 1;
L_0000000002ce16f0 .part L_0000000002ce1fb0, 15, 1;
L_0000000002ce1290 .part L_0000000002ce1fb0, 15, 1;
L_0000000002ce2050 .part L_0000000002ce1fb0, 15, 1;
L_0000000002ce07f0 .part L_0000000002ce1fb0, 15, 1;
L_0000000002ce1470 .part L_0000000002ce1fb0, 15, 1;
L_0000000002ce2190 .part L_0000000002ce1fb0, 15, 1;
L_0000000002ce2730 .part L_0000000002ce1fb0, 15, 1;
L_0000000002ce2eb0 .part L_0000000002ce1fb0, 15, 1;
L_0000000002ce1330 .part L_0000000002ce1fb0, 15, 1;
L_0000000002ce0d90 .part L_0000000002ce1fb0, 15, 1;
L_0000000002ce0890 .part L_0000000002ce1fb0, 15, 1;
LS_0000000002ce0bb0_0_0 .concat8 [ 16 1 1 1], L_00000000010bd430, L_0000000002ce0890, L_0000000002ce0d90, L_0000000002ce1330;
LS_0000000002ce0bb0_0_4 .concat8 [ 1 1 1 1], L_0000000002ce2eb0, L_0000000002ce2730, L_0000000002ce2190, L_0000000002ce1470;
LS_0000000002ce0bb0_0_8 .concat8 [ 1 1 1 1], L_0000000002ce07f0, L_0000000002ce2050, L_0000000002ce1290, L_0000000002ce16f0;
LS_0000000002ce0bb0_0_12 .concat8 [ 1 1 1 1], L_0000000002ce29b0, L_0000000002ce1650, L_0000000002ce2b90, L_0000000002ce2e10;
LS_0000000002ce0bb0_0_16 .concat8 [ 1 0 0 0], L_0000000002ce2cd0;
LS_0000000002ce0bb0_1_0 .concat8 [ 19 4 4 4], LS_0000000002ce0bb0_0_0, LS_0000000002ce0bb0_0_4, LS_0000000002ce0bb0_0_8, LS_0000000002ce0bb0_0_12;
LS_0000000002ce0bb0_1_4 .concat8 [ 1 0 0 0], LS_0000000002ce0bb0_0_16;
L_0000000002ce0bb0 .concat8 [ 31 1 0 0], LS_0000000002ce0bb0_1_0, LS_0000000002ce0bb0_1_4;
S_0000000002c845a0 .scope module, "shifter" "Shift_Left_Two_32" 3 286, 18 10 0, S_00000000010619c0;
 .timescale -9 -12;
    .port_info 0 /INPUT 32 "data_i"
    .port_info 1 /OUTPUT 32 "data_o"
v0000000002c7c3b0_0 .net *"_s3", 29 0, L_0000000002ce2c30;  1 drivers
L_0000000002c89150 .functor BUFT 1, C4<00>, C4<0>, C4<0>, C4<0>;
v0000000002c7c450_0 .net/2s *"_s7", 1 0, L_0000000002c89150;  1 drivers
v0000000002c7c4f0_0 .net "data_i", 31 0, L_0000000002ce1a10;  alias, 1 drivers
v0000000002c7c810_0 .net "data_o", 31 0, L_0000000002ce0b10;  alias, 1 drivers
L_0000000002ce2c30 .part L_0000000002ce1a10, 0, 30;
L_0000000002ce0b10 .concat8 [ 2 30 0 0], L_0000000002c89150, L_0000000002ce2c30;
    .scope S_0000000002c84120;
T_0 ;
    %wait E_0000000002c06610;
    %load/vec4 v0000000002c7dc10_0;
    %inv;
    %flag_set/vec4 8;
    %jmp/0xz  T_0.0, 8;
    %pushi/vec4 0, 0, 32;
    %assign/vec4 v0000000002c7e2f0_0, 0;
    %jmp T_0.1;
T_0.0 ;
    %load/vec4 v0000000002c7d850_0;
    %assign/vec4 v0000000002c7e2f0_0, 0;
T_0.1 ;
    %jmp T_0;
    .thread T_0;
    .scope S_0000000002c28fd0;
T_1 ;
    %pushi/vec4 0, 0, 32;
    %store/vec4 v0000000002c7a390_0, 0, 32;
T_1.0 ;
    %load/vec4 v0000000002c7a390_0;
    %cmpi/s 32, 0, 32;
    %jmp/0xz T_1.1, 5;
    %pushi/vec4 0, 0, 32;
    %ix/getv/s 4, v0000000002c7a390_0;
    %store/vec4a v0000000002c79030, 4, 0;
    %load/vec4 v0000000002c7a390_0;
    %addi 1, 0, 32;
    %store/vec4 v0000000002c7a390_0, 0, 32;
    %jmp T_1.0;
T_1.1 ;
    %vpi_call 14 40 "$readmemb", "CO_P4_test_3.txt", v0000000002c79030 {0 0 0};
    %end;
    .thread T_1;
    .scope S_0000000002c28b50;
T_2 ;
    %wait E_0000000002c06610;
    %load/vec4 v0000000002c793f0_0;
    %inv;
    %flag_set/vec4 8;
    %jmp/0xz  T_2.0, 8;
    %pushi/vec4 0, 0, 64;
    %assign/vec4 v0000000002c7a2f0_0, 0;
    %jmp T_2.1;
T_2.0 ;
    %load/vec4 v0000000002c7a4d0_0;
    %assign/vec4 v0000000002c7a2f0_0, 0;
T_2.1 ;
    %jmp T_2;
    .thread T_2;
    .scope S_0000000002c82c20;
T_3 ;
    %wait E_0000000002c06810;
    %load/vec4 v0000000002c7ad30_0;
    %pad/u 32;
    %cmpi/e 0, 0, 32;
    %jmp/0xz  T_3.0, 4;
    %pushi/vec4 0, 0, 32;
    %ix/load 3, 0, 0;
    %flag_set/imm 4, 0;
    %ix/load 4, 0, 0; Constant delay
    %assign/vec4/a/d v0000000002c7d030, 0, 4;
    %pushi/vec4 0, 0, 32;
    %ix/load 3, 1, 0;
    %flag_set/imm 4, 0;
    %ix/load 4, 0, 0; Constant delay
    %assign/vec4/a/d v0000000002c7d030, 0, 4;
    %pushi/vec4 0, 0, 32;
    %ix/load 3, 2, 0;
    %flag_set/imm 4, 0;
    %ix/load 4, 0, 0; Constant delay
    %assign/vec4/a/d v0000000002c7d030, 0, 4;
    %pushi/vec4 0, 0, 32;
    %ix/load 3, 3, 0;
    %flag_set/imm 4, 0;
    %ix/load 4, 0, 0; Constant delay
    %assign/vec4/a/d v0000000002c7d030, 0, 4;
    %pushi/vec4 0, 0, 32;
    %ix/load 3, 4, 0;
    %flag_set/imm 4, 0;
    %ix/load 4, 0, 0; Constant delay
    %assign/vec4/a/d v0000000002c7d030, 0, 4;
    %pushi/vec4 0, 0, 32;
    %ix/load 3, 5, 0;
    %flag_set/imm 4, 0;
    %ix/load 4, 0, 0; Constant delay
    %assign/vec4/a/d v0000000002c7d030, 0, 4;
    %pushi/vec4 0, 0, 32;
    %ix/load 3, 6, 0;
    %flag_set/imm 4, 0;
    %ix/load 4, 0, 0; Constant delay
    %assign/vec4/a/d v0000000002c7d030, 0, 4;
    %pushi/vec4 0, 0, 32;
    %ix/load 3, 7, 0;
    %flag_set/imm 4, 0;
    %ix/load 4, 0, 0; Constant delay
    %assign/vec4/a/d v0000000002c7d030, 0, 4;
    %pushi/vec4 0, 0, 32;
    %ix/load 3, 8, 0;
    %flag_set/imm 4, 0;
    %ix/load 4, 0, 0; Constant delay
    %assign/vec4/a/d v0000000002c7d030, 0, 4;
    %pushi/vec4 0, 0, 32;
    %ix/load 3, 9, 0;
    %flag_set/imm 4, 0;
    %ix/load 4, 0, 0; Constant delay
    %assign/vec4/a/d v0000000002c7d030, 0, 4;
    %pushi/vec4 0, 0, 32;
    %ix/load 3, 10, 0;
    %flag_set/imm 4, 0;
    %ix/load 4, 0, 0; Constant delay
    %assign/vec4/a/d v0000000002c7d030, 0, 4;
    %pushi/vec4 0, 0, 32;
    %ix/load 3, 11, 0;
    %flag_set/imm 4, 0;
    %ix/load 4, 0, 0; Constant delay
    %assign/vec4/a/d v0000000002c7d030, 0, 4;
    %pushi/vec4 0, 0, 32;
    %ix/load 3, 12, 0;
    %flag_set/imm 4, 0;
    %ix/load 4, 0, 0; Constant delay
    %assign/vec4/a/d v0000000002c7d030, 0, 4;
    %pushi/vec4 0, 0, 32;
    %ix/load 3, 13, 0;
    %flag_set/imm 4, 0;
    %ix/load 4, 0, 0; Constant delay
    %assign/vec4/a/d v0000000002c7d030, 0, 4;
    %pushi/vec4 0, 0, 32;
    %ix/load 3, 14, 0;
    %flag_set/imm 4, 0;
    %ix/load 4, 0, 0; Constant delay
    %assign/vec4/a/d v0000000002c7d030, 0, 4;
    %pushi/vec4 0, 0, 32;
    %ix/load 3, 15, 0;
    %flag_set/imm 4, 0;
    %ix/load 4, 0, 0; Constant delay
    %assign/vec4/a/d v0000000002c7d030, 0, 4;
    %pushi/vec4 0, 0, 32;
    %ix/load 3, 16, 0;
    %flag_set/imm 4, 0;
    %ix/load 4, 0, 0; Constant delay
    %assign/vec4/a/d v0000000002c7d030, 0, 4;
    %pushi/vec4 0, 0, 32;
    %ix/load 3, 17, 0;
    %flag_set/imm 4, 0;
    %ix/load 4, 0, 0; Constant delay
    %assign/vec4/a/d v0000000002c7d030, 0, 4;
    %pushi/vec4 0, 0, 32;
    %ix/load 3, 18, 0;
    %flag_set/imm 4, 0;
    %ix/load 4, 0, 0; Constant delay
    %assign/vec4/a/d v0000000002c7d030, 0, 4;
    %pushi/vec4 0, 0, 32;
    %ix/load 3, 19, 0;
    %flag_set/imm 4, 0;
    %ix/load 4, 0, 0; Constant delay
    %assign/vec4/a/d v0000000002c7d030, 0, 4;
    %pushi/vec4 0, 0, 32;
    %ix/load 3, 20, 0;
    %flag_set/imm 4, 0;
    %ix/load 4, 0, 0; Constant delay
    %assign/vec4/a/d v0000000002c7d030, 0, 4;
    %pushi/vec4 0, 0, 32;
    %ix/load 3, 21, 0;
    %flag_set/imm 4, 0;
    %ix/load 4, 0, 0; Constant delay
    %assign/vec4/a/d v0000000002c7d030, 0, 4;
    %pushi/vec4 0, 0, 32;
    %ix/load 3, 22, 0;
    %flag_set/imm 4, 0;
    %ix/load 4, 0, 0; Constant delay
    %assign/vec4/a/d v0000000002c7d030, 0, 4;
    %pushi/vec4 0, 0, 32;
    %ix/load 3, 23, 0;
    %flag_set/imm 4, 0;
    %ix/load 4, 0, 0; Constant delay
    %assign/vec4/a/d v0000000002c7d030, 0, 4;
    %pushi/vec4 0, 0, 32;
    %ix/load 3, 24, 0;
    %flag_set/imm 4, 0;
    %ix/load 4, 0, 0; Constant delay
    %assign/vec4/a/d v0000000002c7d030, 0, 4;
    %pushi/vec4 0, 0, 32;
    %ix/load 3, 25, 0;
    %flag_set/imm 4, 0;
    %ix/load 4, 0, 0; Constant delay
    %assign/vec4/a/d v0000000002c7d030, 0, 4;
    %pushi/vec4 0, 0, 32;
    %ix/load 3, 26, 0;
    %flag_set/imm 4, 0;
    %ix/load 4, 0, 0; Constant delay
    %assign/vec4/a/d v0000000002c7d030, 0, 4;
    %pushi/vec4 0, 0, 32;
    %ix/load 3, 27, 0;
    %flag_set/imm 4, 0;
    %ix/load 4, 0, 0; Constant delay
    %assign/vec4/a/d v0000000002c7d030, 0, 4;
    %pushi/vec4 0, 0, 32;
    %ix/load 3, 28, 0;
    %flag_set/imm 4, 0;
    %ix/load 4, 0, 0; Constant delay
    %assign/vec4/a/d v0000000002c7d030, 0, 4;
    %pushi/vec4 0, 0, 32;
    %ix/load 3, 29, 0;
    %flag_set/imm 4, 0;
    %ix/load 4, 0, 0; Constant delay
    %assign/vec4/a/d v0000000002c7d030, 0, 4;
    %pushi/vec4 0, 0, 32;
    %ix/load 3, 30, 0;
    %flag_set/imm 4, 0;
    %ix/load 4, 0, 0; Constant delay
    %assign/vec4/a/d v0000000002c7d030, 0, 4;
    %pushi/vec4 0, 0, 32;
    %ix/load 3, 31, 0;
    %flag_set/imm 4, 0;
    %ix/load 4, 0, 0; Constant delay
    %assign/vec4/a/d v0000000002c7d030, 0, 4;
    %jmp T_3.1;
T_3.0 ;
    %load/vec4 v0000000002c7dfd0_0;
    %flag_set/vec4 8;
    %jmp/0xz  T_3.2, 8;
    %load/vec4 v0000000002c7d990_0;
    %load/vec4 v0000000002c7d7b0_0;
    %pad/u 7;
    %ix/vec4 3;
    %ix/load 4, 0, 0; Constant delay
    %assign/vec4/a/d v0000000002c7d030, 0, 4;
    %jmp T_3.3;
T_3.2 ;
    %load/vec4 v0000000002c7d7b0_0;
    %pad/u 7;
    %ix/vec4 4;
    %load/vec4a v0000000002c7d030, 4;
    %load/vec4 v0000000002c7d7b0_0;
    %pad/u 7;
    %ix/vec4 3;
    %ix/load 4, 0, 0; Constant delay
    %assign/vec4/a/d v0000000002c7d030, 0, 4;
T_3.3 ;
T_3.1 ;
    %jmp T_3;
    .thread T_3;
    .scope S_0000000001036690;
T_4 ;
    %wait E_0000000002c05b90;
    %pushi/vec4 1, 0, 1;
    %store/vec4 v0000000002c7a110_0, 0, 1;
    %pushi/vec4 1, 0, 1;
    %store/vec4 v0000000002c79350_0, 0, 1;
    %pushi/vec4 0, 0, 1;
    %store/vec4 v0000000002c79e90_0, 0, 1;
    %pushi/vec4 0, 0, 1;
    %store/vec4 v0000000002c79df0_0, 0, 1;
    %pushi/vec4 0, 0, 1;
    %store/vec4 v0000000002c78c70_0, 0, 1;
    %load/vec4 v0000000002c79710_0;
    %load/vec4 v0000000002c78db0_0;
    %load/vec4 v0000000002c79850_0;
    %cmp/e;
    %flag_get/vec4 4;
    %load/vec4 v0000000002c79210_0;
    %load/vec4 v0000000002c79850_0;
    %cmp/e;
    %flag_get/vec4 4;
    %or;
    %and;
    %flag_set/vec4 8;
    %jmp/0xz  T_4.0, 8;
    %pushi/vec4 0, 0, 1;
    %store/vec4 v0000000002c7a110_0, 0, 1;
    %pushi/vec4 0, 0, 1;
    %store/vec4 v0000000002c79350_0, 0, 1;
    %pushi/vec4 1, 0, 1;
    %store/vec4 v0000000002c79df0_0, 0, 1;
T_4.0 ;
    %load/vec4 v0000000002c7a250_0;
    %flag_set/vec4 8;
    %jmp/0xz  T_4.2, 8;
    %pushi/vec4 1, 0, 1;
    %store/vec4 v0000000002c79e90_0, 0, 1;
    %pushi/vec4 1, 0, 1;
    %store/vec4 v0000000002c79df0_0, 0, 1;
    %pushi/vec4 1, 0, 1;
    %store/vec4 v0000000002c78c70_0, 0, 1;
T_4.2 ;
    %jmp T_4;
    .thread T_4, $push;
    .scope S_000000000102db80;
T_5 ;
    %wait E_0000000002c06610;
    %load/vec4 v0000000002c78ef0_0;
    %inv;
    %flag_set/vec4 8;
    %jmp/0xz  T_5.0, 8;
    %pushi/vec4 0, 0, 154;
    %assign/vec4 v0000000002c7a1b0_0, 0;
    %jmp T_5.1;
T_5.0 ;
    %load/vec4 v0000000002c7a570_0;
    %assign/vec4 v0000000002c7a1b0_0, 0;
T_5.1 ;
    %jmp T_5;
    .thread T_5;
    .scope S_0000000001036510;
T_6 ;
    %wait E_0000000002c06750;
    %pushi/vec4 0, 0, 2;
    %store/vec4 v0000000002c77840_0, 0, 2;
    %pushi/vec4 0, 0, 2;
    %store/vec4 v0000000002c778e0_0, 0, 2;
    %load/vec4 v0000000002c78bd0_0;
    %load/vec4 v0000000002c79530_0;
    %pad/u 32;
    %pushi/vec4 0, 0, 32;
    %cmp/e;
    %flag_get/vec4 4;
    %inv;
    %and;
    %flag_set/vec4 8;
    %jmp/0xz  T_6.0, 8;
    %load/vec4 v0000000002c795d0_0;
    %load/vec4 v0000000002c79530_0;
    %cmp/e;
    %jmp/0xz  T_6.2, 4;
    %pushi/vec4 2, 0, 2;
    %store/vec4 v0000000002c77840_0, 0, 2;
T_6.2 ;
    %load/vec4 v0000000002c79670_0;
    %load/vec4 v0000000002c79530_0;
    %cmp/e;
    %jmp/0xz  T_6.4, 4;
    %pushi/vec4 2, 0, 2;
    %store/vec4 v0000000002c778e0_0, 0, 2;
T_6.4 ;
T_6.0 ;
    %load/vec4 v0000000002c78810_0;
    %load/vec4 v0000000002c79c10_0;
    %pad/u 32;
    %pushi/vec4 0, 0, 32;
    %cmp/e;
    %flag_get/vec4 4;
    %inv;
    %and;
    %flag_set/vec4 8;
    %jmp/0xz  T_6.6, 8;
    %load/vec4 v0000000002c78bd0_0;
    %load/vec4 v0000000002c79530_0;
    %pad/u 32;
    %pushi/vec4 0, 0, 32;
    %cmp/e;
    %flag_get/vec4 4;
    %inv;
    %and;
    %load/vec4 v0000000002c795d0_0;
    %load/vec4 v0000000002c79530_0;
    %cmp/e;
    %flag_get/vec4 4;
    %and;
    %nor/r;
    %load/vec4 v0000000002c795d0_0;
    %load/vec4 v0000000002c79c10_0;
    %cmp/e;
    %flag_get/vec4 4;
    %and;
    %flag_set/vec4 8;
    %jmp/0xz  T_6.8, 8;
    %pushi/vec4 1, 0, 2;
    %store/vec4 v0000000002c77840_0, 0, 2;
T_6.8 ;
    %load/vec4 v0000000002c78bd0_0;
    %load/vec4 v0000000002c79530_0;
    %pad/u 32;
    %pushi/vec4 0, 0, 32;
    %cmp/e;
    %flag_get/vec4 4;
    %inv;
    %and;
    %load/vec4 v0000000002c79670_0;
    %load/vec4 v0000000002c79530_0;
    %cmp/e;
    %flag_get/vec4 4;
    %and;
    %nor/r;
    %load/vec4 v0000000002c79670_0;
    %load/vec4 v0000000002c79c10_0;
    %cmp/e;
    %flag_get/vec4 4;
    %and;
    %flag_set/vec4 8;
    %jmp/0xz  T_6.10, 8;
    %pushi/vec4 1, 0, 2;
    %store/vec4 v0000000002c778e0_0, 0, 2;
T_6.10 ;
T_6.6 ;
    %jmp T_6;
    .thread T_6, $push;
    .scope S_0000000001061b40;
T_7 ;
    %wait E_0000000002c0ba10;
    %pushi/vec4 0, 0, 32;
    %store/vec4 v0000000002be5fd0_0, 0, 32;
    %load/vec4 v0000000002be6610_0;
    %dup/vec4;
    %pushi/vec4 0, 0, 4;
    %cmp/u;
    %jmp/1 T_7.0, 6;
    %dup/vec4;
    %pushi/vec4 1, 0, 4;
    %cmp/u;
    %jmp/1 T_7.1, 6;
    %dup/vec4;
    %pushi/vec4 2, 0, 4;
    %cmp/u;
    %jmp/1 T_7.2, 6;
    %dup/vec4;
    %pushi/vec4 3, 0, 4;
    %cmp/u;
    %jmp/1 T_7.3, 6;
    %dup/vec4;
    %pushi/vec4 6, 0, 4;
    %cmp/u;
    %jmp/1 T_7.4, 6;
    %dup/vec4;
    %pushi/vec4 7, 0, 4;
    %cmp/u;
    %jmp/1 T_7.5, 6;
    %dup/vec4;
    %pushi/vec4 8, 0, 4;
    %cmp/u;
    %jmp/1 T_7.6, 6;
    %dup/vec4;
    %pushi/vec4 9, 0, 4;
    %cmp/u;
    %jmp/1 T_7.7, 6;
    %dup/vec4;
    %pushi/vec4 12, 0, 4;
    %cmp/u;
    %jmp/1 T_7.8, 6;
    %jmp T_7.9;
T_7.0 ;
    %load/vec4 v0000000002be70b0_0;
    %load/vec4 v0000000002be66b0_0;
    %and;
    %store/vec4 v0000000002be5fd0_0, 0, 32;
    %jmp T_7.9;
T_7.1 ;
    %load/vec4 v0000000002be70b0_0;
    %load/vec4 v0000000002be66b0_0;
    %or;
    %store/vec4 v0000000002be5fd0_0, 0, 32;
    %jmp T_7.9;
T_7.2 ;
    %load/vec4 v0000000002be70b0_0;
    %load/vec4 v0000000002be66b0_0;
    %add;
    %store/vec4 v0000000002be5fd0_0, 0, 32;
    %jmp T_7.9;
T_7.3 ;
    %load/vec4 v0000000002be70b0_0;
    %load/vec4 v0000000002be66b0_0;
    %cmp/s;
    %flag_or 5, 4;
    %flag_mov 8, 5;
    %jmp/0 T_7.10, 8;
    %pushi/vec4 1, 0, 32;
    %jmp/1 T_7.11, 8;
T_7.10 ; End of true expr.
    %pushi/vec4 0, 0, 32;
    %jmp/0 T_7.11, 8;
 ; End of false expr.
    %blend;
T_7.11;
    %store/vec4 v0000000002be5fd0_0, 0, 32;
    %jmp T_7.9;
T_7.4 ;
    %load/vec4 v0000000002be70b0_0;
    %load/vec4 v0000000002be66b0_0;
    %sub;
    %store/vec4 v0000000002be5fd0_0, 0, 32;
    %jmp T_7.9;
T_7.5 ;
    %load/vec4 v0000000002be70b0_0;
    %load/vec4 v0000000002be66b0_0;
    %cmp/s;
    %flag_mov 8, 5;
    %jmp/0 T_7.12, 8;
    %pushi/vec4 1, 0, 32;
    %jmp/1 T_7.13, 8;
T_7.12 ; End of true expr.
    %pushi/vec4 0, 0, 32;
    %jmp/0 T_7.13, 8;
 ; End of false expr.
    %blend;
T_7.13;
    %store/vec4 v0000000002be5fd0_0, 0, 32;
    %jmp T_7.9;
T_7.6 ;
    %load/vec4 v0000000002be66b0_0;
    %ix/getv 4, v0000000002be6ed0_0;
    %shiftr/s 4;
    %store/vec4 v0000000002be5fd0_0, 0, 32;
    %jmp T_7.9;
T_7.7 ;
    %load/vec4 v0000000002be66b0_0;
    %load/vec4 v0000000002be70b0_0;
    %parti/s 5, 0, 2;
    %ix/vec4 4;
    %shiftr/s 4;
    %store/vec4 v0000000002be5fd0_0, 0, 32;
    %jmp T_7.9;
T_7.8 ;
    %load/vec4 v0000000002be70b0_0;
    %load/vec4 v0000000002be66b0_0;
    %mul;
    %store/vec4 v0000000002be5fd0_0, 0, 32;
    %jmp T_7.9;
T_7.9 ;
    %pop/vec4 1;
    %jmp T_7;
    .thread T_7, $push;
    .scope S_000000000105f370;
T_8 ;
    %wait E_0000000002c0b790;
    %pushi/vec4 0, 0, 4;
    %store/vec4 v0000000002be7150_0, 0, 4;
    %pushi/vec4 0, 0, 1;
    %store/vec4 v0000000002be67f0_0, 0, 1;
    %load/vec4 v0000000002be7330_0;
    %dup/vec4;
    %pushi/vec4 0, 0, 3;
    %cmp/u;
    %jmp/1 T_8.0, 6;
    %dup/vec4;
    %pushi/vec4 1, 0, 3;
    %cmp/u;
    %jmp/1 T_8.1, 6;
    %dup/vec4;
    %pushi/vec4 2, 0, 3;
    %cmp/u;
    %jmp/1 T_8.2, 6;
    %dup/vec4;
    %pushi/vec4 3, 0, 3;
    %cmp/u;
    %jmp/1 T_8.3, 6;
    %dup/vec4;
    %pushi/vec4 4, 0, 3;
    %cmp/u;
    %jmp/1 T_8.4, 6;
    %dup/vec4;
    %pushi/vec4 5, 0, 3;
    %cmp/u;
    %jmp/1 T_8.5, 6;
    %jmp T_8.6;
T_8.0 ;
    %pushi/vec4 2, 0, 4;
    %store/vec4 v0000000002be7150_0, 0, 4;
    %jmp T_8.6;
T_8.1 ;
    %pushi/vec4 6, 0, 4;
    %store/vec4 v0000000002be7150_0, 0, 4;
    %jmp T_8.6;
T_8.2 ;
    %load/vec4 v0000000002be61b0_0;
    %dup/vec4;
    %pushi/vec4 32, 0, 6;
    %cmp/u;
    %jmp/1 T_8.7, 6;
    %dup/vec4;
    %pushi/vec4 34, 0, 6;
    %cmp/u;
    %jmp/1 T_8.8, 6;
    %dup/vec4;
    %pushi/vec4 36, 0, 6;
    %cmp/u;
    %jmp/1 T_8.9, 6;
    %dup/vec4;
    %pushi/vec4 37, 0, 6;
    %cmp/u;
    %jmp/1 T_8.10, 6;
    %dup/vec4;
    %pushi/vec4 42, 0, 6;
    %cmp/u;
    %jmp/1 T_8.11, 6;
    %dup/vec4;
    %pushi/vec4 3, 0, 6;
    %cmp/u;
    %jmp/1 T_8.12, 6;
    %dup/vec4;
    %pushi/vec4 7, 0, 6;
    %cmp/u;
    %jmp/1 T_8.13, 6;
    %dup/vec4;
    %pushi/vec4 24, 0, 6;
    %cmp/u;
    %jmp/1 T_8.14, 6;
    %dup/vec4;
    %pushi/vec4 8, 0, 6;
    %cmp/u;
    %jmp/1 T_8.15, 6;
    %jmp T_8.16;
T_8.7 ;
    %pushi/vec4 2, 0, 4;
    %store/vec4 v0000000002be7150_0, 0, 4;
    %jmp T_8.16;
T_8.8 ;
    %pushi/vec4 6, 0, 4;
    %store/vec4 v0000000002be7150_0, 0, 4;
    %jmp T_8.16;
T_8.9 ;
    %pushi/vec4 0, 0, 4;
    %store/vec4 v0000000002be7150_0, 0, 4;
    %jmp T_8.16;
T_8.10 ;
    %pushi/vec4 1, 0, 4;
    %store/vec4 v0000000002be7150_0, 0, 4;
    %jmp T_8.16;
T_8.11 ;
    %pushi/vec4 7, 0, 4;
    %store/vec4 v0000000002be7150_0, 0, 4;
    %jmp T_8.16;
T_8.12 ;
    %pushi/vec4 8, 0, 4;
    %store/vec4 v0000000002be7150_0, 0, 4;
    %jmp T_8.16;
T_8.13 ;
    %pushi/vec4 9, 0, 4;
    %store/vec4 v0000000002be7150_0, 0, 4;
    %jmp T_8.16;
T_8.14 ;
    %pushi/vec4 12, 0, 4;
    %store/vec4 v0000000002be7150_0, 0, 4;
    %jmp T_8.16;
T_8.15 ;
    %pushi/vec4 0, 0, 4;
    %store/vec4 v0000000002be7150_0, 0, 4;
    %pushi/vec4 1, 0, 1;
    %store/vec4 v0000000002be67f0_0, 0, 1;
    %jmp T_8.16;
T_8.16 ;
    %pop/vec4 1;
    %jmp T_8.6;
T_8.3 ;
    %pushi/vec4 1, 0, 4;
    %store/vec4 v0000000002be7150_0, 0, 4;
    %jmp T_8.6;
T_8.4 ;
    %pushi/vec4 7, 0, 4;
    %store/vec4 v0000000002be7150_0, 0, 4;
    %jmp T_8.6;
T_8.5 ;
    %pushi/vec4 3, 0, 4;
    %store/vec4 v0000000002be7150_0, 0, 4;
    %jmp T_8.6;
T_8.6 ;
    %pop/vec4 1;
    %jmp T_8;
    .thread T_8, $push;
    .scope S_000000000103d180;
T_9 ;
    %wait E_0000000002c06610;
    %load/vec4 v0000000002c76800_0;
    %inv;
    %flag_set/vec4 8;
    %jmp/0xz  T_9.0, 8;
    %pushi/vec4 0, 0, 108;
    %assign/vec4 v0000000002c77520_0, 0;
    %jmp T_9.1;
T_9.0 ;
    %load/vec4 v0000000002c77a20_0;
    %assign/vec4 v0000000002c77520_0, 0;
T_9.1 ;
    %jmp T_9;
    .thread T_9;
    .scope S_000000000103ea20;
T_10 ;
    %pushi/vec4 0, 0, 32;
    %store/vec4 v0000000002c75010_0, 0, 32;
T_10.0 ;
    %load/vec4 v0000000002c75010_0;
    %cmpi/s 128, 0, 32;
    %jmp/0xz T_10.1, 5;
    %pushi/vec4 0, 0, 8;
    %ix/getv/s 4, v0000000002c75010_0;
    %store/vec4a v0000000002c74d90, 4, 0;
    %load/vec4 v0000000002c75010_0;
    %addi 1, 0, 32;
    %store/vec4 v0000000002c75010_0, 0, 32;
    %jmp T_10.0;
T_10.1 ;
    %pushi/vec4 4, 0, 8;
    %ix/load 4, 0, 0;
    %flag_set/imm 4, 0;
    %store/vec4a v0000000002c74d90, 4, 0;
    %pushi/vec4 5, 0, 8;
    %ix/load 4, 4, 0;
    %flag_set/imm 4, 0;
    %store/vec4a v0000000002c74d90, 4, 0;
    %pushi/vec4 6, 0, 8;
    %ix/load 4, 8, 0;
    %flag_set/imm 4, 0;
    %store/vec4a v0000000002c74d90, 4, 0;
    %pushi/vec4 7, 0, 8;
    %ix/load 4, 12, 0;
    %flag_set/imm 4, 0;
    %store/vec4a v0000000002c74d90, 4, 0;
    %pushi/vec4 8, 0, 8;
    %ix/load 4, 16, 0;
    %flag_set/imm 4, 0;
    %store/vec4a v0000000002c74d90, 4, 0;
    %pushi/vec4 9, 0, 8;
    %ix/load 4, 20, 0;
    %flag_set/imm 4, 0;
    %store/vec4a v0000000002c74d90, 4, 0;
    %pushi/vec4 10, 0, 8;
    %ix/load 4, 24, 0;
    %flag_set/imm 4, 0;
    %store/vec4a v0000000002c74d90, 4, 0;
    %pushi/vec4 2, 0, 8;
    %ix/load 4, 28, 0;
    %flag_set/imm 4, 0;
    %store/vec4a v0000000002c74d90, 4, 0;
    %pushi/vec4 1, 0, 8;
    %ix/load 4, 32, 0;
    %flag_set/imm 4, 0;
    %store/vec4a v0000000002c74d90, 4, 0;
    %pushi/vec4 3, 0, 8;
    %ix/load 4, 36, 0;
    %flag_set/imm 4, 0;
    %store/vec4a v0000000002c74d90, 4, 0;
    %end;
    .thread T_10;
    .scope S_000000000103ea20;
T_11 ;
    %wait E_0000000002c06610;
    %load/vec4 v0000000002c74890_0;
    %flag_set/vec4 8;
    %jmp/0xz  T_11.0, 8;
    %load/vec4 v0000000002c74bb0_0;
    %parti/s 8, 24, 6;
    %load/vec4 v0000000002c74e30_0;
    %pad/u 33;
    %addi 3, 0, 33;
    %ix/vec4 3;
    %ix/load 4, 0, 0; Constant delay
    %assign/vec4/a/d v0000000002c74d90, 0, 4;
    %load/vec4 v0000000002c74bb0_0;
    %parti/s 8, 16, 6;
    %load/vec4 v0000000002c74e30_0;
    %pad/u 33;
    %addi 2, 0, 33;
    %ix/vec4 3;
    %ix/load 4, 0, 0; Constant delay
    %assign/vec4/a/d v0000000002c74d90, 0, 4;
    %load/vec4 v0000000002c74bb0_0;
    %parti/s 8, 8, 5;
    %load/vec4 v0000000002c74e30_0;
    %pad/u 33;
    %addi 1, 0, 33;
    %ix/vec4 3;
    %ix/load 4, 0, 0; Constant delay
    %assign/vec4/a/d v0000000002c74d90, 0, 4;
    %load/vec4 v0000000002c74bb0_0;
    %parti/s 8, 0, 2;
    %ix/getv 3, v0000000002c74e30_0;
    %ix/load 4, 0, 0; Constant delay
    %assign/vec4/a/d v0000000002c74d90, 0, 4;
T_11.0 ;
    %jmp T_11;
    .thread T_11;
    .scope S_000000000103ea20;
T_12 ;
    %wait E_0000000002c05d50;
    %load/vec4 v0000000002c74750_0;
    %flag_set/vec4 8;
    %jmp/0xz  T_12.0, 8;
    %load/vec4 v0000000002c74e30_0;
    %pad/u 33;
    %addi 3, 0, 33;
    %ix/vec4 4;
    %load/vec4a v0000000002c74d90, 4;
    %load/vec4 v0000000002c74e30_0;
    %pad/u 33;
    %addi 2, 0, 33;
    %ix/vec4 4;
    %load/vec4a v0000000002c74d90, 4;
    %concat/vec4; draw_concat_vec4
    %load/vec4 v0000000002c74e30_0;
    %pad/u 33;
    %addi 1, 0, 33;
    %ix/vec4 4;
    %load/vec4a v0000000002c74d90, 4;
    %concat/vec4; draw_concat_vec4
    %ix/getv 4, v0000000002c74e30_0;
    %load/vec4a v0000000002c74d90, 4;
    %concat/vec4; draw_concat_vec4
    %store/vec4 v0000000002c74c50_0, 0, 32;
T_12.0 ;
    %jmp T_12;
    .thread T_12, $push;
    .scope S_0000000002c28e50;
T_13 ;
    %wait E_0000000002c06610;
    %load/vec4 v0000000002c7da30_0;
    %inv;
    %flag_set/vec4 8;
    %jmp/0xz  T_13.0, 8;
    %pushi/vec4 0, 0, 71;
    %assign/vec4 v0000000002c792b0_0, 0;
    %jmp T_13.1;
T_13.0 ;
    %load/vec4 v0000000002c78b30_0;
    %assign/vec4 v0000000002c792b0_0, 0;
T_13.1 ;
    %jmp T_13;
    .thread T_13;
    .scope S_0000000001090220;
T_14 ;
    %delay 5000, 0;
    %load/vec4 v0000000002c86f20_0;
    %inv;
    %store/vec4 v0000000002c86f20_0, 0, 1;
    %jmp T_14;
    .thread T_14;
    .scope S_0000000001090220;
T_15 ;
    %pushi/vec4 0, 0, 1;
    %store/vec4 v0000000002c86f20_0, 0, 1;
    %pushi/vec4 0, 0, 1;
    %store/vec4 v0000000002c86d40_0, 0, 1;
    %pushi/vec4 0, 0, 32;
    %store/vec4 v0000000002c85f80_0, 0, 32;
    %vpi_call 2 39 "$dumpvars" {0 0 0};
    %delay 10000, 0;
    %pushi/vec4 1, 0, 1;
    %store/vec4 v0000000002c86d40_0, 0, 1;
    %end;
    .thread T_15;
    .scope S_0000000001090220;
T_16 ;
    %wait E_0000000002c06610;
    %load/vec4 v0000000002c85f80_0;
    %addi 1, 0, 32;
    %store/vec4 v0000000002c85f80_0, 0, 32;
    %load/vec4 v0000000002c85f80_0;
    %cmpi/e 1200, 0, 32;
    %jmp/0xz  T_16.0, 4;
    %vpi_call 2 51 "$display", "Register===========================================================\012" {0 0 0};
    %vpi_call 2 52 "$display", "r0=%d, r1=%d, r2=%d, r3=%d, r4=%d, r5=%d, r6=%d, r7=%d\012", &A<v0000000002c7d030, 0>, &A<v0000000002c7d030, 1>, &A<v0000000002c7d030, 2>, &A<v0000000002c7d030, 3>, &A<v0000000002c7d030, 4>, &A<v0000000002c7d030, 5>, &A<v0000000002c7d030, 6>, &A<v0000000002c7d030, 7>, " " {0 0 0};
    %vpi_call 2 56 "$display", "r8=%d, r9=%d, r10=%d, r11=%d, r12=%d, r13=%d, r14=%d, r15=%d\012", &A<v0000000002c7d030, 8>, &A<v0000000002c7d030, 9>, &A<v0000000002c7d030, 10>, &A<v0000000002c7d030, 11>, &A<v0000000002c7d030, 12>, &A<v0000000002c7d030, 13>, &A<v0000000002c7d030, 14>, &A<v0000000002c7d030, 15>, " " {0 0 0};
    %vpi_call 2 60 "$display", "r16=%d, r17=%d, r18=%d, r19=%d, r20=%d, r21=%d, r22=%d, r23=%d\012", &A<v0000000002c7d030, 16>, &A<v0000000002c7d030, 17>, &A<v0000000002c7d030, 18>, &A<v0000000002c7d030, 19>, &A<v0000000002c7d030, 20>, &A<v0000000002c7d030, 21>, &A<v0000000002c7d030, 22>, &A<v0000000002c7d030, 23>, " " {0 0 0};
    %vpi_call 2 64 "$display", "r24=%d, r25=%d, r26=%d, r27=%d, r28=%d, r29=%d, r30=%d, r31=%d\012", &A<v0000000002c7d030, 24>, &A<v0000000002c7d030, 25>, &A<v0000000002c7d030, 26>, &A<v0000000002c7d030, 27>, &A<v0000000002c7d030, 28>, &A<v0000000002c7d030, 29>, &A<v0000000002c7d030, 30>, &A<v0000000002c7d030, 31>, " " {0 0 0};
    %vpi_call 2 69 "$display", "\012Memory===========================================================\012" {0 0 0};
    %vpi_call 2 70 "$display", "m0=%d, m1=%d, m2=%d, m3=%d, m4=%d, m5=%d, m6=%d, m7=%d\012\012m8=%d, m9=%d, m10=%d, m11=%d, m12=%d, m13=%d, m14=%d, m15=%d\012\012r16=%d, m17=%d, m18=%d, m19=%d, m20=%d, m21=%d, m22=%d, m23=%d\012\012m24=%d, m25=%d, m26=%d, m27=%d, m28=%d, m29=%d, m30=%d, m31=%d", v0000000002c750b0_0, v0000000002c750b0_1, v0000000002c750b0_2, v0000000002c750b0_3, v0000000002c750b0_4, v0000000002c750b0_5, v0000000002c750b0_6, v0000000002c750b0_7, v0000000002c750b0_8, v0000000002c750b0_9, v0000000002c750b0_10, v0000000002c750b0_11, v0000000002c750b0_12, v0000000002c750b0_13, v0000000002c750b0_14, v0000000002c750b0_15, v0000000002c750b0_16, v0000000002c750b0_17, v0000000002c750b0_18, v0000000002c750b0_19, v0000000002c750b0_20, v0000000002c750b0_21, v0000000002c750b0_22, v0000000002c750b0_23, v0000000002c750b0_24, v0000000002c750b0_25, v0000000002c750b0_26, v0000000002c750b0_27, v0000000002c750b0_28, v0000000002c750b0_29, v0000000002c750b0_30, v0000000002c750b0_31 {0 0 0};
    %vpi_call 2 81 "$stop" {0 0 0};
T_16.0 ;
    %jmp T_16;
    .thread T_16;
# The file index is used to find the file name in the following table.
:file_names 19;
    "N/A";
    "<interactive>";
    "Testbench.v";
    "Pipe_CPU_1.v";
    "ALU.v";
    "ALU_Ctrl.v";
    "Adder.v";
    "Decoder.v";
    "Data_Memory.v";
    "MUX_2to1.v";
    "Pipe_Reg.v";
    "MUX_4to1.v";
    "ForwardUnit.v";
    "HazardDetect.v";
    "Instr_Memory.v";
    "ProgramCounter.v";
    "Reg_File.v";
    "Sign_Extend.v";
    "Shift_Left_Two_32.v";
