#! c:/iverilog-x64/bin/vvp
:ivl_version "10.1 (stable)" "(v10_1_1)";
:ivl_delay_selection "TYPICAL";
:vpi_time_precision - 12;
:vpi_module "system";
:vpi_module "vhdl_sys";
:vpi_module "v2005_math";
:vpi_module "va_math";
S_00000000028a6d30 .scope module, "TestBench" "TestBench" 2 4;
 .timescale -9 -12;
v0000000002cfc250_0 .var "CLK", 0 0;
v0000000002cfcb10_0 .var "START", 0 0;
v0000000002cfcf70_0 .var/i "handle1", 31 0;
v0000000002cfb030_0 .var/i "handle2", 31 0;
S_00000000028a6eb0 .scope module, "cpu" "CPU" 2 8, 3 11 0, S_00000000028a6d30;
 .timescale 0 0;
    .port_info 0 /INPUT 1 "clk_i"
    .port_info 1 /INPUT 1 "start_i"
L_0000000002c97a90 .functor BUFZ 1, v0000000002cfcb10_0, C4<0>, C4<0>, C4<0>;
L_0000000002c983c0 .functor BUFZ 32, L_0000000002d58b30, C4<00000000000000000000000000000000>, C4<00000000000000000000000000000000>, C4<00000000000000000000000000000000>;
L_0000000002c97940 .functor AND 1, L_0000000002d57d70, L_0000000002d5c550, C4<1>, C4<1>;
L_0000000002c97ef0 .functor OR 1, L_0000000002d58090, L_0000000002c97940, C4<0>, C4<0>;
v0000000002cf05f0_0 .net "ALUCtrl", 3 0, v0000000002c567a0_0;  1 drivers
v0000000002cf0870_0 .net "ALUOp_EX", 2 0, L_0000000002d58310;  1 drivers
v0000000002cf0550_0 .net "ALUOp_ID", 2 0, L_0000000002cfced0;  1 drivers
v0000000002cefc90_0 .net "ALUSrc_EX", 0 0, L_0000000002d58590;  1 drivers
v0000000002cefd30_0 .net "ALUSrc_ID", 0 0, L_0000000002c97a20;  1 drivers
v0000000002cef510_0 .net "ALUZero_EX", 0 0, L_0000000002d57af0;  1 drivers
v0000000002ceee30_0 .net "ALUZero_MEM", 0 0, L_0000000002d5c370;  1 drivers
v0000000002cef290_0 .net "BranchType_EX", 0 0, L_0000000002cfdab0;  1 drivers
v0000000002cefb50_0 .net "BranchType_ID", 0 0, L_0000000002cfdd30;  1 drivers
v0000000002ceef70_0 .net "BranchType_MEM", 0 0, L_0000000002d57ff0;  1 drivers
v0000000002cefe70_0 .net "Branch_EX", 0 0, L_0000000002cfd790;  1 drivers
v0000000002cf1270_0 .net "Branch_ID", 0 0, L_0000000002c98270;  1 drivers
v0000000002cf0c30_0 .net "Branch_MEM", 0 0, L_0000000002d57d70;  1 drivers
v0000000002cf0190_0 .net "EXCtrlsToMEM", 4 0, L_0000000002d58770;  1 drivers
v0000000002cf1090_0 .net "EXCtrlsToWB", 1 0, L_0000000002d57f50;  1 drivers
v0000000002ceeed0_0 .net "EXFlush", 0 0, v0000000002c6c8a0_0;  1 drivers
v0000000002ceff10_0 .net "Forward1", 1 0, v0000000002c6cf80_0;  1 drivers
v0000000002cf1310_0 .net "Forward2", 1 0, v0000000002c6d520_0;  1 drivers
v0000000002cf0d70_0 .net "IDCtrls", 11 0, L_0000000002cfe190;  1 drivers
v0000000002cf04b0_0 .net "IDFlush", 0 0, v0000000002c6b900_0;  1 drivers
v0000000002cef6f0_0 .net "IFCtrls", 63 0, L_0000000002cfb0d0;  1 drivers
v0000000002cf0ff0_0 .net "IFCtrls_maybeFlushed", 63 0, L_0000000002cfb3f0;  1 drivers
v0000000002cf0690_0 .net "IFIDWrite", 0 0, v0000000002c6d020_0;  1 drivers
v0000000002ceffb0_0 .net "Jump_EX", 0 0, L_0000000002d56fb0;  1 drivers
v0000000002cf0730_0 .net "Jump_ID", 0 0, L_0000000002c97b00;  1 drivers
v0000000002cef3d0_0 .net "Jump_MEM", 0 0, L_0000000002d58090;  1 drivers
v0000000002cf0e10_0 .net "MEMFlush", 0 0, v0000000002c6c940_0;  1 drivers
v0000000002cef010_0 .net "MemRead_EX", 0 0, L_0000000002d570f0;  1 drivers
v0000000002cef1f0_0 .net "MemRead_ID", 0 0, L_0000000002cfc9d0;  1 drivers
v0000000002cf0370_0 .net "MemRead_MEM", 0 0, L_0000000002cfe370;  1 drivers
v0000000002cf0230_0 .net "MemToReg_EX", 0 0, L_0000000002cfd6f0;  1 drivers
v0000000002cf13b0_0 .net "MemToReg_ID", 0 0, L_0000000002cfdf10;  1 drivers
v0000000002ceec50_0 .net "MemToReg_MEM", 0 0, L_0000000002d58a90;  1 drivers
v0000000002cf07d0_0 .net "MemToReg_WB", 0 0, L_0000000002d5b470;  1 drivers
v0000000002cf00f0_0 .net "MemWrite_EX", 0 0, L_0000000002d56c90;  1 drivers
v0000000002cf0910_0 .net "MemWrite_ID", 0 0, L_0000000002cfc2f0;  1 drivers
v0000000002cef0b0_0 .net "MemWrite_MEM", 0 0, L_0000000002d58130;  1 drivers
v0000000002cf0eb0_0 .net "PCSrc", 0 0, L_0000000002c97ef0;  1 drivers
v0000000002cf09b0_0 .net "PCWrite", 0 0, v0000000002c6ba40_0;  1 drivers
v0000000002cf0f50_0 .net "RegDst_EX", 0 0, L_0000000002d56d30;  1 drivers
v0000000002cef330_0 .net "RegDst_ID", 0 0, L_0000000002cfc4d0;  1 drivers
v0000000002cf0a50_0 .net "RegWrite_EX", 0 0, L_0000000002cfd650;  1 drivers
v0000000002cef970_0 .net "RegWrite_ID", 0 0, L_0000000002c98350;  1 drivers
v0000000002cef5b0_0 .net "RegWrite_MEM", 0 0, L_0000000002d57c30;  1 drivers
v0000000002cef650_0 .net "RegWrite_WB", 0 0, L_0000000002d5ce10;  1 drivers
L_0000000002cff768 .functor BUFT 1, C4<00>, C4<0>, C4<0>, C4<0>;
v0000000002cef830_0 .net/2u *"_s23", 1 0, L_0000000002cff768;  1 drivers
v0000000002cef790_0 .net *"_s26", 3 0, L_0000000002cfe9b0;  1 drivers
v0000000002cef8d0_0 .net *"_s28", 25 0, L_0000000002cfea50;  1 drivers
v0000000002cf02d0_0 .net *"_s86", 31 0, L_0000000002d5ca50;  1 drivers
L_0000000002cffd08 .functor BUFT 1, C4<0000000000000000000000000000000>, C4<0>, C4<0>, C4<0>;
v0000000002cf1130_0 .net *"_s89", 30 0, L_0000000002cffd08;  1 drivers
L_0000000002cffd50 .functor BUFT 1, C4<00000000000000000000000000000001>, C4<0>, C4<0>, C4<0>;
v0000000002cf0410_0 .net/2u *"_s90", 31 0, L_0000000002cffd50;  1 drivers
v0000000002cf0af0_0 .net *"_s92", 0 0, L_0000000002d5c4b0;  1 drivers
v0000000002ceecf0_0 .net *"_s95", 0 0, L_0000000002d5d090;  1 drivers
v0000000002ceed90_0 .net *"_s96", 0 0, L_0000000002d5c550;  1 drivers
v0000000002cf1450_0 .net *"_s98", 0 0, L_0000000002c97940;  1 drivers
v0000000002cf2030_0 .net "aluOperand1", 31 0, L_0000000002c983c0;  1 drivers
v0000000002cf1ef0_0 .net "aluOperand2", 31 0, L_0000000002d57eb0;  1 drivers
v0000000002cf1810_0 .net "aluResult_EX", 31 0, v0000000002c57f60_0;  1 drivers
v0000000002cf18b0_0 .net "aluResult_MEM", 31 0, L_0000000002d5bab0;  1 drivers
v0000000002cf1f90_0 .net "aluResult_WB", 31 0, L_0000000002d5c870;  1 drivers
v0000000002cf2a30_0 .net "branchTarget", 31 0, L_0000000002d57050;  1 drivers
v0000000002cf22b0_0 .net "branchTarget_EX", 31 0, L_0000000002d57690;  1 drivers
v0000000002cf20d0_0 .net "branchTarget_MEM", 31 0, L_0000000002d5d450;  1 drivers
v0000000002cf2170_0 .net "clk_i", 0 0, v0000000002cfc250_0;  1 drivers
v0000000002cf25d0_0 .net "forwardData1", 31 0, L_0000000002d58b30;  1 drivers
v0000000002cf2710_0 .net "forwardData2", 31 0, L_0000000002d57870;  1 drivers
v0000000002cf2210_0 .net "immediate_EX", 31 0, L_0000000002d57370;  1 drivers
v0000000002cf2530_0 .net "immediate_ID", 31 0, L_0000000002cfe910;  1 drivers
v0000000002cf2350_0 .net "instrOp", 5 0, L_0000000002cfb8f0;  1 drivers
v0000000002cf23f0_0 .net "instruction_ID", 31 0, L_0000000002cfb850;  1 drivers
v0000000002cf1b30_0 .net "instruction_IF", 31 0, L_0000000002c97fd0;  1 drivers
v0000000002cf1a90_0 .net "memReadData_MEM", 31 0, v0000000002c8c790_0;  1 drivers
v0000000002cf1590_0 .net "memReadData_WB", 31 0, L_0000000002d5b0b0;  1 drivers
v0000000002cf2490_0 .net "pc", 31 0, v0000000002ce7b00_0;  1 drivers
v0000000002cf27b0_0 .net "pcNext", 31 0, L_0000000002cfb2b0;  1 drivers
v0000000002cf1e50_0 .net "pcNext_maybeStalled", 31 0, L_0000000002cfb350;  1 drivers
v0000000002cf28f0_0 .net "pcPlus4_EX", 31 0, L_0000000002d57190;  1 drivers
v0000000002cf2670_0 .net "pcPlus4_ID", 31 0, L_0000000002cfc390;  1 drivers
v0000000002cf1950_0 .net "pcPlus4_IF", 31 0, L_0000000002cfb710;  1 drivers
v0000000002cf1bd0_0 .net "rd_EX", 4 0, L_0000000002d57410;  1 drivers
v0000000002cf2850_0 .net "rd_ID", 4 0, L_0000000002cfb490;  1 drivers
v0000000002cf2990_0 .net "readData1_EX", 31 0, L_0000000002d57a50;  1 drivers
v0000000002cf2ad0_0 .net "readData1_ID", 31 0, L_0000000002cfaef0;  1 drivers
v0000000002cf14f0_0 .net "readData2_EX", 31 0, L_0000000002d57230;  1 drivers
v0000000002cf1630_0 .net "readData2_ID", 31 0, L_0000000002cfd150;  1 drivers
v0000000002cf16d0_0 .net "readData2_MEM", 31 0, L_0000000002d5caf0;  1 drivers
v0000000002cf1770_0 .net "rs_EX", 4 0, L_0000000002d572d0;  1 drivers
v0000000002cf19f0_0 .net "rs_ID", 4 0, L_0000000002cfc7f0;  1 drivers
v0000000002cf1db0_0 .net "rst_i", 0 0, L_0000000002c97a90;  1 drivers
v0000000002cf1c70_0 .net "rt_EX", 4 0, L_0000000002d581d0;  1 drivers
v0000000002cf1d10_0 .net "rt_ID", 4 0, L_0000000002cfc890;  1 drivers
v0000000002cfd010_0 .net "shiftLeftTwo", 31 0, L_0000000002d575f0;  1 drivers
v0000000002cfbdf0_0 .net "signExtended", 31 0, L_0000000002cfe730;  1 drivers
v0000000002cfcbb0_0 .net "start_i", 0 0, v0000000002cfcb10_0;  1 drivers
v0000000002cfd330_0 .net "writeData", 31 0, L_0000000002d5ccd0;  1 drivers
v0000000002cfbd50_0 .net "writeReg_EX", 4 0, L_0000000002d584f0;  1 drivers
v0000000002cfba30_0 .net "writeReg_MEM", 4 0, L_0000000002d5bc90;  1 drivers
v0000000002cfb210_0 .net "writeReg_WB", 4 0, L_0000000002d5b8d0;  1 drivers
L_0000000002cfcd90 .concat [ 32 32 0 0], L_0000000002cfb850, L_0000000002cfc390;
L_0000000002cfbcb0 .concat [ 32 32 0 0], L_0000000002c97fd0, L_0000000002cfb710;
L_0000000002cfc390 .part v0000000002ce72e0_0, 32, 32;
L_0000000002cfb850 .part v0000000002ce72e0_0, 0, 32;
L_0000000002cfb8f0 .part L_0000000002cfb850, 26, 6;
L_0000000002cfc7f0 .part L_0000000002cfb850, 21, 5;
L_0000000002cfc890 .part L_0000000002cfb850, 16, 5;
L_0000000002cfb490 .part L_0000000002cfb850, 11, 5;
L_0000000002cfde70 .part L_0000000002cfb850, 0, 16;
L_0000000002cfe9b0 .part L_0000000002cfc390, 28, 4;
L_0000000002cfea50 .part L_0000000002cfb850, 0, 26;
L_0000000002cfeaf0 .concat [ 26 4 2 0], L_0000000002cfea50, L_0000000002cfe9b0, L_0000000002cff768;
LS_0000000002cfd510_0_0 .concat [ 1 3 1 1], L_0000000002c97a20, L_0000000002cfced0, L_0000000002cfc4d0, L_0000000002cfc9d0;
LS_0000000002cfd510_0_4 .concat [ 1 1 1 1], L_0000000002cfc2f0, L_0000000002c97b00, L_0000000002cfdd30, L_0000000002c98270;
LS_0000000002cfd510_0_8 .concat [ 1 1 0 0], L_0000000002cfdf10, L_0000000002c98350;
L_0000000002cfd510 .concat [ 6 4 2 0], LS_0000000002cfd510_0_0, LS_0000000002cfd510_0_4, LS_0000000002cfd510_0_8;
LS_0000000002cfd5b0_0_0 .concat [ 5 5 5 32], L_0000000002cfb490, L_0000000002cfc890, L_0000000002cfc7f0, L_0000000002cfe910;
LS_0000000002cfd5b0_0_4 .concat [ 32 32 32 12], L_0000000002cfd150, L_0000000002cfaef0, L_0000000002cfc390, L_0000000002cfe190;
L_0000000002cfd5b0 .concat [ 47 108 0 0], LS_0000000002cfd5b0_0_0, LS_0000000002cfd5b0_0_4;
L_0000000002cfd650 .part v0000000002ce6700_0, 154, 1;
L_0000000002cfd6f0 .part v0000000002ce6700_0, 153, 1;
L_0000000002cfd790 .part v0000000002ce6700_0, 152, 1;
L_0000000002cfdab0 .part v0000000002ce6700_0, 151, 1;
L_0000000002d56fb0 .part v0000000002ce6700_0, 150, 1;
L_0000000002d56c90 .part v0000000002ce6700_0, 149, 1;
L_0000000002d570f0 .part v0000000002ce6700_0, 148, 1;
L_0000000002d56d30 .part v0000000002ce6700_0, 147, 1;
L_0000000002d58310 .part v0000000002ce6700_0, 144, 3;
L_0000000002d58590 .part v0000000002ce6700_0, 143, 1;
L_0000000002d57190 .part v0000000002ce6700_0, 111, 32;
L_0000000002d57a50 .part v0000000002ce6700_0, 79, 32;
L_0000000002d57230 .part v0000000002ce6700_0, 47, 32;
L_0000000002d57370 .part v0000000002ce6700_0, 15, 32;
L_0000000002d572d0 .part v0000000002ce6700_0, 10, 5;
L_0000000002d581d0 .part v0000000002ce6700_0, 5, 5;
L_0000000002d57410 .part v0000000002ce6700_0, 0, 5;
L_0000000002d57cd0 .part L_0000000002d57370, 0, 6;
L_0000000002d579b0 .concat [ 1 1 0 0], L_0000000002cfd6f0, L_0000000002cfd650;
LS_0000000002d57b90_0_0 .concat [ 1 1 1 1], L_0000000002d570f0, L_0000000002d56c90, L_0000000002d56fb0, L_0000000002cfdab0;
LS_0000000002d57b90_0_4 .concat [ 1 0 0 0], L_0000000002cfd790;
L_0000000002d57b90 .concat [ 4 1 0 0], LS_0000000002d57b90_0_0, LS_0000000002d57b90_0_4;
LS_0000000002d589f0_0_0 .concat [ 5 32 32 32], L_0000000002d584f0, L_0000000002d57870, v0000000002c57f60_0, L_0000000002d57690;
LS_0000000002d589f0_0_4 .concat [ 1 5 2 0], L_0000000002d57af0, L_0000000002d58770, L_0000000002d57f50;
L_0000000002d589f0 .concat [ 101 8 0 0], LS_0000000002d589f0_0_0, LS_0000000002d589f0_0_4;
L_0000000002d57c30 .part v0000000002c8c830_0, 108, 1;
L_0000000002d58a90 .part v0000000002c8c830_0, 107, 1;
L_0000000002d57d70 .part v0000000002c8c830_0, 106, 1;
L_0000000002d57ff0 .part v0000000002c8c830_0, 105, 1;
L_0000000002d58090 .part v0000000002c8c830_0, 104, 1;
L_0000000002d58130 .part v0000000002c8c830_0, 103, 1;
L_0000000002cfe370 .part v0000000002c8c830_0, 102, 1;
L_0000000002d5c370 .part v0000000002c8c830_0, 101, 1;
L_0000000002d5d450 .part v0000000002c8c830_0, 69, 32;
L_0000000002d5bab0 .part v0000000002c8c830_0, 37, 32;
L_0000000002d5caf0 .part v0000000002c8c830_0, 5, 32;
L_0000000002d5bc90 .part v0000000002c8c830_0, 0, 5;
L_0000000002d5ca50 .concat [ 1 31 0 0], L_0000000002d57ff0, L_0000000002cffd08;
L_0000000002d5c4b0 .cmp/eq 32, L_0000000002d5ca50, L_0000000002cffd50;
L_0000000002d5d090 .reduce/nor L_0000000002d5c370;
L_0000000002d5c550 .functor MUXZ 1, L_0000000002d5c370, L_0000000002d5d090, L_0000000002d5c4b0, C4<>;
LS_0000000002d5b010_0_0 .concat [ 5 32 32 1], L_0000000002d5bc90, L_0000000002d5bab0, v0000000002c8c790_0, L_0000000002d58a90;
LS_0000000002d5b010_0_4 .concat [ 1 0 0 0], L_0000000002d57c30;
L_0000000002d5b010 .concat [ 70 1 0 0], LS_0000000002d5b010_0_0, LS_0000000002d5b010_0_4;
L_0000000002d5ce10 .part v0000000002ce7100_0, 70, 1;
L_0000000002d5b470 .part v0000000002ce7100_0, 69, 1;
L_0000000002d5b0b0 .part v0000000002ce7100_0, 37, 32;
L_0000000002d5c870 .part v0000000002ce7100_0, 5, 32;
L_0000000002d5b8d0 .part v0000000002ce7100_0, 0, 5;
S_000000000289e910 .scope module, "ALU" "ALU" 3 358, 4 12 0, S_00000000028a6eb0;
 .timescale 0 0;
    .port_info 0 /INPUT 32 "src1_i"
    .port_info 1 /INPUT 32 "src2_i"
    .port_info 2 /INPUT 5 "shamt"
    .port_info 3 /INPUT 4 "ctrl_i"
    .port_info 4 /OUTPUT 32 "result_o"
    .port_info 5 /OUTPUT 1 "zero_o"
L_0000000002cffc30 .functor BUFT 1, C4<00000000000000000000000000000000>, C4<0>, C4<0>, C4<0>;
v0000000002c56b60_0 .net/2u *"_s0", 31 0, L_0000000002cffc30;  1 drivers
v0000000002c57420_0 .net "ctrl_i", 3 0, v0000000002c567a0_0;  alias, 1 drivers
v0000000002c57f60_0 .var "result_o", 31 0;
o0000000002c987d8 .functor BUFZ 5, C4<zzzzz>; HiZ drive
v0000000002c574c0_0 .net "shamt", 4 0, o0000000002c987d8;  0 drivers
v0000000002c58460_0 .net/s "src1_i", 31 0, L_0000000002c983c0;  alias, 1 drivers
v0000000002c57560_0 .net/s "src2_i", 31 0, L_0000000002d57eb0;  alias, 1 drivers
v0000000002c565c0_0 .net "zero_o", 0 0, L_0000000002d57af0;  alias, 1 drivers
E_0000000002c80ff0 .event edge, v0000000002c57420_0, v0000000002c58460_0, v0000000002c57560_0, v0000000002c574c0_0;
L_0000000002d57af0 .cmp/eq 32, v0000000002c57f60_0, L_0000000002cffc30;
S_000000000289ea90 .scope module, "ALU_Ctrl" "ALU_Ctrl" 3 367, 5 12 0, S_00000000028a6eb0;
 .timescale 0 0;
    .port_info 0 /INPUT 6 "funct_i"
    .port_info 1 /INPUT 3 "ALUOp_i"
    .port_info 2 /OUTPUT 4 "ALUCtrl_o"
    .port_info 3 /OUTPUT 1 "Jr_o"
v0000000002c567a0_0 .var "ALUCtrl_o", 3 0;
v0000000002c57920_0 .net "ALUOp_i", 2 0, L_0000000002d58310;  alias, 1 drivers
v0000000002c57ce0_0 .var "Jr_o", 0 0;
v0000000002c579c0_0 .net "funct_i", 5 0, L_0000000002d57cd0;  1 drivers
E_0000000002c80830 .event edge, v0000000002c57920_0, v0000000002c579c0_0;
S_0000000002891a00 .scope module, "Add_branch_target" "Adder" 3 307, 6 12 0, S_00000000028a6eb0;
 .timescale 0 0;
    .port_info 0 /INPUT 32 "src1_i"
    .port_info 1 /INPUT 32 "src2_i"
    .port_info 2 /OUTPUT 32 "sum_o"
v0000000002c57a60_0 .net "src1_i", 31 0, L_0000000002d57190;  alias, 1 drivers
v0000000002c56d40_0 .net "src2_i", 31 0, L_0000000002d575f0;  alias, 1 drivers
v0000000002c57b00_0 .net "sum_o", 31 0, L_0000000002d57050;  alias, 1 drivers
L_0000000002d57050 .arith/sum 32, L_0000000002d57190, L_0000000002d575f0;
S_0000000002891b80 .scope module, "Add_pc" "Adder" 3 172, 6 12 0, S_00000000028a6eb0;
 .timescale 0 0;
    .port_info 0 /INPUT 32 "src1_i"
    .port_info 1 /INPUT 32 "src2_i"
    .port_info 2 /OUTPUT 32 "sum_o"
v0000000002c57d80_0 .net "src1_i", 31 0, v0000000002ce7b00_0;  alias, 1 drivers
L_0000000002cfec70 .functor BUFT 1, C4<00000000000000000000000000000100>, C4<0>, C4<0>, C4<0>;
v0000000002c56840_0 .net "src2_i", 31 0, L_0000000002cfec70;  1 drivers
v0000000002c58140_0 .net "sum_o", 31 0, L_0000000002cfb710;  alias, 1 drivers
L_0000000002cfb710 .arith/sum 32, v0000000002ce7b00_0, L_0000000002cfec70;
S_00000000028913c0 .scope module, "Control" "Decoder" 3 218, 7 12 0, S_00000000028a6eb0;
 .timescale -9 -12;
    .port_info 0 /INPUT 6 "instr_op_i"
    .port_info 1 /OUTPUT 1 "RegWrite_o"
    .port_info 2 /OUTPUT 3 "ALU_op_o"
    .port_info 3 /OUTPUT 1 "ALUSrc_o"
    .port_info 4 /OUTPUT 1 "RegDst_o"
    .port_info 5 /OUTPUT 1 "Branch_o"
    .port_info 6 /OUTPUT 1 "BranchType_o"
    .port_info 7 /OUTPUT 1 "Jump_o"
    .port_info 8 /OUTPUT 1 "MemToReg_o"
    .port_info 9 /OUTPUT 1 "MemRead_o"
    .port_info 10 /OUTPUT 1 "MemWrite_o"
L_0000000002c98270 .functor OR 1, L_0000000002cfc1b0, L_0000000002cfb170, C4<0>, C4<0>;
L_0000000002c97b00 .functor OR 1, L_0000000002cfd290, L_0000000002cfc070, C4<0>, C4<0>;
L_0000000002c97b70 .functor AND 1, L_0000000002cfb530, L_0000000002cfc430, C4<1>, C4<1>;
L_0000000002c98350 .functor AND 1, L_0000000002c97b70, L_0000000002cfd3d0, C4<1>, C4<1>;
L_0000000002c97a20 .functor AND 1, L_0000000002cfc6b0, L_0000000002cfccf0, C4<1>, C4<1>;
L_0000000002c982e0 .functor OR 1, L_0000000002cfad10, L_0000000002cfc930, C4<0>, C4<0>;
v00000000028b3ee0_0 .net "ALUSrc_o", 0 0, L_0000000002c97a20;  alias, 1 drivers
v00000000028b4020_0 .net "ALU_op_o", 2 0, L_0000000002cfced0;  alias, 1 drivers
v0000000002c3d590_0 .net "BranchType_o", 0 0, L_0000000002cfdd30;  alias, 1 drivers
v0000000002cdf280_0 .net "Branch_o", 0 0, L_0000000002c98270;  alias, 1 drivers
v0000000002cdffa0_0 .net "Jump_o", 0 0, L_0000000002c97b00;  alias, 1 drivers
v0000000002cdfbe0_0 .net "MemRead_o", 0 0, L_0000000002cfc9d0;  alias, 1 drivers
v0000000002cdece0_0 .net "MemToReg_o", 0 0, L_0000000002cfdf10;  alias, 1 drivers
v0000000002cde9c0_0 .net "MemWrite_o", 0 0, L_0000000002cfc2f0;  alias, 1 drivers
v0000000002cdf320_0 .net "RegDst_o", 0 0, L_0000000002cfc4d0;  alias, 1 drivers
v0000000002cdf960_0 .net "RegWrite_o", 0 0, L_0000000002c98350;  alias, 1 drivers
v0000000002cdf000_0 .net *"_s0", 31 0, L_0000000002cfb990;  1 drivers
L_0000000002cff378 .functor BUFT 1, C4<00000000000000000000000000>, C4<0>, C4<0>, C4<0>;
v0000000002ce0540_0 .net *"_s101", 25 0, L_0000000002cff378;  1 drivers
L_0000000002cff3c0 .functor BUFT 1, C4<00000000000000000000000000000101>, C4<0>, C4<0>, C4<0>;
v0000000002ce0040_0 .net/2u *"_s102", 31 0, L_0000000002cff3c0;  1 drivers
v0000000002ce00e0_0 .net *"_s104", 0 0, L_0000000002cfc930;  1 drivers
v0000000002cdf500_0 .net *"_s106", 0 0, L_0000000002c982e0;  1 drivers
L_0000000002cff408 .functor BUFT 1, C4<001>, C4<0>, C4<0>, C4<0>;
v0000000002cdf780_0 .net/2u *"_s108", 2 0, L_0000000002cff408;  1 drivers
L_0000000002cfee20 .functor BUFT 1, C4<00000000000000000000000000>, C4<0>, C4<0>, C4<0>;
v0000000002ce0680_0 .net *"_s11", 25 0, L_0000000002cfee20;  1 drivers
v0000000002cdfc80_0 .net *"_s110", 31 0, L_0000000002cfca70;  1 drivers
L_0000000002cff450 .functor BUFT 1, C4<00000000000000000000000000>, C4<0>, C4<0>, C4<0>;
v0000000002cdf8c0_0 .net *"_s113", 25 0, L_0000000002cff450;  1 drivers
L_0000000002cff498 .functor BUFT 1, C4<00000000000000000000000000000000>, C4<0>, C4<0>, C4<0>;
v0000000002ce0180_0 .net/2u *"_s114", 31 0, L_0000000002cff498;  1 drivers
v0000000002ce05e0_0 .net *"_s116", 0 0, L_0000000002cfadb0;  1 drivers
L_0000000002cff4e0 .functor BUFT 1, C4<010>, C4<0>, C4<0>, C4<0>;
v0000000002cdfdc0_0 .net/2u *"_s118", 2 0, L_0000000002cff4e0;  1 drivers
L_0000000002cfee68 .functor BUFT 1, C4<00000000000000000000000000000101>, C4<0>, C4<0>, C4<0>;
v0000000002cdea60_0 .net/2u *"_s12", 31 0, L_0000000002cfee68;  1 drivers
L_0000000002cff528 .functor BUFT 1, C4<000>, C4<0>, C4<0>, C4<0>;
v0000000002cdeec0_0 .net/2u *"_s120", 2 0, L_0000000002cff528;  1 drivers
v0000000002cdec40_0 .net *"_s122", 2 0, L_0000000002cfce30;  1 drivers
v0000000002cdf3c0_0 .net *"_s126", 31 0, L_0000000002cfae50;  1 drivers
L_0000000002cff570 .functor BUFT 1, C4<00000000000000000000000000>, C4<0>, C4<0>, C4<0>;
v0000000002cdeb00_0 .net *"_s129", 25 0, L_0000000002cff570;  1 drivers
L_0000000002cff5b8 .functor BUFT 1, C4<00000000000000000000000000000100>, C4<0>, C4<0>, C4<0>;
v0000000002cdf460_0 .net/2u *"_s130", 31 0, L_0000000002cff5b8;  1 drivers
v0000000002ce0220_0 .net *"_s132", 0 0, L_0000000002cfd970;  1 drivers
L_0000000002cff600 .functor BUFT 1, C4<00>, C4<0>, C4<0>, C4<0>;
v0000000002cdf820_0 .net/2s *"_s134", 1 0, L_0000000002cff600;  1 drivers
L_0000000002cff648 .functor BUFT 1, C4<01>, C4<0>, C4<0>, C4<0>;
v0000000002ce0400_0 .net/2s *"_s136", 1 0, L_0000000002cff648;  1 drivers
v0000000002cde920_0 .net *"_s138", 1 0, L_0000000002cfdb50;  1 drivers
v0000000002cdfa00_0 .net *"_s14", 0 0, L_0000000002cfb170;  1 drivers
L_0000000002cff690 .functor BUFT 1, C4<100011>, C4<0>, C4<0>, C4<0>;
v0000000002cdfe60_0 .net/2u *"_s142", 5 0, L_0000000002cff690;  1 drivers
v0000000002cdeba0_0 .net *"_s144", 0 0, L_0000000002cfe690;  1 drivers
L_0000000002cff6d8 .functor BUFT 1, C4<01>, C4<0>, C4<0>, C4<0>;
v0000000002ce04a0_0 .net/2s *"_s146", 1 0, L_0000000002cff6d8;  1 drivers
L_0000000002cff720 .functor BUFT 1, C4<00>, C4<0>, C4<0>, C4<0>;
v0000000002cdf5a0_0 .net/2s *"_s148", 1 0, L_0000000002cff720;  1 drivers
v0000000002ce02c0_0 .net *"_s150", 1 0, L_0000000002cfe050;  1 drivers
v0000000002ce0360_0 .net *"_s18", 31 0, L_0000000002cfb670;  1 drivers
L_0000000002cfeeb0 .functor BUFT 1, C4<00000000000000000000000000>, C4<0>, C4<0>, C4<0>;
v0000000002cdf640_0 .net *"_s21", 25 0, L_0000000002cfeeb0;  1 drivers
L_0000000002cfeef8 .functor BUFT 1, C4<00000000000000000000000000000011>, C4<0>, C4<0>, C4<0>;
v0000000002cde7e0_0 .net/2u *"_s22", 31 0, L_0000000002cfeef8;  1 drivers
v0000000002cde880_0 .net *"_s24", 0 0, L_0000000002cfd290;  1 drivers
v0000000002cdf6e0_0 .net *"_s26", 31 0, L_0000000002cfbf30;  1 drivers
L_0000000002cfef40 .functor BUFT 1, C4<00000000000000000000000000>, C4<0>, C4<0>, C4<0>;
v0000000002cded80_0 .net *"_s29", 25 0, L_0000000002cfef40;  1 drivers
L_0000000002cfed90 .functor BUFT 1, C4<00000000000000000000000000>, C4<0>, C4<0>, C4<0>;
v0000000002cdfaa0_0 .net *"_s3", 25 0, L_0000000002cfed90;  1 drivers
L_0000000002cfef88 .functor BUFT 1, C4<00000000000000000000000000000010>, C4<0>, C4<0>, C4<0>;
v0000000002cdee20_0 .net/2u *"_s30", 31 0, L_0000000002cfef88;  1 drivers
v0000000002cdfb40_0 .net *"_s32", 0 0, L_0000000002cfc070;  1 drivers
L_0000000002cfefd0 .functor BUFT 1, C4<100011>, C4<0>, C4<0>, C4<0>;
v0000000002cdfd20_0 .net/2u *"_s36", 5 0, L_0000000002cfefd0;  1 drivers
L_0000000002cfedd8 .functor BUFT 1, C4<00000000000000000000000000000100>, C4<0>, C4<0>, C4<0>;
v0000000002cdf0a0_0 .net/2u *"_s4", 31 0, L_0000000002cfedd8;  1 drivers
L_0000000002cff018 .functor BUFT 1, C4<101011>, C4<0>, C4<0>, C4<0>;
v0000000002cdff00_0 .net/2u *"_s40", 5 0, L_0000000002cff018;  1 drivers
v0000000002cdef60_0 .net *"_s45", 0 0, L_0000000002cfb530;  1 drivers
L_0000000002cff060 .functor BUFT 1, C4<101011>, C4<0>, C4<0>, C4<0>;
v0000000002cdf140_0 .net/2u *"_s46", 5 0, L_0000000002cff060;  1 drivers
v0000000002cdf1e0_0 .net *"_s48", 0 0, L_0000000002cfc430;  1 drivers
v0000000002c8c150_0 .net *"_s50", 0 0, L_0000000002c97b70;  1 drivers
v0000000002c8b2f0_0 .net *"_s52", 31 0, L_0000000002cfbb70;  1 drivers
L_0000000002cff0a8 .functor BUFT 1, C4<00000000000000000000000000>, C4<0>, C4<0>, C4<0>;
v0000000002c8bb10_0 .net *"_s55", 25 0, L_0000000002cff0a8;  1 drivers
L_0000000002cff0f0 .functor BUFT 1, C4<00000000000000000000000000000010>, C4<0>, C4<0>, C4<0>;
v0000000002c8be30_0 .net/2u *"_s56", 31 0, L_0000000002cff0f0;  1 drivers
v0000000002c8bcf0_0 .net *"_s58", 0 0, L_0000000002cfd3d0;  1 drivers
v0000000002c8b110_0 .net *"_s6", 0 0, L_0000000002cfc1b0;  1 drivers
v0000000002c8cab0_0 .net *"_s62", 31 0, L_0000000002cfbc10;  1 drivers
L_0000000002cff138 .functor BUFT 1, C4<00000000000000000000000000>, C4<0>, C4<0>, C4<0>;
v0000000002c8bc50_0 .net *"_s65", 25 0, L_0000000002cff138;  1 drivers
L_0000000002cff180 .functor BUFT 1, C4<00000000000000000000000000000000>, C4<0>, C4<0>, C4<0>;
v0000000002c8bd90_0 .net/2u *"_s66", 31 0, L_0000000002cff180;  1 drivers
v0000000002c8c970_0 .net *"_s68", 0 0, L_0000000002cfb5d0;  1 drivers
L_0000000002cff1c8 .functor BUFT 1, C4<01>, C4<0>, C4<0>, C4<0>;
v0000000002c8c010_0 .net/2s *"_s70", 1 0, L_0000000002cff1c8;  1 drivers
L_0000000002cff210 .functor BUFT 1, C4<00>, C4<0>, C4<0>, C4<0>;
v0000000002c8b1b0_0 .net/2s *"_s72", 1 0, L_0000000002cff210;  1 drivers
v0000000002c8ca10_0 .net *"_s74", 1 0, L_0000000002cfac70;  1 drivers
v0000000002c8c290_0 .net *"_s78", 31 0, L_0000000002cfc570;  1 drivers
v0000000002c8cdd0_0 .net *"_s8", 31 0, L_0000000002cfd1f0;  1 drivers
L_0000000002cff258 .functor BUFT 1, C4<00000000000000000000000000>, C4<0>, C4<0>, C4<0>;
v0000000002c8b750_0 .net *"_s81", 25 0, L_0000000002cff258;  1 drivers
L_0000000002cff2a0 .functor BUFT 1, C4<00000000000000000000000000000000>, C4<0>, C4<0>, C4<0>;
v0000000002c8bed0_0 .net/2u *"_s82", 31 0, L_0000000002cff2a0;  1 drivers
v0000000002c8c330_0 .net *"_s84", 0 0, L_0000000002cfc6b0;  1 drivers
v0000000002c8bbb0_0 .net *"_s87", 0 0, L_0000000002cfccf0;  1 drivers
v0000000002c8cf10_0 .net *"_s90", 31 0, L_0000000002cfc610;  1 drivers
L_0000000002cff2e8 .functor BUFT 1, C4<00000000000000000000000000>, C4<0>, C4<0>, C4<0>;
v0000000002c8b250_0 .net *"_s93", 25 0, L_0000000002cff2e8;  1 drivers
L_0000000002cff330 .functor BUFT 1, C4<00000000000000000000000000000100>, C4<0>, C4<0>, C4<0>;
v0000000002c8cb50_0 .net/2u *"_s94", 31 0, L_0000000002cff330;  1 drivers
v0000000002c8cd30_0 .net *"_s96", 0 0, L_0000000002cfad10;  1 drivers
v0000000002c8b9d0_0 .net *"_s98", 31 0, L_0000000002cfc750;  1 drivers
v0000000002c8b570_0 .net "instr_op_i", 5 0, L_0000000002cfb8f0;  alias, 1 drivers
L_0000000002cfb990 .concat [ 6 26 0 0], L_0000000002cfb8f0, L_0000000002cfed90;
L_0000000002cfc1b0 .cmp/eq 32, L_0000000002cfb990, L_0000000002cfedd8;
L_0000000002cfd1f0 .concat [ 6 26 0 0], L_0000000002cfb8f0, L_0000000002cfee20;
L_0000000002cfb170 .cmp/eq 32, L_0000000002cfd1f0, L_0000000002cfee68;
L_0000000002cfb670 .concat [ 6 26 0 0], L_0000000002cfb8f0, L_0000000002cfeeb0;
L_0000000002cfd290 .cmp/eq 32, L_0000000002cfb670, L_0000000002cfeef8;
L_0000000002cfbf30 .concat [ 6 26 0 0], L_0000000002cfb8f0, L_0000000002cfef40;
L_0000000002cfc070 .cmp/eq 32, L_0000000002cfbf30, L_0000000002cfef88;
L_0000000002cfc9d0 .cmp/eq 6, L_0000000002cfb8f0, L_0000000002cfefd0;
L_0000000002cfc2f0 .cmp/eq 6, L_0000000002cfb8f0, L_0000000002cff018;
L_0000000002cfb530 .reduce/nor L_0000000002c98270;
L_0000000002cfc430 .cmp/ne 6, L_0000000002cfb8f0, L_0000000002cff060;
L_0000000002cfbb70 .concat [ 6 26 0 0], L_0000000002cfb8f0, L_0000000002cff0a8;
L_0000000002cfd3d0 .cmp/ne 32, L_0000000002cfbb70, L_0000000002cff0f0;
L_0000000002cfbc10 .concat [ 6 26 0 0], L_0000000002cfb8f0, L_0000000002cff138;
L_0000000002cfb5d0 .cmp/eq 32, L_0000000002cfbc10, L_0000000002cff180;
L_0000000002cfac70 .functor MUXZ 2, L_0000000002cff210, L_0000000002cff1c8, L_0000000002cfb5d0, C4<>;
L_0000000002cfc4d0 .part L_0000000002cfac70, 0, 1;
L_0000000002cfc570 .concat [ 6 26 0 0], L_0000000002cfb8f0, L_0000000002cff258;
L_0000000002cfc6b0 .cmp/ne 32, L_0000000002cfc570, L_0000000002cff2a0;
L_0000000002cfccf0 .reduce/nor L_0000000002c98270;
L_0000000002cfc610 .concat [ 6 26 0 0], L_0000000002cfb8f0, L_0000000002cff2e8;
L_0000000002cfad10 .cmp/eq 32, L_0000000002cfc610, L_0000000002cff330;
L_0000000002cfc750 .concat [ 6 26 0 0], L_0000000002cfb8f0, L_0000000002cff378;
L_0000000002cfc930 .cmp/eq 32, L_0000000002cfc750, L_0000000002cff3c0;
L_0000000002cfca70 .concat [ 6 26 0 0], L_0000000002cfb8f0, L_0000000002cff450;
L_0000000002cfadb0 .cmp/eq 32, L_0000000002cfca70, L_0000000002cff498;
L_0000000002cfce30 .functor MUXZ 3, L_0000000002cff528, L_0000000002cff4e0, L_0000000002cfadb0, C4<>;
L_0000000002cfced0 .functor MUXZ 3, L_0000000002cfce30, L_0000000002cff408, L_0000000002c982e0, C4<>;
L_0000000002cfae50 .concat [ 6 26 0 0], L_0000000002cfb8f0, L_0000000002cff570;
L_0000000002cfd970 .cmp/eq 32, L_0000000002cfae50, L_0000000002cff5b8;
L_0000000002cfdb50 .functor MUXZ 2, L_0000000002cff648, L_0000000002cff600, L_0000000002cfd970, C4<>;
L_0000000002cfdd30 .part L_0000000002cfdb50, 0, 1;
L_0000000002cfe690 .cmp/eq 6, L_0000000002cfb8f0, L_0000000002cff690;
L_0000000002cfe050 .functor MUXZ 2, L_0000000002cff720, L_0000000002cff6d8, L_0000000002cfe690, C4<>;
L_0000000002cfdf10 .part L_0000000002cfe050, 0, 1;
S_0000000002891540 .scope module, "DM" "Data_Memory" 3 427, 8 21 0, S_00000000028a6eb0;
 .timescale -9 -12;
    .port_info 0 /INPUT 1 "clk_i"
    .port_info 1 /INPUT 32 "addr_i"
    .port_info 2 /INPUT 32 "data_i"
    .port_info 3 /INPUT 1 "MemRead_i"
    .port_info 4 /INPUT 1 "MemWrite_i"
    .port_info 5 /OUTPUT 32 "data_o"
v0000000002c8bf70 .array "Mem", 127 0, 7 0;
v0000000002c8b930_0 .net "MemRead_i", 0 0, L_0000000002cfe370;  alias, 1 drivers
v0000000002c8b6b0_0 .net "MemWrite_i", 0 0, L_0000000002d58130;  alias, 1 drivers
v0000000002c8c0b0_0 .net "addr_i", 31 0, L_0000000002d5bab0;  alias, 1 drivers
v0000000002c8c470_0 .net "clk_i", 0 0, v0000000002cfc250_0;  alias, 1 drivers
v0000000002c8c1f0_0 .net "data_i", 31 0, L_0000000002d5caf0;  alias, 1 drivers
v0000000002c8c790_0 .var "data_o", 31 0;
v0000000002c8ba70_0 .var/i "i", 31 0;
v0000000002c8b4d0 .array "memory", 31 0;
v0000000002c8b4d0_0 .net v0000000002c8b4d0 0, 31 0, L_0000000002d5b3d0; 1 drivers
v0000000002c8b4d0_1 .net v0000000002c8b4d0 1, 31 0, L_0000000002d5b790; 1 drivers
v0000000002c8b4d0_2 .net v0000000002c8b4d0 2, 31 0, L_0000000002d5c410; 1 drivers
v0000000002c8b4d0_3 .net v0000000002c8b4d0 3, 31 0, L_0000000002d5b290; 1 drivers
v0000000002c8b4d0_4 .net v0000000002c8b4d0 4, 31 0, L_0000000002d5d130; 1 drivers
v0000000002c8b4d0_5 .net v0000000002c8b4d0 5, 31 0, L_0000000002d5b970; 1 drivers
v0000000002c8b4d0_6 .net v0000000002c8b4d0 6, 31 0, L_0000000002d5c5f0; 1 drivers
v0000000002c8b4d0_7 .net v0000000002c8b4d0 7, 31 0, L_0000000002d5bd30; 1 drivers
v0000000002c8b4d0_8 .net v0000000002c8b4d0 8, 31 0, L_0000000002d5c9b0; 1 drivers
v0000000002c8b4d0_9 .net v0000000002c8b4d0 9, 31 0, L_0000000002d5bbf0; 1 drivers
v0000000002c8b4d0_10 .net v0000000002c8b4d0 10, 31 0, L_0000000002d5bb50; 1 drivers
v0000000002c8b4d0_11 .net v0000000002c8b4d0 11, 31 0, L_0000000002d5aed0; 1 drivers
v0000000002c8b4d0_12 .net v0000000002c8b4d0 12, 31 0, L_0000000002d5bdd0; 1 drivers
v0000000002c8b4d0_13 .net v0000000002c8b4d0 13, 31 0, L_0000000002d5af70; 1 drivers
v0000000002c8b4d0_14 .net v0000000002c8b4d0 14, 31 0, L_0000000002d5b510; 1 drivers
v0000000002c8b4d0_15 .net v0000000002c8b4d0 15, 31 0, L_0000000002d5d4f0; 1 drivers
v0000000002c8b4d0_16 .net v0000000002c8b4d0 16, 31 0, L_0000000002d5cb90; 1 drivers
v0000000002c8b4d0_17 .net v0000000002c8b4d0 17, 31 0, L_0000000002d5c690; 1 drivers
v0000000002c8b4d0_18 .net v0000000002c8b4d0 18, 31 0, L_0000000002d5b6f0; 1 drivers
v0000000002c8b4d0_19 .net v0000000002c8b4d0 19, 31 0, L_0000000002d5d590; 1 drivers
v0000000002c8b4d0_20 .net v0000000002c8b4d0 20, 31 0, L_0000000002d5b5b0; 1 drivers
v0000000002c8b4d0_21 .net v0000000002c8b4d0 21, 31 0, L_0000000002d5b650; 1 drivers
v0000000002c8b4d0_22 .net v0000000002c8b4d0 22, 31 0, L_0000000002d5cf50; 1 drivers
v0000000002c8b4d0_23 .net v0000000002c8b4d0 23, 31 0, L_0000000002d5c730; 1 drivers
v0000000002c8b4d0_24 .net v0000000002c8b4d0 24, 31 0, L_0000000002d5b830; 1 drivers
v0000000002c8b4d0_25 .net v0000000002c8b4d0 25, 31 0, L_0000000002d5c910; 1 drivers
v0000000002c8b4d0_26 .net v0000000002c8b4d0 26, 31 0, L_0000000002d5be70; 1 drivers
v0000000002c8b4d0_27 .net v0000000002c8b4d0 27, 31 0, L_0000000002d5c050; 1 drivers
v0000000002c8b4d0_28 .net v0000000002c8b4d0 28, 31 0, L_0000000002d5cc30; 1 drivers
v0000000002c8b4d0_29 .net v0000000002c8b4d0 29, 31 0, L_0000000002d5c7d0; 1 drivers
v0000000002c8b4d0_30 .net v0000000002c8b4d0 30, 31 0, L_0000000002d5cd70; 1 drivers
v0000000002c8b4d0_31 .net v0000000002c8b4d0 31, 31 0, L_0000000002d5d630; 1 drivers
E_0000000002c81030 .event edge, v0000000002c8b930_0, v0000000002c8c0b0_0;
E_0000000002c806b0 .event posedge, v0000000002c8c470_0;
v0000000002c8bf70_0 .array/port v0000000002c8bf70, 0;
v0000000002c8bf70_1 .array/port v0000000002c8bf70, 1;
v0000000002c8bf70_2 .array/port v0000000002c8bf70, 2;
v0000000002c8bf70_3 .array/port v0000000002c8bf70, 3;
L_0000000002d5b3d0 .concat [ 8 8 8 8], v0000000002c8bf70_0, v0000000002c8bf70_1, v0000000002c8bf70_2, v0000000002c8bf70_3;
v0000000002c8bf70_4 .array/port v0000000002c8bf70, 4;
v0000000002c8bf70_5 .array/port v0000000002c8bf70, 5;
v0000000002c8bf70_6 .array/port v0000000002c8bf70, 6;
v0000000002c8bf70_7 .array/port v0000000002c8bf70, 7;
L_0000000002d5b790 .concat [ 8 8 8 8], v0000000002c8bf70_4, v0000000002c8bf70_5, v0000000002c8bf70_6, v0000000002c8bf70_7;
v0000000002c8bf70_8 .array/port v0000000002c8bf70, 8;
v0000000002c8bf70_9 .array/port v0000000002c8bf70, 9;
v0000000002c8bf70_10 .array/port v0000000002c8bf70, 10;
v0000000002c8bf70_11 .array/port v0000000002c8bf70, 11;
L_0000000002d5c410 .concat [ 8 8 8 8], v0000000002c8bf70_8, v0000000002c8bf70_9, v0000000002c8bf70_10, v0000000002c8bf70_11;
v0000000002c8bf70_12 .array/port v0000000002c8bf70, 12;
v0000000002c8bf70_13 .array/port v0000000002c8bf70, 13;
v0000000002c8bf70_14 .array/port v0000000002c8bf70, 14;
v0000000002c8bf70_15 .array/port v0000000002c8bf70, 15;
L_0000000002d5b290 .concat [ 8 8 8 8], v0000000002c8bf70_12, v0000000002c8bf70_13, v0000000002c8bf70_14, v0000000002c8bf70_15;
v0000000002c8bf70_16 .array/port v0000000002c8bf70, 16;
v0000000002c8bf70_17 .array/port v0000000002c8bf70, 17;
v0000000002c8bf70_18 .array/port v0000000002c8bf70, 18;
v0000000002c8bf70_19 .array/port v0000000002c8bf70, 19;
L_0000000002d5d130 .concat [ 8 8 8 8], v0000000002c8bf70_16, v0000000002c8bf70_17, v0000000002c8bf70_18, v0000000002c8bf70_19;
v0000000002c8bf70_20 .array/port v0000000002c8bf70, 20;
v0000000002c8bf70_21 .array/port v0000000002c8bf70, 21;
v0000000002c8bf70_22 .array/port v0000000002c8bf70, 22;
v0000000002c8bf70_23 .array/port v0000000002c8bf70, 23;
L_0000000002d5b970 .concat [ 8 8 8 8], v0000000002c8bf70_20, v0000000002c8bf70_21, v0000000002c8bf70_22, v0000000002c8bf70_23;
v0000000002c8bf70_24 .array/port v0000000002c8bf70, 24;
v0000000002c8bf70_25 .array/port v0000000002c8bf70, 25;
v0000000002c8bf70_26 .array/port v0000000002c8bf70, 26;
v0000000002c8bf70_27 .array/port v0000000002c8bf70, 27;
L_0000000002d5c5f0 .concat [ 8 8 8 8], v0000000002c8bf70_24, v0000000002c8bf70_25, v0000000002c8bf70_26, v0000000002c8bf70_27;
v0000000002c8bf70_28 .array/port v0000000002c8bf70, 28;
v0000000002c8bf70_29 .array/port v0000000002c8bf70, 29;
v0000000002c8bf70_30 .array/port v0000000002c8bf70, 30;
v0000000002c8bf70_31 .array/port v0000000002c8bf70, 31;
L_0000000002d5bd30 .concat [ 8 8 8 8], v0000000002c8bf70_28, v0000000002c8bf70_29, v0000000002c8bf70_30, v0000000002c8bf70_31;
v0000000002c8bf70_32 .array/port v0000000002c8bf70, 32;
v0000000002c8bf70_33 .array/port v0000000002c8bf70, 33;
v0000000002c8bf70_34 .array/port v0000000002c8bf70, 34;
v0000000002c8bf70_35 .array/port v0000000002c8bf70, 35;
L_0000000002d5c9b0 .concat [ 8 8 8 8], v0000000002c8bf70_32, v0000000002c8bf70_33, v0000000002c8bf70_34, v0000000002c8bf70_35;
v0000000002c8bf70_36 .array/port v0000000002c8bf70, 36;
v0000000002c8bf70_37 .array/port v0000000002c8bf70, 37;
v0000000002c8bf70_38 .array/port v0000000002c8bf70, 38;
v0000000002c8bf70_39 .array/port v0000000002c8bf70, 39;
L_0000000002d5bbf0 .concat [ 8 8 8 8], v0000000002c8bf70_36, v0000000002c8bf70_37, v0000000002c8bf70_38, v0000000002c8bf70_39;
v0000000002c8bf70_40 .array/port v0000000002c8bf70, 40;
v0000000002c8bf70_41 .array/port v0000000002c8bf70, 41;
v0000000002c8bf70_42 .array/port v0000000002c8bf70, 42;
v0000000002c8bf70_43 .array/port v0000000002c8bf70, 43;
L_0000000002d5bb50 .concat [ 8 8 8 8], v0000000002c8bf70_40, v0000000002c8bf70_41, v0000000002c8bf70_42, v0000000002c8bf70_43;
v0000000002c8bf70_44 .array/port v0000000002c8bf70, 44;
v0000000002c8bf70_45 .array/port v0000000002c8bf70, 45;
v0000000002c8bf70_46 .array/port v0000000002c8bf70, 46;
v0000000002c8bf70_47 .array/port v0000000002c8bf70, 47;
L_0000000002d5aed0 .concat [ 8 8 8 8], v0000000002c8bf70_44, v0000000002c8bf70_45, v0000000002c8bf70_46, v0000000002c8bf70_47;
v0000000002c8bf70_48 .array/port v0000000002c8bf70, 48;
v0000000002c8bf70_49 .array/port v0000000002c8bf70, 49;
v0000000002c8bf70_50 .array/port v0000000002c8bf70, 50;
v0000000002c8bf70_51 .array/port v0000000002c8bf70, 51;
L_0000000002d5bdd0 .concat [ 8 8 8 8], v0000000002c8bf70_48, v0000000002c8bf70_49, v0000000002c8bf70_50, v0000000002c8bf70_51;
v0000000002c8bf70_52 .array/port v0000000002c8bf70, 52;
v0000000002c8bf70_53 .array/port v0000000002c8bf70, 53;
v0000000002c8bf70_54 .array/port v0000000002c8bf70, 54;
v0000000002c8bf70_55 .array/port v0000000002c8bf70, 55;
L_0000000002d5af70 .concat [ 8 8 8 8], v0000000002c8bf70_52, v0000000002c8bf70_53, v0000000002c8bf70_54, v0000000002c8bf70_55;
v0000000002c8bf70_56 .array/port v0000000002c8bf70, 56;
v0000000002c8bf70_57 .array/port v0000000002c8bf70, 57;
v0000000002c8bf70_58 .array/port v0000000002c8bf70, 58;
v0000000002c8bf70_59 .array/port v0000000002c8bf70, 59;
L_0000000002d5b510 .concat [ 8 8 8 8], v0000000002c8bf70_56, v0000000002c8bf70_57, v0000000002c8bf70_58, v0000000002c8bf70_59;
v0000000002c8bf70_60 .array/port v0000000002c8bf70, 60;
v0000000002c8bf70_61 .array/port v0000000002c8bf70, 61;
v0000000002c8bf70_62 .array/port v0000000002c8bf70, 62;
v0000000002c8bf70_63 .array/port v0000000002c8bf70, 63;
L_0000000002d5d4f0 .concat [ 8 8 8 8], v0000000002c8bf70_60, v0000000002c8bf70_61, v0000000002c8bf70_62, v0000000002c8bf70_63;
v0000000002c8bf70_64 .array/port v0000000002c8bf70, 64;
v0000000002c8bf70_65 .array/port v0000000002c8bf70, 65;
v0000000002c8bf70_66 .array/port v0000000002c8bf70, 66;
v0000000002c8bf70_67 .array/port v0000000002c8bf70, 67;
L_0000000002d5cb90 .concat [ 8 8 8 8], v0000000002c8bf70_64, v0000000002c8bf70_65, v0000000002c8bf70_66, v0000000002c8bf70_67;
v0000000002c8bf70_68 .array/port v0000000002c8bf70, 68;
v0000000002c8bf70_69 .array/port v0000000002c8bf70, 69;
v0000000002c8bf70_70 .array/port v0000000002c8bf70, 70;
v0000000002c8bf70_71 .array/port v0000000002c8bf70, 71;
L_0000000002d5c690 .concat [ 8 8 8 8], v0000000002c8bf70_68, v0000000002c8bf70_69, v0000000002c8bf70_70, v0000000002c8bf70_71;
v0000000002c8bf70_72 .array/port v0000000002c8bf70, 72;
v0000000002c8bf70_73 .array/port v0000000002c8bf70, 73;
v0000000002c8bf70_74 .array/port v0000000002c8bf70, 74;
v0000000002c8bf70_75 .array/port v0000000002c8bf70, 75;
L_0000000002d5b6f0 .concat [ 8 8 8 8], v0000000002c8bf70_72, v0000000002c8bf70_73, v0000000002c8bf70_74, v0000000002c8bf70_75;
v0000000002c8bf70_76 .array/port v0000000002c8bf70, 76;
v0000000002c8bf70_77 .array/port v0000000002c8bf70, 77;
v0000000002c8bf70_78 .array/port v0000000002c8bf70, 78;
v0000000002c8bf70_79 .array/port v0000000002c8bf70, 79;
L_0000000002d5d590 .concat [ 8 8 8 8], v0000000002c8bf70_76, v0000000002c8bf70_77, v0000000002c8bf70_78, v0000000002c8bf70_79;
v0000000002c8bf70_80 .array/port v0000000002c8bf70, 80;
v0000000002c8bf70_81 .array/port v0000000002c8bf70, 81;
v0000000002c8bf70_82 .array/port v0000000002c8bf70, 82;
v0000000002c8bf70_83 .array/port v0000000002c8bf70, 83;
L_0000000002d5b5b0 .concat [ 8 8 8 8], v0000000002c8bf70_80, v0000000002c8bf70_81, v0000000002c8bf70_82, v0000000002c8bf70_83;
v0000000002c8bf70_84 .array/port v0000000002c8bf70, 84;
v0000000002c8bf70_85 .array/port v0000000002c8bf70, 85;
v0000000002c8bf70_86 .array/port v0000000002c8bf70, 86;
v0000000002c8bf70_87 .array/port v0000000002c8bf70, 87;
L_0000000002d5b650 .concat [ 8 8 8 8], v0000000002c8bf70_84, v0000000002c8bf70_85, v0000000002c8bf70_86, v0000000002c8bf70_87;
v0000000002c8bf70_88 .array/port v0000000002c8bf70, 88;
v0000000002c8bf70_89 .array/port v0000000002c8bf70, 89;
v0000000002c8bf70_90 .array/port v0000000002c8bf70, 90;
v0000000002c8bf70_91 .array/port v0000000002c8bf70, 91;
L_0000000002d5cf50 .concat [ 8 8 8 8], v0000000002c8bf70_88, v0000000002c8bf70_89, v0000000002c8bf70_90, v0000000002c8bf70_91;
v0000000002c8bf70_92 .array/port v0000000002c8bf70, 92;
v0000000002c8bf70_93 .array/port v0000000002c8bf70, 93;
v0000000002c8bf70_94 .array/port v0000000002c8bf70, 94;
v0000000002c8bf70_95 .array/port v0000000002c8bf70, 95;
L_0000000002d5c730 .concat [ 8 8 8 8], v0000000002c8bf70_92, v0000000002c8bf70_93, v0000000002c8bf70_94, v0000000002c8bf70_95;
v0000000002c8bf70_96 .array/port v0000000002c8bf70, 96;
v0000000002c8bf70_97 .array/port v0000000002c8bf70, 97;
v0000000002c8bf70_98 .array/port v0000000002c8bf70, 98;
v0000000002c8bf70_99 .array/port v0000000002c8bf70, 99;
L_0000000002d5b830 .concat [ 8 8 8 8], v0000000002c8bf70_96, v0000000002c8bf70_97, v0000000002c8bf70_98, v0000000002c8bf70_99;
v0000000002c8bf70_100 .array/port v0000000002c8bf70, 100;
v0000000002c8bf70_101 .array/port v0000000002c8bf70, 101;
v0000000002c8bf70_102 .array/port v0000000002c8bf70, 102;
v0000000002c8bf70_103 .array/port v0000000002c8bf70, 103;
L_0000000002d5c910 .concat [ 8 8 8 8], v0000000002c8bf70_100, v0000000002c8bf70_101, v0000000002c8bf70_102, v0000000002c8bf70_103;
v0000000002c8bf70_104 .array/port v0000000002c8bf70, 104;
v0000000002c8bf70_105 .array/port v0000000002c8bf70, 105;
v0000000002c8bf70_106 .array/port v0000000002c8bf70, 106;
v0000000002c8bf70_107 .array/port v0000000002c8bf70, 107;
L_0000000002d5be70 .concat [ 8 8 8 8], v0000000002c8bf70_104, v0000000002c8bf70_105, v0000000002c8bf70_106, v0000000002c8bf70_107;
v0000000002c8bf70_108 .array/port v0000000002c8bf70, 108;
v0000000002c8bf70_109 .array/port v0000000002c8bf70, 109;
v0000000002c8bf70_110 .array/port v0000000002c8bf70, 110;
v0000000002c8bf70_111 .array/port v0000000002c8bf70, 111;
L_0000000002d5c050 .concat [ 8 8 8 8], v0000000002c8bf70_108, v0000000002c8bf70_109, v0000000002c8bf70_110, v0000000002c8bf70_111;
v0000000002c8bf70_112 .array/port v0000000002c8bf70, 112;
v0000000002c8bf70_113 .array/port v0000000002c8bf70, 113;
v0000000002c8bf70_114 .array/port v0000000002c8bf70, 114;
v0000000002c8bf70_115 .array/port v0000000002c8bf70, 115;
L_0000000002d5cc30 .concat [ 8 8 8 8], v0000000002c8bf70_112, v0000000002c8bf70_113, v0000000002c8bf70_114, v0000000002c8bf70_115;
v0000000002c8bf70_116 .array/port v0000000002c8bf70, 116;
v0000000002c8bf70_117 .array/port v0000000002c8bf70, 117;
v0000000002c8bf70_118 .array/port v0000000002c8bf70, 118;
v0000000002c8bf70_119 .array/port v0000000002c8bf70, 119;
L_0000000002d5c7d0 .concat [ 8 8 8 8], v0000000002c8bf70_116, v0000000002c8bf70_117, v0000000002c8bf70_118, v0000000002c8bf70_119;
v0000000002c8bf70_120 .array/port v0000000002c8bf70, 120;
v0000000002c8bf70_121 .array/port v0000000002c8bf70, 121;
v0000000002c8bf70_122 .array/port v0000000002c8bf70, 122;
v0000000002c8bf70_123 .array/port v0000000002c8bf70, 123;
L_0000000002d5cd70 .concat [ 8 8 8 8], v0000000002c8bf70_120, v0000000002c8bf70_121, v0000000002c8bf70_122, v0000000002c8bf70_123;
v0000000002c8bf70_124 .array/port v0000000002c8bf70, 124;
v0000000002c8bf70_125 .array/port v0000000002c8bf70, 125;
v0000000002c8bf70_126 .array/port v0000000002c8bf70, 126;
v0000000002c8bf70_127 .array/port v0000000002c8bf70, 127;
L_0000000002d5d630 .concat [ 8 8 8 8], v0000000002c8bf70_124, v0000000002c8bf70_125, v0000000002c8bf70_126, v0000000002c8bf70_127;
S_0000000002890980 .scope module, "EXFlushMUX" "MUX_2to1" 3 258, 9 12 0, S_00000000028a6eb0;
 .timescale -9 -12;
    .port_info 0 /INPUT 12 "data0_i"
    .port_info 1 /INPUT 12 "data1_i"
    .port_info 2 /INPUT 1 "select_i"
    .port_info 3 /OUTPUT 12 "data_o"
P_0000000002c80170 .param/l "size" 0 9 19, +C4<00000000000000000000000000001100>;
v0000000002c8c3d0_0 .net "data0_i", 11 0, L_0000000002cfd510;  1 drivers
L_0000000002cff7b0 .functor BUFT 1, C4<000000000000>, C4<0>, C4<0>, C4<0>;
v0000000002c8c510_0 .net "data1_i", 11 0, L_0000000002cff7b0;  1 drivers
v0000000002c8c6f0_0 .net "data_o", 11 0, L_0000000002cfe190;  alias, 1 drivers
v0000000002c8c5b0_0 .net "select_i", 0 0, v0000000002c6c8a0_0;  alias, 1 drivers
L_0000000002cfe190 .functor MUXZ 12, L_0000000002cfd510, L_0000000002cff7b0, v0000000002c6c8a0_0, C4<>;
S_0000000002890b00 .scope module, "EX_MEM" "Pipe_Reg" 3 395, 10 11 0, S_00000000028a6eb0;
 .timescale -9 -12;
    .port_info 0 /INPUT 1 "clk_i"
    .port_info 1 /INPUT 1 "rst_i"
    .port_info 2 /INPUT 109 "data_i"
    .port_info 3 /OUTPUT 109 "data_o"
P_0000000002c80470 .param/l "size" 0 10 18, +C4<000000000000000000000000001101101>;
v0000000002c8c650_0 .net "clk_i", 0 0, v0000000002cfc250_0;  alias, 1 drivers
v0000000002c8cbf0_0 .net "data_i", 108 0, L_0000000002d589f0;  1 drivers
v0000000002c8c830_0 .var "data_o", 108 0;
v0000000002c8b890_0 .net "rst_i", 0 0, L_0000000002c97a90;  alias, 1 drivers
S_000000000288f160 .scope module, "ForwardMux1" "MUX_4to1" 3 332, 11 21 0, S_00000000028a6eb0;
 .timescale -9 -12;
    .port_info 0 /OUTPUT 32 "data_o"
    .port_info 1 /INPUT 2 "select_i"
    .port_info 2 /INPUT 32 "data0_i"
    .port_info 3 /INPUT 32 "data1_i"
    .port_info 4 /INPUT 32 "data2_i"
    .port_info 5 /INPUT 32 "data3_i"
P_0000000002c80370 .param/l "size" 0 11 29, +C4<00000000000000000000000000100000>;
v0000000002c8b610_0 .net *"_s0", 31 0, L_0000000002d588b0;  1 drivers
L_0000000002cff8d0 .functor BUFT 1, C4<000000000000000000000000000000>, C4<0>, C4<0>, C4<0>;
v0000000002c8ce70_0 .net *"_s11", 29 0, L_0000000002cff8d0;  1 drivers
L_0000000002cff918 .functor BUFT 1, C4<00000000000000000000000000000001>, C4<0>, C4<0>, C4<0>;
v0000000002c8c8d0_0 .net/2u *"_s12", 31 0, L_0000000002cff918;  1 drivers
v0000000002c8cc90_0 .net *"_s14", 0 0, L_0000000002d56dd0;  1 drivers
v0000000002c8cfb0_0 .net *"_s16", 31 0, L_0000000002d57730;  1 drivers
L_0000000002cff960 .functor BUFT 1, C4<000000000000000000000000000000>, C4<0>, C4<0>, C4<0>;
v0000000002c8b390_0 .net *"_s19", 29 0, L_0000000002cff960;  1 drivers
L_0000000002cff9a8 .functor BUFT 1, C4<00000000000000000000000000000010>, C4<0>, C4<0>, C4<0>;
v0000000002c8b430_0 .net/2u *"_s20", 31 0, L_0000000002cff9a8;  1 drivers
v0000000002c8b7f0_0 .net *"_s22", 0 0, L_0000000002d583b0;  1 drivers
v0000000002c6ce40_0 .net *"_s24", 31 0, L_0000000002d56e70;  1 drivers
v0000000002c6bf40_0 .net *"_s26", 31 0, L_0000000002d57910;  1 drivers
L_0000000002cff840 .functor BUFT 1, C4<000000000000000000000000000000>, C4<0>, C4<0>, C4<0>;
v0000000002c6d2a0_0 .net *"_s3", 29 0, L_0000000002cff840;  1 drivers
L_0000000002cff888 .functor BUFT 1, C4<00000000000000000000000000000000>, C4<0>, C4<0>, C4<0>;
v0000000002c6be00_0 .net/2u *"_s4", 31 0, L_0000000002cff888;  1 drivers
v0000000002c6c9e0_0 .net *"_s6", 0 0, L_0000000002d574b0;  1 drivers
v0000000002c6d200_0 .net *"_s8", 31 0, L_0000000002d57550;  1 drivers
v0000000002c6bae0_0 .net "data0_i", 31 0, L_0000000002d57a50;  alias, 1 drivers
v0000000002c6cda0_0 .net "data1_i", 31 0, L_0000000002d5ccd0;  alias, 1 drivers
v0000000002c6c440_0 .net "data2_i", 31 0, L_0000000002d5bab0;  alias, 1 drivers
L_0000000002cff9f0 .functor BUFT 1, C4<00000000000000000000000000000000>, C4<0>, C4<0>, C4<0>;
v0000000002c6d160_0 .net "data3_i", 31 0, L_0000000002cff9f0;  1 drivers
v0000000002c6d660_0 .net "data_o", 31 0, L_0000000002d58b30;  alias, 1 drivers
v0000000002c6d0c0_0 .net "select_i", 1 0, v0000000002c6cf80_0;  alias, 1 drivers
L_0000000002d588b0 .concat [ 2 30 0 0], v0000000002c6cf80_0, L_0000000002cff840;
L_0000000002d574b0 .cmp/eq 32, L_0000000002d588b0, L_0000000002cff888;
L_0000000002d57550 .concat [ 2 30 0 0], v0000000002c6cf80_0, L_0000000002cff8d0;
L_0000000002d56dd0 .cmp/eq 32, L_0000000002d57550, L_0000000002cff918;
L_0000000002d57730 .concat [ 2 30 0 0], v0000000002c6cf80_0, L_0000000002cff960;
L_0000000002d583b0 .cmp/eq 32, L_0000000002d57730, L_0000000002cff9a8;
L_0000000002d56e70 .functor MUXZ 32, L_0000000002cff9f0, L_0000000002d5bab0, L_0000000002d583b0, C4<>;
L_0000000002d57910 .functor MUXZ 32, L_0000000002d56e70, L_0000000002d5ccd0, L_0000000002d56dd0, C4<>;
L_0000000002d58b30 .functor MUXZ 32, L_0000000002d57910, L_0000000002d57a50, L_0000000002d574b0, C4<>;
S_000000000288f2e0 .scope module, "ForwardMux2" "MUX_4to1" 3 341, 11 21 0, S_00000000028a6eb0;
 .timescale -9 -12;
    .port_info 0 /OUTPUT 32 "data_o"
    .port_info 1 /INPUT 2 "select_i"
    .port_info 2 /INPUT 32 "data0_i"
    .port_info 3 /INPUT 32 "data1_i"
    .port_info 4 /INPUT 32 "data2_i"
    .port_info 5 /INPUT 32 "data3_i"
P_0000000002c80e70 .param/l "size" 0 11 29, +C4<00000000000000000000000000100000>;
v0000000002c6cd00_0 .net *"_s0", 31 0, L_0000000002d58810;  1 drivers
L_0000000002cffac8 .functor BUFT 1, C4<000000000000000000000000000000>, C4<0>, C4<0>, C4<0>;
v0000000002c6bfe0_0 .net *"_s11", 29 0, L_0000000002cffac8;  1 drivers
L_0000000002cffb10 .functor BUFT 1, C4<00000000000000000000000000000001>, C4<0>, C4<0>, C4<0>;
v0000000002c6bd60_0 .net/2u *"_s12", 31 0, L_0000000002cffb10;  1 drivers
v0000000002c6bea0_0 .net *"_s14", 0 0, L_0000000002d586d0;  1 drivers
v0000000002c6bb80_0 .net *"_s16", 31 0, L_0000000002d57e10;  1 drivers
L_0000000002cffb58 .functor BUFT 1, C4<000000000000000000000000000000>, C4<0>, C4<0>, C4<0>;
v0000000002c6d700_0 .net *"_s19", 29 0, L_0000000002cffb58;  1 drivers
L_0000000002cffba0 .functor BUFT 1, C4<00000000000000000000000000000010>, C4<0>, C4<0>, C4<0>;
v0000000002c6d340_0 .net/2u *"_s20", 31 0, L_0000000002cffba0;  1 drivers
v0000000002c6b9a0_0 .net *"_s22", 0 0, L_0000000002d577d0;  1 drivers
v0000000002c6c580_0 .net *"_s24", 31 0, L_0000000002d58950;  1 drivers
v0000000002c6c4e0_0 .net *"_s26", 31 0, L_0000000002d58450;  1 drivers
L_0000000002cffa38 .functor BUFT 1, C4<000000000000000000000000000000>, C4<0>, C4<0>, C4<0>;
v0000000002c6cee0_0 .net *"_s3", 29 0, L_0000000002cffa38;  1 drivers
L_0000000002cffa80 .functor BUFT 1, C4<00000000000000000000000000000000>, C4<0>, C4<0>, C4<0>;
v0000000002c6bc20_0 .net/2u *"_s4", 31 0, L_0000000002cffa80;  1 drivers
v0000000002c6bcc0_0 .net *"_s6", 0 0, L_0000000002d58270;  1 drivers
v0000000002c6c620_0 .net *"_s8", 31 0, L_0000000002d58630;  1 drivers
v0000000002c6d3e0_0 .net "data0_i", 31 0, L_0000000002d57230;  alias, 1 drivers
v0000000002c6d480_0 .net "data1_i", 31 0, L_0000000002d5ccd0;  alias, 1 drivers
v0000000002c6c6c0_0 .net "data2_i", 31 0, L_0000000002d5bab0;  alias, 1 drivers
L_0000000002cffbe8 .functor BUFT 1, C4<00000000000000000000000000000000>, C4<0>, C4<0>, C4<0>;
v0000000002c6c080_0 .net "data3_i", 31 0, L_0000000002cffbe8;  1 drivers
v0000000002c6c120_0 .net "data_o", 31 0, L_0000000002d57870;  alias, 1 drivers
v0000000002c6c760_0 .net "select_i", 1 0, v0000000002c6d520_0;  alias, 1 drivers
L_0000000002d58810 .concat [ 2 30 0 0], v0000000002c6d520_0, L_0000000002cffa38;
L_0000000002d58270 .cmp/eq 32, L_0000000002d58810, L_0000000002cffa80;
L_0000000002d58630 .concat [ 2 30 0 0], v0000000002c6d520_0, L_0000000002cffac8;
L_0000000002d586d0 .cmp/eq 32, L_0000000002d58630, L_0000000002cffb10;
L_0000000002d57e10 .concat [ 2 30 0 0], v0000000002c6d520_0, L_0000000002cffb58;
L_0000000002d577d0 .cmp/eq 32, L_0000000002d57e10, L_0000000002cffba0;
L_0000000002d58950 .functor MUXZ 32, L_0000000002cffbe8, L_0000000002d5bab0, L_0000000002d577d0, C4<>;
L_0000000002d58450 .functor MUXZ 32, L_0000000002d58950, L_0000000002d5ccd0, L_0000000002d586d0, C4<>;
L_0000000002d57870 .functor MUXZ 32, L_0000000002d58450, L_0000000002d57230, L_0000000002d58270, C4<>;
S_000000000288e970 .scope module, "Fwd" "ForwardUnit" 3 321, 12 4 0, S_00000000028a6eb0;
 .timescale -9 -12;
    .port_info 0 /INPUT 5 "rs_EX_i"
    .port_info 1 /INPUT 5 "rt_EX_i"
    .port_info 2 /INPUT 5 "rd_MEM_i"
    .port_info 3 /INPUT 1 "RegWrite_MEM_i"
    .port_info 4 /INPUT 5 "rd_WB_i"
    .port_info 5 /INPUT 1 "RegWrite_WB_i"
    .port_info 6 /OUTPUT 2 "Forward1_o"
    .port_info 7 /OUTPUT 2 "Forward2_o"
v0000000002c6cf80_0 .var "Forward1_o", 1 0;
v0000000002c6d520_0 .var "Forward2_o", 1 0;
v0000000002c6d7a0_0 .net "RegWrite_MEM_i", 0 0, L_0000000002d57c30;  alias, 1 drivers
v0000000002c6c300_0 .net "RegWrite_WB_i", 0 0, L_0000000002d5ce10;  alias, 1 drivers
v0000000002c6c1c0_0 .net "rd_MEM_i", 4 0, L_0000000002d5bc90;  alias, 1 drivers
v0000000002c6c260_0 .net "rd_WB_i", 4 0, L_0000000002d5b8d0;  alias, 1 drivers
v0000000002c6c3a0_0 .net "rs_EX_i", 4 0, L_0000000002d572d0;  alias, 1 drivers
v0000000002c6c800_0 .net "rt_EX_i", 4 0, L_0000000002d581d0;  alias, 1 drivers
E_0000000002c80ef0/0 .event edge, v0000000002c6d7a0_0, v0000000002c6c1c0_0, v0000000002c6c3a0_0, v0000000002c6c800_0;
E_0000000002c80ef0/1 .event edge, v0000000002c6c300_0, v0000000002c6c260_0;
E_0000000002c80ef0 .event/or E_0000000002c80ef0/0, E_0000000002c80ef0/1;
S_000000000288eaf0 .scope module, "Haz" "HazardDetect" 3 233, 13 4 0, S_00000000028a6eb0;
 .timescale -9 -12;
    .port_info 0 /INPUT 5 "rs_ID_i"
    .port_info 1 /INPUT 5 "rt_ID_i"
    .port_info 2 /INPUT 5 "rt_EX_i"
    .port_info 3 /INPUT 1 "MemRead_EX_i"
    .port_info 4 /INPUT 1 "PCSrc_i"
    .port_info 5 /OUTPUT 1 "PCWrite_o"
    .port_info 6 /OUTPUT 1 "IFIDWrite_o"
    .port_info 7 /OUTPUT 1 "IDFlush_o"
    .port_info 8 /OUTPUT 1 "EXFlush_o"
    .port_info 9 /OUTPUT 1 "MEMFlush_o"
v0000000002c6c8a0_0 .var "EXFlush_o", 0 0;
v0000000002c6b900_0 .var "IDFlush_o", 0 0;
v0000000002c6d020_0 .var "IFIDWrite_o", 0 0;
v0000000002c6c940_0 .var "MEMFlush_o", 0 0;
v0000000002c6d5c0_0 .net "MemRead_EX_i", 0 0, L_0000000002d570f0;  alias, 1 drivers
v0000000002c6ca80_0 .net "PCSrc_i", 0 0, L_0000000002c97ef0;  alias, 1 drivers
v0000000002c6ba40_0 .var "PCWrite_o", 0 0;
v0000000002c6cb20_0 .net "rs_ID_i", 4 0, L_0000000002cfc7f0;  alias, 1 drivers
v0000000002c6cbc0_0 .net "rt_EX_i", 4 0, L_0000000002d581d0;  alias, 1 drivers
v0000000002c6cc60_0 .net "rt_ID_i", 4 0, L_0000000002cfc890;  alias, 1 drivers
E_0000000002c80f30/0 .event edge, v0000000002c6d5c0_0, v0000000002c6cb20_0, v0000000002c6c800_0, v0000000002c6cc60_0;
E_0000000002c80f30/1 .event edge, v0000000002c6ca80_0;
E_0000000002c80f30 .event/or E_0000000002c80f30/0, E_0000000002c80f30/1;
S_0000000002881660 .scope module, "IDFlushMUX" "MUX_2to1" 3 185, 9 12 0, S_00000000028a6eb0;
 .timescale -9 -12;
    .port_info 0 /INPUT 64 "data0_i"
    .port_info 1 /INPUT 64 "data1_i"
    .port_info 2 /INPUT 1 "select_i"
    .port_info 3 /OUTPUT 64 "data_o"
P_0000000002c81070 .param/l "size" 0 9 19, +C4<00000000000000000000000001000000>;
v0000000002ce7240_0 .net "data0_i", 63 0, L_0000000002cfb0d0;  alias, 1 drivers
L_0000000002cfecb8 .functor BUFT 1, C4<0000000000000000000000000000000000000000000000000000000000000000>, C4<0>, C4<0>, C4<0>;
v0000000002ce6c00_0 .net "data1_i", 63 0, L_0000000002cfecb8;  1 drivers
v0000000002ce6ca0_0 .net "data_o", 63 0, L_0000000002cfb3f0;  alias, 1 drivers
v0000000002ce59e0_0 .net "select_i", 0 0, v0000000002c6b900_0;  alias, 1 drivers
L_0000000002cfb3f0 .functor MUXZ 64, L_0000000002cfb0d0, L_0000000002cfecb8, v0000000002c6b900_0, C4<>;
S_00000000028817e0 .scope module, "ID_EX" "Pipe_Reg" 3 269, 10 11 0, S_00000000028a6eb0;
 .timescale -9 -12;
    .port_info 0 /INPUT 1 "clk_i"
    .port_info 1 /INPUT 1 "rst_i"
    .port_info 2 /INPUT 155 "data_i"
    .port_info 3 /OUTPUT 155 "data_o"
P_0000000002c80630 .param/l "size" 0 10 18, +C4<000000000000000000000000010011011>;
v0000000002ce6980_0 .net "clk_i", 0 0, v0000000002cfc250_0;  alias, 1 drivers
v0000000002ce6020_0 .net "data_i", 154 0, L_0000000002cfd5b0;  1 drivers
v0000000002ce6700_0 .var "data_o", 154 0;
v0000000002ce5120_0 .net "rst_i", 0 0, L_0000000002c97a90;  alias, 1 drivers
S_000000000287eb90 .scope module, "IFIDWriteMUX" "MUX_2to1" 3 178, 9 12 0, S_00000000028a6eb0;
 .timescale -9 -12;
    .port_info 0 /INPUT 64 "data0_i"
    .port_info 1 /INPUT 64 "data1_i"
    .port_info 2 /INPUT 1 "select_i"
    .port_info 3 /OUTPUT 64 "data_o"
P_0000000002c802b0 .param/l "size" 0 9 19, +C4<00000000000000000000000001000000>;
v0000000002ce6200_0 .net "data0_i", 63 0, L_0000000002cfcd90;  1 drivers
v0000000002ce62a0_0 .net "data1_i", 63 0, L_0000000002cfbcb0;  1 drivers
v0000000002ce67a0_0 .net "data_o", 63 0, L_0000000002cfb0d0;  alias, 1 drivers
v0000000002ce6b60_0 .net "select_i", 0 0, v0000000002c6d020_0;  alias, 1 drivers
L_0000000002cfb0d0 .functor MUXZ 64, L_0000000002cfcd90, L_0000000002cfbcb0, v0000000002c6d020_0, C4<>;
S_0000000002c6dd90 .scope module, "IF_ID" "Pipe_Reg" 3 193, 10 11 0, S_00000000028a6eb0;
 .timescale -9 -12;
    .port_info 0 /INPUT 1 "clk_i"
    .port_info 1 /INPUT 1 "rst_i"
    .port_info 2 /INPUT 64 "data_i"
    .port_info 3 /OUTPUT 64 "data_o"
P_0000000002c80730 .param/l "size" 0 10 18, +C4<00000000000000000000000001000000>;
v0000000002ce6340_0 .net "clk_i", 0 0, v0000000002cfc250_0;  alias, 1 drivers
v0000000002ce63e0_0 .net "data_i", 63 0, L_0000000002cfb3f0;  alias, 1 drivers
v0000000002ce72e0_0 .var "data_o", 63 0;
v0000000002ce6e80_0 .net "rst_i", 0 0, L_0000000002c97a90;  alias, 1 drivers
S_0000000002c6da90 .scope module, "IM" "Instruction_Memory" 3 167, 14 21 0, S_00000000028a6eb0;
 .timescale -9 -12;
    .port_info 0 /INPUT 32 "addr_i"
    .port_info 1 /OUTPUT 32 "instr_o"
L_0000000002c97fd0 .functor BUFZ 32, L_0000000002cfbe90, C4<00000000000000000000000000000000>, C4<00000000000000000000000000000000>, C4<00000000000000000000000000000000>;
v0000000002ce6ac0_0 .net *"_s0", 31 0, L_0000000002cfbe90;  1 drivers
L_0000000002cfec28 .functor BUFT 1, C4<00000000000000000000000000000100>, C4<0>, C4<0>, C4<0>;
v0000000002ce5c60_0 .net/2u *"_s2", 31 0, L_0000000002cfec28;  1 drivers
v0000000002ce6d40_0 .net *"_s4", 31 0, L_0000000002cfb7b0;  1 drivers
v0000000002ce7060_0 .net "addr_i", 31 0, v0000000002ce7b00_0;  alias, 1 drivers
v0000000002ce4e00_0 .var/i "i", 31 0;
v0000000002ce56c0_0 .net "instr_o", 31 0, L_0000000002c97fd0;  alias, 1 drivers
v0000000002ce5940 .array "instruction_file", 64 0, 31 0;
L_0000000002cfbe90 .array/port v0000000002ce5940, L_0000000002cfb7b0;
L_0000000002cfb7b0 .arith/div 32, v0000000002ce7b00_0, L_0000000002cfec28;
S_0000000002c6e210 .scope module, "JumpMUX" "MUX_2to1" 3 251, 9 12 0, S_00000000028a6eb0;
 .timescale -9 -12;
    .port_info 0 /INPUT 32 "data0_i"
    .port_info 1 /INPUT 32 "data1_i"
    .port_info 2 /INPUT 1 "select_i"
    .port_info 3 /OUTPUT 32 "data_o"
P_0000000002c80870 .param/l "size" 0 9 19, +C4<00000000000000000000000000100000>;
v0000000002ce6520_0 .net "data0_i", 31 0, L_0000000002cfe730;  alias, 1 drivers
v0000000002ce6660_0 .net "data1_i", 31 0, L_0000000002cfeaf0;  1 drivers
v0000000002ce6de0_0 .net "data_o", 31 0, L_0000000002cfe910;  alias, 1 drivers
v0000000002ce5d00_0 .net "select_i", 0 0, L_0000000002c97b00;  alias, 1 drivers
L_0000000002cfe910 .functor MUXZ 32, L_0000000002cfe730, L_0000000002cfeaf0, L_0000000002c97b00, C4<>;
S_0000000002c6e690 .scope module, "JumpTargetMUX" "MUX_2to1" 3 313, 9 12 0, S_00000000028a6eb0;
 .timescale -9 -12;
    .port_info 0 /INPUT 32 "data0_i"
    .port_info 1 /INPUT 32 "data1_i"
    .port_info 2 /INPUT 1 "select_i"
    .port_info 3 /OUTPUT 32 "data_o"
P_0000000002c802f0 .param/l "size" 0 9 19, +C4<00000000000000000000000000100000>;
v0000000002ce4ea0_0 .net "data0_i", 31 0, L_0000000002d57050;  alias, 1 drivers
v0000000002ce6840_0 .net "data1_i", 31 0, L_0000000002d575f0;  alias, 1 drivers
v0000000002ce51c0_0 .net "data_o", 31 0, L_0000000002d57690;  alias, 1 drivers
v0000000002ce5a80_0 .net "select_i", 0 0, L_0000000002d56fb0;  alias, 1 drivers
L_0000000002d57690 .functor MUXZ 32, L_0000000002d57050, L_0000000002d575f0, L_0000000002d56fb0, C4<>;
S_0000000002c6df10 .scope module, "MEMFlushMUX_MEM" "MUX_2to1" 3 388, 9 12 0, S_00000000028a6eb0;
 .timescale -9 -12;
    .port_info 0 /INPUT 5 "data0_i"
    .port_info 1 /INPUT 5 "data1_i"
    .port_info 2 /INPUT 1 "select_i"
    .port_info 3 /OUTPUT 5 "data_o"
P_0000000002c808b0 .param/l "size" 0 9 19, +C4<00000000000000000000000000000101>;
v0000000002ce5ee0_0 .net "data0_i", 4 0, L_0000000002d57b90;  1 drivers
L_0000000002cffcc0 .functor BUFT 1, C4<00000>, C4<0>, C4<0>, C4<0>;
v0000000002ce6fc0_0 .net "data1_i", 4 0, L_0000000002cffcc0;  1 drivers
v0000000002ce60c0_0 .net "data_o", 4 0, L_0000000002d58770;  alias, 1 drivers
v0000000002ce6f20_0 .net "select_i", 0 0, v0000000002c6c940_0;  alias, 1 drivers
L_0000000002d58770 .functor MUXZ 5, L_0000000002d57b90, L_0000000002cffcc0, v0000000002c6c940_0, C4<>;
S_0000000002c6e090 .scope module, "MEMFlushMUX_WB" "MUX_2to1" 3 381, 9 12 0, S_00000000028a6eb0;
 .timescale -9 -12;
    .port_info 0 /INPUT 2 "data0_i"
    .port_info 1 /INPUT 2 "data1_i"
    .port_info 2 /INPUT 1 "select_i"
    .port_info 3 /OUTPUT 2 "data_o"
P_0000000002c80930 .param/l "size" 0 9 19, +C4<00000000000000000000000000000010>;
v0000000002ce54e0_0 .net "data0_i", 1 0, L_0000000002d579b0;  1 drivers
L_0000000002cffc78 .functor BUFT 1, C4<00>, C4<0>, C4<0>, C4<0>;
v0000000002ce65c0_0 .net "data1_i", 1 0, L_0000000002cffc78;  1 drivers
v0000000002ce6160_0 .net "data_o", 1 0, L_0000000002d57f50;  alias, 1 drivers
v0000000002ce6480_0 .net "select_i", 0 0, v0000000002c6c940_0;  alias, 1 drivers
L_0000000002d57f50 .functor MUXZ 2, L_0000000002d579b0, L_0000000002cffc78, v0000000002c6c940_0, C4<>;
S_0000000002c6e390 .scope module, "MEM_WB" "Pipe_Reg" 3 436, 10 11 0, S_00000000028a6eb0;
 .timescale -9 -12;
    .port_info 0 /INPUT 1 "clk_i"
    .port_info 1 /INPUT 1 "rst_i"
    .port_info 2 /INPUT 71 "data_i"
    .port_info 3 /OUTPUT 71 "data_o"
P_0000000002c80ab0 .param/l "size" 0 10 18, +C4<000000000000000000000000001000111>;
v0000000002ce5080_0 .net "clk_i", 0 0, v0000000002cfc250_0;  alias, 1 drivers
v0000000002ce58a0_0 .net "data_i", 70 0, L_0000000002d5b010;  1 drivers
v0000000002ce7100_0 .var "data_o", 70 0;
v0000000002ce4d60_0 .net "rst_i", 0 0, L_0000000002c97a90;  alias, 1 drivers
S_0000000002c6e510 .scope module, "Mux1" "MUX_2to1" 3 146, 9 12 0, S_00000000028a6eb0;
 .timescale -9 -12;
    .port_info 0 /INPUT 32 "data0_i"
    .port_info 1 /INPUT 32 "data1_i"
    .port_info 2 /INPUT 1 "select_i"
    .port_info 3 /OUTPUT 32 "data_o"
P_0000000002c81230 .param/l "size" 0 9 19, +C4<00000000000000000000000000100000>;
v0000000002ce68e0_0 .net "data0_i", 31 0, L_0000000002cfb710;  alias, 1 drivers
v0000000002ce53a0_0 .net "data1_i", 31 0, L_0000000002d5d450;  alias, 1 drivers
v0000000002ce5f80_0 .net "data_o", 31 0, L_0000000002cfb2b0;  alias, 1 drivers
v0000000002ce5760_0 .net "select_i", 0 0, L_0000000002c97ef0;  alias, 1 drivers
L_0000000002cfb2b0 .functor MUXZ 32, L_0000000002cfb710, L_0000000002d5d450, L_0000000002c97ef0, C4<>;
S_0000000002c6dc10 .scope module, "Mux2" "MUX_2to1" 3 351, 9 12 0, S_00000000028a6eb0;
 .timescale -9 -12;
    .port_info 0 /INPUT 32 "data0_i"
    .port_info 1 /INPUT 32 "data1_i"
    .port_info 2 /INPUT 1 "select_i"
    .port_info 3 /OUTPUT 32 "data_o"
P_0000000002c81330 .param/l "size" 0 9 19, +C4<00000000000000000000000000100000>;
v0000000002ce5da0_0 .net "data0_i", 31 0, L_0000000002d57870;  alias, 1 drivers
v0000000002ce5440_0 .net "data1_i", 31 0, L_0000000002d57370;  alias, 1 drivers
v0000000002ce6a20_0 .net "data_o", 31 0, L_0000000002d57eb0;  alias, 1 drivers
v0000000002ce71a0_0 .net "select_i", 0 0, L_0000000002d58590;  alias, 1 drivers
L_0000000002d57eb0 .functor MUXZ 32, L_0000000002d57870, L_0000000002d57370, L_0000000002d58590, C4<>;
S_0000000002c6d910 .scope module, "Mux3" "MUX_2to1" 3 374, 9 12 0, S_00000000028a6eb0;
 .timescale -9 -12;
    .port_info 0 /INPUT 5 "data0_i"
    .port_info 1 /INPUT 5 "data1_i"
    .port_info 2 /INPUT 1 "select_i"
    .port_info 3 /OUTPUT 5 "data_o"
P_0000000002c81bf0 .param/l "size" 0 9 19, +C4<00000000000000000000000000000101>;
v0000000002ce5260_0 .net "data0_i", 4 0, L_0000000002d581d0;  alias, 1 drivers
v0000000002ce5300_0 .net "data1_i", 4 0, L_0000000002d57410;  alias, 1 drivers
v0000000002ce7380_0 .net "data_o", 4 0, L_0000000002d584f0;  alias, 1 drivers
v0000000002ce4c20_0 .net "select_i", 0 0, L_0000000002d56d30;  alias, 1 drivers
L_0000000002d584f0 .functor MUXZ 5, L_0000000002d581d0, L_0000000002d57410, L_0000000002d56d30, C4<>;
S_0000000002ced830 .scope module, "Mux4" "MUX_2to1" 3 458, 9 12 0, S_00000000028a6eb0;
 .timescale -9 -12;
    .port_info 0 /INPUT 32 "data0_i"
    .port_info 1 /INPUT 32 "data1_i"
    .port_info 2 /INPUT 1 "select_i"
    .port_info 3 /OUTPUT 32 "data_o"
P_0000000002c814b0 .param/l "size" 0 9 19, +C4<00000000000000000000000000100000>;
v0000000002ce5580_0 .net "data0_i", 31 0, L_0000000002d5c870;  alias, 1 drivers
v0000000002ce4f40_0 .net "data1_i", 31 0, L_0000000002d5b0b0;  alias, 1 drivers
v0000000002ce4cc0_0 .net "data_o", 31 0, L_0000000002d5ccd0;  alias, 1 drivers
v0000000002ce4fe0_0 .net "select_i", 0 0, L_0000000002d5b470;  alias, 1 drivers
L_0000000002d5ccd0 .functor MUXZ 32, L_0000000002d5c870, L_0000000002d5b0b0, L_0000000002d5b470, C4<>;
S_0000000002cee130 .scope module, "MuxPC" "MUX_2to1" 3 153, 9 12 0, S_00000000028a6eb0;
 .timescale -9 -12;
    .port_info 0 /INPUT 32 "data0_i"
    .port_info 1 /INPUT 32 "data1_i"
    .port_info 2 /INPUT 1 "select_i"
    .port_info 3 /OUTPUT 32 "data_o"
P_0000000002c819b0 .param/l "size" 0 9 19, +C4<00000000000000000000000000100000>;
v0000000002ce5620_0 .net "data0_i", 31 0, v0000000002ce7b00_0;  alias, 1 drivers
v0000000002ce5e40_0 .net "data1_i", 31 0, L_0000000002cfb2b0;  alias, 1 drivers
v0000000002ce5800_0 .net "data_o", 31 0, L_0000000002cfb350;  alias, 1 drivers
v0000000002ce5b20_0 .net "select_i", 0 0, v0000000002c6ba40_0;  alias, 1 drivers
L_0000000002cfb350 .functor MUXZ 32, v0000000002ce7b00_0, L_0000000002cfb2b0, v0000000002c6ba40_0, C4<>;
S_0000000002cee430 .scope module, "PC" "ProgramCounter" 3 160, 15 12 0, S_00000000028a6eb0;
 .timescale -9 -12;
    .port_info 0 /INPUT 1 "clk_i"
    .port_info 1 /INPUT 1 "rst_i"
    .port_info 2 /INPUT 32 "pc_in_i"
    .port_info 3 /OUTPUT 32 "pc_out_o"
v0000000002ce5bc0_0 .net "clk_i", 0 0, v0000000002cfc250_0;  alias, 1 drivers
v0000000002ce8140_0 .net "pc_in_i", 31 0, L_0000000002cfb350;  alias, 1 drivers
v0000000002ce7b00_0 .var "pc_out_o", 31 0;
v0000000002ce8280_0 .net "rst_i", 0 0, L_0000000002c97a90;  alias, 1 drivers
S_0000000002cee2b0 .scope module, "RF" "Reg_File" 3 206, 16 11 0, S_00000000028a6eb0;
 .timescale -9 -12;
    .port_info 0 /INPUT 1 "clk_i"
    .port_info 1 /INPUT 1 "rst_i"
    .port_info 2 /INPUT 5 "RSaddr_i"
    .port_info 3 /INPUT 5 "RTaddr_i"
    .port_info 4 /INPUT 5 "RDaddr_i"
    .port_info 5 /INPUT 32 "RDdata_i"
    .port_info 6 /INPUT 1 "RegWrite_i"
    .port_info 7 /OUTPUT 32 "RSdata_o"
    .port_info 8 /OUTPUT 32 "RTdata_o"
L_0000000002c98120 .functor AND 1, L_0000000002d5ce10, L_0000000002cfcc50, C4<1>, C4<1>;
L_0000000002c97cc0 .functor AND 1, L_0000000002d5ce10, L_0000000002cfd0b0, C4<1>, C4<1>;
v0000000002ce7740_0 .net "RDaddr_i", 4 0, L_0000000002d5b8d0;  alias, 1 drivers
v0000000002ce7ba0_0 .net "RDdata_i", 31 0, L_0000000002d5ccd0;  alias, 1 drivers
v0000000002ce8000_0 .net "RSaddr_i", 4 0, L_0000000002cfc7f0;  alias, 1 drivers
v0000000002ce7c40_0 .net "RSdata_o", 31 0, L_0000000002cfaef0;  alias, 1 drivers
v0000000002ce8320_0 .net "RTaddr_i", 4 0, L_0000000002cfc890;  alias, 1 drivers
v0000000002ce7ce0_0 .net "RTdata_o", 31 0, L_0000000002cfd150;  alias, 1 drivers
v0000000002ce80a0_0 .net "RegWrite_i", 0 0, L_0000000002d5ce10;  alias, 1 drivers
v0000000002ce88c0 .array/s "Reg_File", 31 0, 31 0;
v0000000002ce7d80_0 .net *"_s0", 0 0, L_0000000002cfcc50;  1 drivers
v0000000002ce7e20_0 .net *"_s12", 0 0, L_0000000002cfd0b0;  1 drivers
v0000000002ce77e0_0 .net *"_s14", 0 0, L_0000000002c97cc0;  1 drivers
v0000000002ce86e0_0 .net *"_s16", 31 0, L_0000000002cfaf90;  1 drivers
v0000000002ce7420_0 .net *"_s18", 6 0, L_0000000002cfbfd0;  1 drivers
v0000000002ce81e0_0 .net *"_s2", 0 0, L_0000000002c98120;  1 drivers
L_0000000002cfed48 .functor BUFT 1, C4<00>, C4<0>, C4<0>, C4<0>;
v0000000002ce8500_0 .net *"_s21", 1 0, L_0000000002cfed48;  1 drivers
v0000000002ce7ec0_0 .net *"_s4", 31 0, L_0000000002cfc110;  1 drivers
v0000000002ce79c0_0 .net *"_s6", 6 0, L_0000000002cfbad0;  1 drivers
L_0000000002cfed00 .functor BUFT 1, C4<00>, C4<0>, C4<0>, C4<0>;
v0000000002ce8460_0 .net *"_s9", 1 0, L_0000000002cfed00;  1 drivers
v0000000002ce85a0_0 .net "clk_i", 0 0, v0000000002cfc250_0;  alias, 1 drivers
v0000000002ce8640_0 .net "rst_i", 0 0, L_0000000002c97a90;  alias, 1 drivers
E_0000000002c81fb0 .event posedge, v0000000002c8c470_0, v0000000002c8b890_0;
L_0000000002cfcc50 .cmp/eq 5, L_0000000002cfc7f0, L_0000000002d5b8d0;
L_0000000002cfc110 .array/port v0000000002ce88c0, L_0000000002cfbad0;
L_0000000002cfbad0 .concat [ 5 2 0 0], L_0000000002cfc7f0, L_0000000002cfed00;
L_0000000002cfaef0 .functor MUXZ 32, L_0000000002cfc110, L_0000000002d5ccd0, L_0000000002c98120, C4<>;
L_0000000002cfd0b0 .cmp/eq 5, L_0000000002cfc890, L_0000000002d5b8d0;
L_0000000002cfaf90 .array/port v0000000002ce88c0, L_0000000002cfbfd0;
L_0000000002cfbfd0 .concat [ 5 2 0 0], L_0000000002cfc890, L_0000000002cfed48;
L_0000000002cfd150 .functor MUXZ 32, L_0000000002cfaf90, L_0000000002d5ccd0, L_0000000002c97cc0, C4<>;
S_0000000002cee5b0 .scope module, "Sign_Extend" "Sign_Extend" 3 246, 17 12 0, S_00000000028a6eb0;
 .timescale -9 -12;
    .port_info 0 /INPUT 16 "data_i"
    .port_info 1 /OUTPUT 32 "data_o"
L_0000000002c97e80 .functor BUFZ 16, L_0000000002cfde70, C4<0000000000000000>, C4<0000000000000000>, C4<0000000000000000>;
v0000000002ce7920_0 .net *"_s11", 0 0, L_0000000002cfd830;  1 drivers
v0000000002ce7f60_0 .net *"_s15", 0 0, L_0000000002cfd8d0;  1 drivers
v0000000002ce8780_0 .net *"_s19", 0 0, L_0000000002cfdc90;  1 drivers
v0000000002ce7880_0 .net *"_s23", 0 0, L_0000000002cfe0f0;  1 drivers
v0000000002ce8aa0_0 .net *"_s27", 0 0, L_0000000002cfe410;  1 drivers
v0000000002ce8820_0 .net *"_s3", 0 0, L_0000000002cfd470;  1 drivers
v0000000002ce8960_0 .net *"_s31", 0 0, L_0000000002cfe4b0;  1 drivers
v0000000002ce7600_0 .net *"_s35", 0 0, L_0000000002cfddd0;  1 drivers
v0000000002ce7a60_0 .net *"_s39", 0 0, L_0000000002cfe7d0;  1 drivers
v0000000002ce8a00_0 .net *"_s43", 0 0, L_0000000002cfe5f0;  1 drivers
v0000000002ce74c0_0 .net *"_s47", 0 0, L_0000000002cfdbf0;  1 drivers
v0000000002ce7560_0 .net *"_s51", 0 0, L_0000000002cfda10;  1 drivers
v0000000002ce76a0_0 .net *"_s55", 0 0, L_0000000002cfdfb0;  1 drivers
v0000000002cf11d0_0 .net *"_s59", 0 0, L_0000000002cfe870;  1 drivers
v0000000002cf0050_0 .net *"_s63", 0 0, L_0000000002cfe230;  1 drivers
v0000000002cef150_0 .net *"_s68", 15 0, L_0000000002c97e80;  1 drivers
v0000000002cf0cd0_0 .net *"_s7", 0 0, L_0000000002cfe550;  1 drivers
v0000000002cefab0_0 .net "data_i", 15 0, L_0000000002cfde70;  1 drivers
v0000000002cef470_0 .net "data_o", 31 0, L_0000000002cfe730;  alias, 1 drivers
L_0000000002cfd470 .part L_0000000002cfde70, 15, 1;
L_0000000002cfe550 .part L_0000000002cfde70, 15, 1;
L_0000000002cfd830 .part L_0000000002cfde70, 15, 1;
L_0000000002cfd8d0 .part L_0000000002cfde70, 15, 1;
L_0000000002cfdc90 .part L_0000000002cfde70, 15, 1;
L_0000000002cfe0f0 .part L_0000000002cfde70, 15, 1;
L_0000000002cfe410 .part L_0000000002cfde70, 15, 1;
L_0000000002cfe4b0 .part L_0000000002cfde70, 15, 1;
L_0000000002cfddd0 .part L_0000000002cfde70, 15, 1;
L_0000000002cfe7d0 .part L_0000000002cfde70, 15, 1;
L_0000000002cfe5f0 .part L_0000000002cfde70, 15, 1;
L_0000000002cfdbf0 .part L_0000000002cfde70, 15, 1;
L_0000000002cfda10 .part L_0000000002cfde70, 15, 1;
L_0000000002cfdfb0 .part L_0000000002cfde70, 15, 1;
L_0000000002cfe870 .part L_0000000002cfde70, 15, 1;
L_0000000002cfe230 .part L_0000000002cfde70, 15, 1;
LS_0000000002cfe730_0_0 .concat8 [ 16 1 1 1], L_0000000002c97e80, L_0000000002cfe230, L_0000000002cfe870, L_0000000002cfdfb0;
LS_0000000002cfe730_0_4 .concat8 [ 1 1 1 1], L_0000000002cfda10, L_0000000002cfdbf0, L_0000000002cfe5f0, L_0000000002cfe7d0;
LS_0000000002cfe730_0_8 .concat8 [ 1 1 1 1], L_0000000002cfddd0, L_0000000002cfe4b0, L_0000000002cfe410, L_0000000002cfe0f0;
LS_0000000002cfe730_0_12 .concat8 [ 1 1 1 1], L_0000000002cfdc90, L_0000000002cfd8d0, L_0000000002cfd830, L_0000000002cfe550;
LS_0000000002cfe730_0_16 .concat8 [ 1 0 0 0], L_0000000002cfd470;
LS_0000000002cfe730_1_0 .concat8 [ 19 4 4 4], LS_0000000002cfe730_0_0, LS_0000000002cfe730_0_4, LS_0000000002cfe730_0_8, LS_0000000002cfe730_0_12;
LS_0000000002cfe730_1_4 .concat8 [ 1 0 0 0], LS_0000000002cfe730_0_16;
L_0000000002cfe730 .concat8 [ 31 1 0 0], LS_0000000002cfe730_1_0, LS_0000000002cfe730_1_4;
S_0000000002ceea30 .scope module, "shifter" "Shift_Left_Two_32" 3 302, 18 10 0, S_00000000028a6eb0;
 .timescale -9 -12;
    .port_info 0 /INPUT 32 "data_i"
    .port_info 1 /OUTPUT 32 "data_o"
v0000000002cefbf0_0 .net *"_s3", 29 0, L_0000000002d56f10;  1 drivers
L_0000000002cff7f8 .functor BUFT 1, C4<00>, C4<0>, C4<0>, C4<0>;
v0000000002cf0b90_0 .net/2s *"_s7", 1 0, L_0000000002cff7f8;  1 drivers
v0000000002cefdd0_0 .net "data_i", 31 0, L_0000000002d57370;  alias, 1 drivers
v0000000002cefa10_0 .net "data_o", 31 0, L_0000000002d575f0;  alias, 1 drivers
L_0000000002d56f10 .part L_0000000002d57370, 0, 30;
L_0000000002d575f0 .concat8 [ 2 30 0 0], L_0000000002cff7f8, L_0000000002d56f10;
    .scope S_0000000002cee430;
T_0 ;
    %wait E_0000000002c806b0;
    %load/vec4 v0000000002ce8280_0;
    %inv;
    %flag_set/vec4 8;
    %jmp/0xz  T_0.0, 8;
    %pushi/vec4 0, 0, 32;
    %assign/vec4 v0000000002ce7b00_0, 0;
    %jmp T_0.1;
T_0.0 ;
    %load/vec4 v0000000002ce8140_0;
    %assign/vec4 v0000000002ce7b00_0, 0;
T_0.1 ;
    %jmp T_0;
    .thread T_0;
    .scope S_0000000002c6da90;
T_1 ;
    %pushi/vec4 0, 0, 32;
    %store/vec4 v0000000002ce4e00_0, 0, 32;
T_1.0 ;
    %load/vec4 v0000000002ce4e00_0;
    %cmpi/s 65, 0, 32;
    %jmp/0xz T_1.1, 5;
    %pushi/vec4 0, 0, 32;
    %ix/getv/s 4, v0000000002ce4e00_0;
    %store/vec4a v0000000002ce5940, 4, 0;
    %load/vec4 v0000000002ce4e00_0;
    %addi 1, 0, 32;
    %store/vec4 v0000000002ce4e00_0, 0, 32;
    %jmp T_1.0;
T_1.1 ;
    %vpi_call 14 40 "$readmemb", "lab5_test_data.txt", v0000000002ce5940 {0 0 0};
    %end;
    .thread T_1;
    .scope S_0000000002c6dd90;
T_2 ;
    %wait E_0000000002c806b0;
    %load/vec4 v0000000002ce6e80_0;
    %inv;
    %flag_set/vec4 8;
    %jmp/0xz  T_2.0, 8;
    %pushi/vec4 0, 0, 64;
    %assign/vec4 v0000000002ce72e0_0, 0;
    %jmp T_2.1;
T_2.0 ;
    %load/vec4 v0000000002ce63e0_0;
    %assign/vec4 v0000000002ce72e0_0, 0;
T_2.1 ;
    %jmp T_2;
    .thread T_2;
    .scope S_0000000002cee2b0;
T_3 ;
    %wait E_0000000002c81fb0;
    %load/vec4 v0000000002ce8640_0;
    %pad/u 32;
    %cmpi/e 0, 0, 32;
    %jmp/0xz  T_3.0, 4;
    %pushi/vec4 0, 0, 32;
    %ix/load 3, 0, 0;
    %flag_set/imm 4, 0;
    %ix/load 4, 0, 0; Constant delay
    %assign/vec4/a/d v0000000002ce88c0, 0, 4;
    %pushi/vec4 0, 0, 32;
    %ix/load 3, 1, 0;
    %flag_set/imm 4, 0;
    %ix/load 4, 0, 0; Constant delay
    %assign/vec4/a/d v0000000002ce88c0, 0, 4;
    %pushi/vec4 0, 0, 32;
    %ix/load 3, 2, 0;
    %flag_set/imm 4, 0;
    %ix/load 4, 0, 0; Constant delay
    %assign/vec4/a/d v0000000002ce88c0, 0, 4;
    %pushi/vec4 0, 0, 32;
    %ix/load 3, 3, 0;
    %flag_set/imm 4, 0;
    %ix/load 4, 0, 0; Constant delay
    %assign/vec4/a/d v0000000002ce88c0, 0, 4;
    %pushi/vec4 0, 0, 32;
    %ix/load 3, 4, 0;
    %flag_set/imm 4, 0;
    %ix/load 4, 0, 0; Constant delay
    %assign/vec4/a/d v0000000002ce88c0, 0, 4;
    %pushi/vec4 0, 0, 32;
    %ix/load 3, 5, 0;
    %flag_set/imm 4, 0;
    %ix/load 4, 0, 0; Constant delay
    %assign/vec4/a/d v0000000002ce88c0, 0, 4;
    %pushi/vec4 0, 0, 32;
    %ix/load 3, 6, 0;
    %flag_set/imm 4, 0;
    %ix/load 4, 0, 0; Constant delay
    %assign/vec4/a/d v0000000002ce88c0, 0, 4;
    %pushi/vec4 0, 0, 32;
    %ix/load 3, 7, 0;
    %flag_set/imm 4, 0;
    %ix/load 4, 0, 0; Constant delay
    %assign/vec4/a/d v0000000002ce88c0, 0, 4;
    %pushi/vec4 0, 0, 32;
    %ix/load 3, 8, 0;
    %flag_set/imm 4, 0;
    %ix/load 4, 0, 0; Constant delay
    %assign/vec4/a/d v0000000002ce88c0, 0, 4;
    %pushi/vec4 0, 0, 32;
    %ix/load 3, 9, 0;
    %flag_set/imm 4, 0;
    %ix/load 4, 0, 0; Constant delay
    %assign/vec4/a/d v0000000002ce88c0, 0, 4;
    %pushi/vec4 0, 0, 32;
    %ix/load 3, 10, 0;
    %flag_set/imm 4, 0;
    %ix/load 4, 0, 0; Constant delay
    %assign/vec4/a/d v0000000002ce88c0, 0, 4;
    %pushi/vec4 0, 0, 32;
    %ix/load 3, 11, 0;
    %flag_set/imm 4, 0;
    %ix/load 4, 0, 0; Constant delay
    %assign/vec4/a/d v0000000002ce88c0, 0, 4;
    %pushi/vec4 0, 0, 32;
    %ix/load 3, 12, 0;
    %flag_set/imm 4, 0;
    %ix/load 4, 0, 0; Constant delay
    %assign/vec4/a/d v0000000002ce88c0, 0, 4;
    %pushi/vec4 0, 0, 32;
    %ix/load 3, 13, 0;
    %flag_set/imm 4, 0;
    %ix/load 4, 0, 0; Constant delay
    %assign/vec4/a/d v0000000002ce88c0, 0, 4;
    %pushi/vec4 0, 0, 32;
    %ix/load 3, 14, 0;
    %flag_set/imm 4, 0;
    %ix/load 4, 0, 0; Constant delay
    %assign/vec4/a/d v0000000002ce88c0, 0, 4;
    %pushi/vec4 0, 0, 32;
    %ix/load 3, 15, 0;
    %flag_set/imm 4, 0;
    %ix/load 4, 0, 0; Constant delay
    %assign/vec4/a/d v0000000002ce88c0, 0, 4;
    %pushi/vec4 0, 0, 32;
    %ix/load 3, 16, 0;
    %flag_set/imm 4, 0;
    %ix/load 4, 0, 0; Constant delay
    %assign/vec4/a/d v0000000002ce88c0, 0, 4;
    %pushi/vec4 0, 0, 32;
    %ix/load 3, 17, 0;
    %flag_set/imm 4, 0;
    %ix/load 4, 0, 0; Constant delay
    %assign/vec4/a/d v0000000002ce88c0, 0, 4;
    %pushi/vec4 0, 0, 32;
    %ix/load 3, 18, 0;
    %flag_set/imm 4, 0;
    %ix/load 4, 0, 0; Constant delay
    %assign/vec4/a/d v0000000002ce88c0, 0, 4;
    %pushi/vec4 0, 0, 32;
    %ix/load 3, 19, 0;
    %flag_set/imm 4, 0;
    %ix/load 4, 0, 0; Constant delay
    %assign/vec4/a/d v0000000002ce88c0, 0, 4;
    %pushi/vec4 0, 0, 32;
    %ix/load 3, 20, 0;
    %flag_set/imm 4, 0;
    %ix/load 4, 0, 0; Constant delay
    %assign/vec4/a/d v0000000002ce88c0, 0, 4;
    %pushi/vec4 0, 0, 32;
    %ix/load 3, 21, 0;
    %flag_set/imm 4, 0;
    %ix/load 4, 0, 0; Constant delay
    %assign/vec4/a/d v0000000002ce88c0, 0, 4;
    %pushi/vec4 0, 0, 32;
    %ix/load 3, 22, 0;
    %flag_set/imm 4, 0;
    %ix/load 4, 0, 0; Constant delay
    %assign/vec4/a/d v0000000002ce88c0, 0, 4;
    %pushi/vec4 0, 0, 32;
    %ix/load 3, 23, 0;
    %flag_set/imm 4, 0;
    %ix/load 4, 0, 0; Constant delay
    %assign/vec4/a/d v0000000002ce88c0, 0, 4;
    %pushi/vec4 0, 0, 32;
    %ix/load 3, 24, 0;
    %flag_set/imm 4, 0;
    %ix/load 4, 0, 0; Constant delay
    %assign/vec4/a/d v0000000002ce88c0, 0, 4;
    %pushi/vec4 0, 0, 32;
    %ix/load 3, 25, 0;
    %flag_set/imm 4, 0;
    %ix/load 4, 0, 0; Constant delay
    %assign/vec4/a/d v0000000002ce88c0, 0, 4;
    %pushi/vec4 0, 0, 32;
    %ix/load 3, 26, 0;
    %flag_set/imm 4, 0;
    %ix/load 4, 0, 0; Constant delay
    %assign/vec4/a/d v0000000002ce88c0, 0, 4;
    %pushi/vec4 0, 0, 32;
    %ix/load 3, 27, 0;
    %flag_set/imm 4, 0;
    %ix/load 4, 0, 0; Constant delay
    %assign/vec4/a/d v0000000002ce88c0, 0, 4;
    %pushi/vec4 0, 0, 32;
    %ix/load 3, 28, 0;
    %flag_set/imm 4, 0;
    %ix/load 4, 0, 0; Constant delay
    %assign/vec4/a/d v0000000002ce88c0, 0, 4;
    %pushi/vec4 0, 0, 32;
    %ix/load 3, 29, 0;
    %flag_set/imm 4, 0;
    %ix/load 4, 0, 0; Constant delay
    %assign/vec4/a/d v0000000002ce88c0, 0, 4;
    %pushi/vec4 0, 0, 32;
    %ix/load 3, 30, 0;
    %flag_set/imm 4, 0;
    %ix/load 4, 0, 0; Constant delay
    %assign/vec4/a/d v0000000002ce88c0, 0, 4;
    %pushi/vec4 0, 0, 32;
    %ix/load 3, 31, 0;
    %flag_set/imm 4, 0;
    %ix/load 4, 0, 0; Constant delay
    %assign/vec4/a/d v0000000002ce88c0, 0, 4;
    %jmp T_3.1;
T_3.0 ;
    %load/vec4 v0000000002ce80a0_0;
    %flag_set/vec4 8;
    %jmp/0xz  T_3.2, 8;
    %load/vec4 v0000000002ce7ba0_0;
    %load/vec4 v0000000002ce7740_0;
    %pad/u 7;
    %ix/vec4 3;
    %ix/load 4, 0, 0; Constant delay
    %assign/vec4/a/d v0000000002ce88c0, 0, 4;
    %jmp T_3.3;
T_3.2 ;
    %load/vec4 v0000000002ce7740_0;
    %pad/u 7;
    %ix/vec4 4;
    %load/vec4a v0000000002ce88c0, 4;
    %load/vec4 v0000000002ce7740_0;
    %pad/u 7;
    %ix/vec4 3;
    %ix/load 4, 0, 0; Constant delay
    %assign/vec4/a/d v0000000002ce88c0, 0, 4;
T_3.3 ;
T_3.1 ;
    %jmp T_3;
    .thread T_3;
    .scope S_000000000288eaf0;
T_4 ;
    %wait E_0000000002c80f30;
    %pushi/vec4 1, 0, 1;
    %store/vec4 v0000000002c6ba40_0, 0, 1;
    %pushi/vec4 1, 0, 1;
    %store/vec4 v0000000002c6d020_0, 0, 1;
    %pushi/vec4 0, 0, 1;
    %store/vec4 v0000000002c6b900_0, 0, 1;
    %pushi/vec4 0, 0, 1;
    %store/vec4 v0000000002c6c8a0_0, 0, 1;
    %pushi/vec4 0, 0, 1;
    %store/vec4 v0000000002c6c940_0, 0, 1;
    %load/vec4 v0000000002c6d5c0_0;
    %load/vec4 v0000000002c6cb20_0;
    %load/vec4 v0000000002c6cbc0_0;
    %cmp/e;
    %flag_get/vec4 4;
    %load/vec4 v0000000002c6cc60_0;
    %load/vec4 v0000000002c6cbc0_0;
    %cmp/e;
    %flag_get/vec4 4;
    %or;
    %and;
    %flag_set/vec4 8;
    %jmp/0xz  T_4.0, 8;
    %pushi/vec4 0, 0, 1;
    %store/vec4 v0000000002c6ba40_0, 0, 1;
    %pushi/vec4 0, 0, 1;
    %store/vec4 v0000000002c6d020_0, 0, 1;
    %pushi/vec4 1, 0, 1;
    %store/vec4 v0000000002c6c8a0_0, 0, 1;
T_4.0 ;
    %load/vec4 v0000000002c6ca80_0;
    %flag_set/vec4 8;
    %jmp/0xz  T_4.2, 8;
    %pushi/vec4 1, 0, 1;
    %store/vec4 v0000000002c6b900_0, 0, 1;
    %pushi/vec4 1, 0, 1;
    %store/vec4 v0000000002c6c8a0_0, 0, 1;
    %pushi/vec4 1, 0, 1;
    %store/vec4 v0000000002c6c940_0, 0, 1;
T_4.2 ;
    %jmp T_4;
    .thread T_4, $push;
    .scope S_00000000028817e0;
T_5 ;
    %wait E_0000000002c806b0;
    %load/vec4 v0000000002ce5120_0;
    %inv;
    %flag_set/vec4 8;
    %jmp/0xz  T_5.0, 8;
    %pushi/vec4 0, 0, 155;
    %assign/vec4 v0000000002ce6700_0, 0;
    %jmp T_5.1;
T_5.0 ;
    %load/vec4 v0000000002ce6020_0;
    %assign/vec4 v0000000002ce6700_0, 0;
T_5.1 ;
    %jmp T_5;
    .thread T_5;
    .scope S_000000000288e970;
T_6 ;
    %wait E_0000000002c80ef0;
    %pushi/vec4 0, 0, 2;
    %store/vec4 v0000000002c6cf80_0, 0, 2;
    %pushi/vec4 0, 0, 2;
    %store/vec4 v0000000002c6d520_0, 0, 2;
    %load/vec4 v0000000002c6d7a0_0;
    %load/vec4 v0000000002c6c1c0_0;
    %pad/u 32;
    %pushi/vec4 0, 0, 32;
    %cmp/e;
    %flag_get/vec4 4;
    %inv;
    %and;
    %flag_set/vec4 8;
    %jmp/0xz  T_6.0, 8;
    %load/vec4 v0000000002c6c3a0_0;
    %load/vec4 v0000000002c6c1c0_0;
    %cmp/e;
    %jmp/0xz  T_6.2, 4;
    %pushi/vec4 2, 0, 2;
    %store/vec4 v0000000002c6cf80_0, 0, 2;
T_6.2 ;
    %load/vec4 v0000000002c6c800_0;
    %load/vec4 v0000000002c6c1c0_0;
    %cmp/e;
    %jmp/0xz  T_6.4, 4;
    %pushi/vec4 2, 0, 2;
    %store/vec4 v0000000002c6d520_0, 0, 2;
T_6.4 ;
T_6.0 ;
    %load/vec4 v0000000002c6c300_0;
    %load/vec4 v0000000002c6c260_0;
    %pad/u 32;
    %pushi/vec4 0, 0, 32;
    %cmp/e;
    %flag_get/vec4 4;
    %inv;
    %and;
    %flag_set/vec4 8;
    %jmp/0xz  T_6.6, 8;
    %load/vec4 v0000000002c6d7a0_0;
    %load/vec4 v0000000002c6c1c0_0;
    %pad/u 32;
    %pushi/vec4 0, 0, 32;
    %cmp/e;
    %flag_get/vec4 4;
    %inv;
    %and;
    %load/vec4 v0000000002c6c3a0_0;
    %load/vec4 v0000000002c6c1c0_0;
    %cmp/e;
    %flag_get/vec4 4;
    %and;
    %nor/r;
    %load/vec4 v0000000002c6c3a0_0;
    %load/vec4 v0000000002c6c260_0;
    %cmp/e;
    %flag_get/vec4 4;
    %and;
    %flag_set/vec4 8;
    %jmp/0xz  T_6.8, 8;
    %pushi/vec4 1, 0, 2;
    %store/vec4 v0000000002c6cf80_0, 0, 2;
T_6.8 ;
    %load/vec4 v0000000002c6d7a0_0;
    %load/vec4 v0000000002c6c1c0_0;
    %pad/u 32;
    %pushi/vec4 0, 0, 32;
    %cmp/e;
    %flag_get/vec4 4;
    %inv;
    %and;
    %load/vec4 v0000000002c6c800_0;
    %load/vec4 v0000000002c6c1c0_0;
    %cmp/e;
    %flag_get/vec4 4;
    %and;
    %nor/r;
    %load/vec4 v0000000002c6c800_0;
    %load/vec4 v0000000002c6c260_0;
    %cmp/e;
    %flag_get/vec4 4;
    %and;
    %flag_set/vec4 8;
    %jmp/0xz  T_6.10, 8;
    %pushi/vec4 1, 0, 2;
    %store/vec4 v0000000002c6d520_0, 0, 2;
T_6.10 ;
T_6.6 ;
    %jmp T_6;
    .thread T_6, $push;
    .scope S_000000000289e910;
T_7 ;
    %wait E_0000000002c80ff0;
    %pushi/vec4 0, 0, 32;
    %store/vec4 v0000000002c57f60_0, 0, 32;
    %load/vec4 v0000000002c57420_0;
    %dup/vec4;
    %pushi/vec4 0, 0, 4;
    %cmp/u;
    %jmp/1 T_7.0, 6;
    %dup/vec4;
    %pushi/vec4 1, 0, 4;
    %cmp/u;
    %jmp/1 T_7.1, 6;
    %dup/vec4;
    %pushi/vec4 2, 0, 4;
    %cmp/u;
    %jmp/1 T_7.2, 6;
    %dup/vec4;
    %pushi/vec4 3, 0, 4;
    %cmp/u;
    %jmp/1 T_7.3, 6;
    %dup/vec4;
    %pushi/vec4 6, 0, 4;
    %cmp/u;
    %jmp/1 T_7.4, 6;
    %dup/vec4;
    %pushi/vec4 7, 0, 4;
    %cmp/u;
    %jmp/1 T_7.5, 6;
    %dup/vec4;
    %pushi/vec4 8, 0, 4;
    %cmp/u;
    %jmp/1 T_7.6, 6;
    %dup/vec4;
    %pushi/vec4 9, 0, 4;
    %cmp/u;
    %jmp/1 T_7.7, 6;
    %dup/vec4;
    %pushi/vec4 12, 0, 4;
    %cmp/u;
    %jmp/1 T_7.8, 6;
    %jmp T_7.9;
T_7.0 ;
    %load/vec4 v0000000002c58460_0;
    %load/vec4 v0000000002c57560_0;
    %and;
    %store/vec4 v0000000002c57f60_0, 0, 32;
    %jmp T_7.9;
T_7.1 ;
    %load/vec4 v0000000002c58460_0;
    %load/vec4 v0000000002c57560_0;
    %or;
    %store/vec4 v0000000002c57f60_0, 0, 32;
    %jmp T_7.9;
T_7.2 ;
    %load/vec4 v0000000002c58460_0;
    %load/vec4 v0000000002c57560_0;
    %add;
    %store/vec4 v0000000002c57f60_0, 0, 32;
    %jmp T_7.9;
T_7.3 ;
    %load/vec4 v0000000002c58460_0;
    %load/vec4 v0000000002c57560_0;
    %cmp/s;
    %flag_or 5, 4;
    %flag_mov 8, 5;
    %jmp/0 T_7.10, 8;
    %pushi/vec4 1, 0, 32;
    %jmp/1 T_7.11, 8;
T_7.10 ; End of true expr.
    %pushi/vec4 0, 0, 32;
    %jmp/0 T_7.11, 8;
 ; End of false expr.
    %blend;
T_7.11;
    %store/vec4 v0000000002c57f60_0, 0, 32;
    %jmp T_7.9;
T_7.4 ;
    %load/vec4 v0000000002c58460_0;
    %load/vec4 v0000000002c57560_0;
    %sub;
    %store/vec4 v0000000002c57f60_0, 0, 32;
    %jmp T_7.9;
T_7.5 ;
    %load/vec4 v0000000002c58460_0;
    %load/vec4 v0000000002c57560_0;
    %cmp/s;
    %flag_mov 8, 5;
    %jmp/0 T_7.12, 8;
    %pushi/vec4 1, 0, 32;
    %jmp/1 T_7.13, 8;
T_7.12 ; End of true expr.
    %pushi/vec4 0, 0, 32;
    %jmp/0 T_7.13, 8;
 ; End of false expr.
    %blend;
T_7.13;
    %store/vec4 v0000000002c57f60_0, 0, 32;
    %jmp T_7.9;
T_7.6 ;
    %load/vec4 v0000000002c57560_0;
    %ix/getv 4, v0000000002c574c0_0;
    %shiftr/s 4;
    %store/vec4 v0000000002c57f60_0, 0, 32;
    %jmp T_7.9;
T_7.7 ;
    %load/vec4 v0000000002c57560_0;
    %load/vec4 v0000000002c58460_0;
    %parti/s 5, 0, 2;
    %ix/vec4 4;
    %shiftr/s 4;
    %store/vec4 v0000000002c57f60_0, 0, 32;
    %jmp T_7.9;
T_7.8 ;
    %load/vec4 v0000000002c58460_0;
    %load/vec4 v0000000002c57560_0;
    %mul;
    %store/vec4 v0000000002c57f60_0, 0, 32;
    %jmp T_7.9;
T_7.9 ;
    %pop/vec4 1;
    %jmp T_7;
    .thread T_7, $push;
    .scope S_000000000289ea90;
T_8 ;
    %wait E_0000000002c80830;
    %pushi/vec4 0, 0, 4;
    %store/vec4 v0000000002c567a0_0, 0, 4;
    %pushi/vec4 0, 0, 1;
    %store/vec4 v0000000002c57ce0_0, 0, 1;
    %load/vec4 v0000000002c57920_0;
    %dup/vec4;
    %pushi/vec4 0, 0, 3;
    %cmp/u;
    %jmp/1 T_8.0, 6;
    %dup/vec4;
    %pushi/vec4 1, 0, 3;
    %cmp/u;
    %jmp/1 T_8.1, 6;
    %dup/vec4;
    %pushi/vec4 2, 0, 3;
    %cmp/u;
    %jmp/1 T_8.2, 6;
    %dup/vec4;
    %pushi/vec4 3, 0, 3;
    %cmp/u;
    %jmp/1 T_8.3, 6;
    %dup/vec4;
    %pushi/vec4 4, 0, 3;
    %cmp/u;
    %jmp/1 T_8.4, 6;
    %dup/vec4;
    %pushi/vec4 5, 0, 3;
    %cmp/u;
    %jmp/1 T_8.5, 6;
    %jmp T_8.6;
T_8.0 ;
    %pushi/vec4 2, 0, 4;
    %store/vec4 v0000000002c567a0_0, 0, 4;
    %jmp T_8.6;
T_8.1 ;
    %pushi/vec4 6, 0, 4;
    %store/vec4 v0000000002c567a0_0, 0, 4;
    %jmp T_8.6;
T_8.2 ;
    %load/vec4 v0000000002c579c0_0;
    %dup/vec4;
    %pushi/vec4 32, 0, 6;
    %cmp/u;
    %jmp/1 T_8.7, 6;
    %dup/vec4;
    %pushi/vec4 34, 0, 6;
    %cmp/u;
    %jmp/1 T_8.8, 6;
    %dup/vec4;
    %pushi/vec4 36, 0, 6;
    %cmp/u;
    %jmp/1 T_8.9, 6;
    %dup/vec4;
    %pushi/vec4 37, 0, 6;
    %cmp/u;
    %jmp/1 T_8.10, 6;
    %dup/vec4;
    %pushi/vec4 42, 0, 6;
    %cmp/u;
    %jmp/1 T_8.11, 6;
    %dup/vec4;
    %pushi/vec4 3, 0, 6;
    %cmp/u;
    %jmp/1 T_8.12, 6;
    %dup/vec4;
    %pushi/vec4 7, 0, 6;
    %cmp/u;
    %jmp/1 T_8.13, 6;
    %dup/vec4;
    %pushi/vec4 24, 0, 6;
    %cmp/u;
    %jmp/1 T_8.14, 6;
    %dup/vec4;
    %pushi/vec4 8, 0, 6;
    %cmp/u;
    %jmp/1 T_8.15, 6;
    %jmp T_8.16;
T_8.7 ;
    %pushi/vec4 2, 0, 4;
    %store/vec4 v0000000002c567a0_0, 0, 4;
    %jmp T_8.16;
T_8.8 ;
    %pushi/vec4 6, 0, 4;
    %store/vec4 v0000000002c567a0_0, 0, 4;
    %jmp T_8.16;
T_8.9 ;
    %pushi/vec4 0, 0, 4;
    %store/vec4 v0000000002c567a0_0, 0, 4;
    %jmp T_8.16;
T_8.10 ;
    %pushi/vec4 1, 0, 4;
    %store/vec4 v0000000002c567a0_0, 0, 4;
    %jmp T_8.16;
T_8.11 ;
    %pushi/vec4 7, 0, 4;
    %store/vec4 v0000000002c567a0_0, 0, 4;
    %jmp T_8.16;
T_8.12 ;
    %pushi/vec4 8, 0, 4;
    %store/vec4 v0000000002c567a0_0, 0, 4;
    %jmp T_8.16;
T_8.13 ;
    %pushi/vec4 9, 0, 4;
    %store/vec4 v0000000002c567a0_0, 0, 4;
    %jmp T_8.16;
T_8.14 ;
    %pushi/vec4 12, 0, 4;
    %store/vec4 v0000000002c567a0_0, 0, 4;
    %jmp T_8.16;
T_8.15 ;
    %pushi/vec4 0, 0, 4;
    %store/vec4 v0000000002c567a0_0, 0, 4;
    %pushi/vec4 1, 0, 1;
    %store/vec4 v0000000002c57ce0_0, 0, 1;
    %jmp T_8.16;
T_8.16 ;
    %pop/vec4 1;
    %jmp T_8.6;
T_8.3 ;
    %pushi/vec4 1, 0, 4;
    %store/vec4 v0000000002c567a0_0, 0, 4;
    %jmp T_8.6;
T_8.4 ;
    %pushi/vec4 7, 0, 4;
    %store/vec4 v0000000002c567a0_0, 0, 4;
    %jmp T_8.6;
T_8.5 ;
    %pushi/vec4 3, 0, 4;
    %store/vec4 v0000000002c567a0_0, 0, 4;
    %jmp T_8.6;
T_8.6 ;
    %pop/vec4 1;
    %jmp T_8;
    .thread T_8, $push;
    .scope S_0000000002890b00;
T_9 ;
    %wait E_0000000002c806b0;
    %load/vec4 v0000000002c8b890_0;
    %inv;
    %flag_set/vec4 8;
    %jmp/0xz  T_9.0, 8;
    %pushi/vec4 0, 0, 109;
    %assign/vec4 v0000000002c8c830_0, 0;
    %jmp T_9.1;
T_9.0 ;
    %load/vec4 v0000000002c8cbf0_0;
    %assign/vec4 v0000000002c8c830_0, 0;
T_9.1 ;
    %jmp T_9;
    .thread T_9;
    .scope S_0000000002891540;
T_10 ;
    %pushi/vec4 0, 0, 32;
    %store/vec4 v0000000002c8ba70_0, 0, 32;
T_10.0 ;
    %load/vec4 v0000000002c8ba70_0;
    %cmpi/s 128, 0, 32;
    %jmp/0xz T_10.1, 5;
    %pushi/vec4 0, 0, 8;
    %ix/getv/s 4, v0000000002c8ba70_0;
    %store/vec4a v0000000002c8bf70, 4, 0;
    %load/vec4 v0000000002c8ba70_0;
    %addi 1, 0, 32;
    %store/vec4 v0000000002c8ba70_0, 0, 32;
    %jmp T_10.0;
T_10.1 ;
    %pushi/vec4 4, 0, 8;
    %ix/load 4, 0, 0;
    %flag_set/imm 4, 0;
    %store/vec4a v0000000002c8bf70, 4, 0;
    %pushi/vec4 5, 0, 8;
    %ix/load 4, 4, 0;
    %flag_set/imm 4, 0;
    %store/vec4a v0000000002c8bf70, 4, 0;
    %pushi/vec4 6, 0, 8;
    %ix/load 4, 8, 0;
    %flag_set/imm 4, 0;
    %store/vec4a v0000000002c8bf70, 4, 0;
    %pushi/vec4 7, 0, 8;
    %ix/load 4, 12, 0;
    %flag_set/imm 4, 0;
    %store/vec4a v0000000002c8bf70, 4, 0;
    %pushi/vec4 8, 0, 8;
    %ix/load 4, 16, 0;
    %flag_set/imm 4, 0;
    %store/vec4a v0000000002c8bf70, 4, 0;
    %pushi/vec4 9, 0, 8;
    %ix/load 4, 20, 0;
    %flag_set/imm 4, 0;
    %store/vec4a v0000000002c8bf70, 4, 0;
    %pushi/vec4 10, 0, 8;
    %ix/load 4, 24, 0;
    %flag_set/imm 4, 0;
    %store/vec4a v0000000002c8bf70, 4, 0;
    %pushi/vec4 2, 0, 8;
    %ix/load 4, 28, 0;
    %flag_set/imm 4, 0;
    %store/vec4a v0000000002c8bf70, 4, 0;
    %pushi/vec4 1, 0, 8;
    %ix/load 4, 32, 0;
    %flag_set/imm 4, 0;
    %store/vec4a v0000000002c8bf70, 4, 0;
    %pushi/vec4 3, 0, 8;
    %ix/load 4, 36, 0;
    %flag_set/imm 4, 0;
    %store/vec4a v0000000002c8bf70, 4, 0;
    %end;
    .thread T_10;
    .scope S_0000000002891540;
T_11 ;
    %wait E_0000000002c806b0;
    %load/vec4 v0000000002c8b6b0_0;
    %flag_set/vec4 8;
    %jmp/0xz  T_11.0, 8;
    %load/vec4 v0000000002c8c1f0_0;
    %parti/s 8, 24, 6;
    %load/vec4 v0000000002c8c0b0_0;
    %pad/u 33;
    %addi 3, 0, 33;
    %ix/vec4 3;
    %ix/load 4, 0, 0; Constant delay
    %assign/vec4/a/d v0000000002c8bf70, 0, 4;
    %load/vec4 v0000000002c8c1f0_0;
    %parti/s 8, 16, 6;
    %load/vec4 v0000000002c8c0b0_0;
    %pad/u 33;
    %addi 2, 0, 33;
    %ix/vec4 3;
    %ix/load 4, 0, 0; Constant delay
    %assign/vec4/a/d v0000000002c8bf70, 0, 4;
    %load/vec4 v0000000002c8c1f0_0;
    %parti/s 8, 8, 5;
    %load/vec4 v0000000002c8c0b0_0;
    %pad/u 33;
    %addi 1, 0, 33;
    %ix/vec4 3;
    %ix/load 4, 0, 0; Constant delay
    %assign/vec4/a/d v0000000002c8bf70, 0, 4;
    %load/vec4 v0000000002c8c1f0_0;
    %parti/s 8, 0, 2;
    %ix/getv 3, v0000000002c8c0b0_0;
    %ix/load 4, 0, 0; Constant delay
    %assign/vec4/a/d v0000000002c8bf70, 0, 4;
T_11.0 ;
    %jmp T_11;
    .thread T_11;
    .scope S_0000000002891540;
T_12 ;
    %wait E_0000000002c81030;
    %load/vec4 v0000000002c8b930_0;
    %flag_set/vec4 8;
    %jmp/0xz  T_12.0, 8;
    %load/vec4 v0000000002c8c0b0_0;
    %pad/u 33;
    %addi 3, 0, 33;
    %ix/vec4 4;
    %load/vec4a v0000000002c8bf70, 4;
    %load/vec4 v0000000002c8c0b0_0;
    %pad/u 33;
    %addi 2, 0, 33;
    %ix/vec4 4;
    %load/vec4a v0000000002c8bf70, 4;
    %concat/vec4; draw_concat_vec4
    %load/vec4 v0000000002c8c0b0_0;
    %pad/u 33;
    %addi 1, 0, 33;
    %ix/vec4 4;
    %load/vec4a v0000000002c8bf70, 4;
    %concat/vec4; draw_concat_vec4
    %ix/getv 4, v0000000002c8c0b0_0;
    %load/vec4a v0000000002c8bf70, 4;
    %concat/vec4; draw_concat_vec4
    %store/vec4 v0000000002c8c790_0, 0, 32;
T_12.0 ;
    %jmp T_12;
    .thread T_12, $push;
    .scope S_0000000002c6e390;
T_13 ;
    %wait E_0000000002c806b0;
    %load/vec4 v0000000002ce4d60_0;
    %inv;
    %flag_set/vec4 8;
    %jmp/0xz  T_13.0, 8;
    %pushi/vec4 0, 0, 71;
    %assign/vec4 v0000000002ce7100_0, 0;
    %jmp T_13.1;
T_13.0 ;
    %load/vec4 v0000000002ce58a0_0;
    %assign/vec4 v0000000002ce7100_0, 0;
T_13.1 ;
    %jmp T_13;
    .thread T_13;
    .scope S_00000000028a6d30;
T_14 ;
    %pushi/vec4 0, 0, 1;
    %store/vec4 v0000000002cfc250_0, 0, 1;
    %pushi/vec4 0, 0, 1;
    %store/vec4 v0000000002cfcb10_0, 0, 1;
    %vpi_func 2 16 "$fopen" 32, "ICACHE.txt" {0 0 0};
    %store/vec4 v0000000002cfcf70_0, 0, 32;
    %vpi_func 2 17 "$fopen" 32, "DCACHE.txt" {0 0 0};
    %store/vec4 v0000000002cfb030_0, 0, 32;
    %delay 20000, 0;
    %pushi/vec4 1, 0, 1;
    %store/vec4 v0000000002cfcb10_0, 0, 1;
    %delay 20000000, 0;
    %vpi_call 2 23 "$fclose", v0000000002cfcf70_0 {0 0 0};
    %vpi_call 2 24 "$fclose", v0000000002cfb030_0 {0 0 0};
    %vpi_call 2 25 "$stop" {0 0 0};
    %end;
    .thread T_14;
    .scope S_00000000028a6d30;
T_15 ;
    %delay 10000, 0;
    %load/vec4 v0000000002cfc250_0;
    %inv;
    %store/vec4 v0000000002cfc250_0, 0, 1;
    %jmp T_15;
    .thread T_15;
    .scope S_00000000028a6d30;
T_16 ;
    %wait E_0000000002c806b0;
    %load/vec4 v0000000002ce56c0_0;
    %cmpi/ne 0, 0, 32;
    %jmp/0xz  T_16.0, 4;
    %vpi_call 2 34 "$fdisplay", v0000000002cfcf70_0, "%h\012", v0000000002ce7060_0 {0 0 0};
T_16.0 ;
    %load/vec4 v0000000002c8b6b0_0;
    %flag_set/vec4 8;
    %load/vec4 v0000000002c8b930_0;
    %flag_set/vec4 9;
    %flag_or 9, 8;
    %jmp/0xz  T_16.2, 9;
    %vpi_call 2 38 "$fdisplay", v0000000002cfb030_0, "%h\012", v0000000002c8c0b0_0 {0 0 0};
T_16.2 ;
    %jmp T_16;
    .thread T_16;
# The file index is used to find the file name in the following table.
:file_names 19;
    "N/A";
    "<interactive>";
    "TestBench.v";
    "CPU.v";
    "ALU.v";
    "ALU_Ctrl.v";
    "Adder.v";
    "Decoder.v";
    "Data_Memory.v";
    "MUX_2to1.v";
    "Pipe_Reg.v";
    "MUX_4to1.v";
    "ForwardUnit.v";
    "HazardDetect.v";
    "Instruction_Memory.v";
    "ProgramCounter.v";
    "Reg_File.v";
    "Sign_Extend.v";
    "Shift_Left_Two_32.v";
